This file contains any messages produced by compilers while
running configure, to aid debugging if configure makes a mistake.

It was created by spatialite-tools configure 4.1.1, which was
generated by GNU Autoconf 2.69.  Invocation command line was

  $ ./configure 

## --------- ##
## Platform. ##
## --------- ##

hostname = motorcycle
uname -m = x86_64
uname -r = 3.10.10-200.fc19.x86_64
uname -s = Linux
uname -v = #1 SMP Thu Aug 29 19:05:45 UTC 2013

/usr/bin/uname -p = x86_64
/bin/uname -X     = unknown

/bin/arch              = x86_64
/usr/bin/arch -k       = unknown
/usr/convex/getsysinfo = unknown
/usr/bin/hostinfo      = unknown
/bin/machine           = unknown
/usr/bin/oslevel       = unknown
/bin/universe          = unknown

PATH: /usr/lib64/qt-3.3/bin
PATH: /usr/local/bin
PATH: /usr/bin
PATH: /bin
PATH: /usr/local/sbin
PATH: /usr/sbin
PATH: /home/michael/.local/bin
PATH: /home/michael/bin
PATH: /home/michael/.local/bin
PATH: /home/michael/bin
PATH: /usr/lib/node_modules
PATH: /home/michael/.local/bin
PATH: /home/michael/bin


## ----------- ##
## Core tests. ##
## ----------- ##

configure:2543: checking for a BSD-compatible install
configure:2611: result: /usr/bin/install -c
configure:2622: checking whether build environment is sane
configure:2677: result: yes
configure:2828: checking for a thread-safe mkdir -p
configure:2867: result: /usr/bin/mkdir -p
configure:2874: checking for gawk
configure:2890: found /usr/bin/gawk
configure:2901: result: gawk
configure:2912: checking whether make sets $(MAKE)
configure:2934: result: yes
configure:3021: checking whether to enable maintainer-specific portions of Makefiles
configure:3030: result: no
configure:3081: checking for style of include used by make
configure:3109: result: GNU
configure:3180: checking for gcc
configure:3196: found /usr/bin/gcc
configure:3207: result: gcc
configure:3436: checking for C compiler version
configure:3445: gcc --version >&5
gcc (GCC) 4.8.1 20130603 (Red Hat 4.8.1-1)
Copyright (C) 2013 Free Software Foundation, Inc.
This is free software; see the source for copying conditions.  There is NO
warranty; not even for MERCHANTABILITY or FITNESS FOR A PARTICULAR PURPOSE.

configure:3456: $? = 0
configure:3445: gcc -v >&5
Using built-in specs.
COLLECT_GCC=gcc
COLLECT_LTO_WRAPPER=/usr/libexec/gcc/x86_64-redhat-linux/4.8.1/lto-wrapper
Target: x86_64-redhat-linux
Configured with: ../configure --prefix=/usr --mandir=/usr/share/man --infodir=/usr/share/info --with-bugurl=http://bugzilla.redhat.com/bugzilla --enable-bootstrap --enable-shared --enable-threads=posix --enable-checking=release --with-system-zlib --enable-__cxa_atexit --disable-libunwind-exceptions --enable-gnu-unique-object --enable-linker-build-id --with-linker-hash-style=gnu --enable-languages=c,c++,objc,obj-c++,java,fortran,ada,go,lto --enable-plugin --enable-initfini-array --enable-java-awt=gtk --disable-dssi --with-java-home=/usr/lib/jvm/java-1.5.0-gcj-1.5.0.0/jre --enable-libgcj-multifile --enable-java-maintainer-mode --with-ecj-jar=/usr/share/java/eclipse-ecj.jar --disable-libjava-multilib --with-isl=/builddir/build/BUILD/gcc-4.8.1-20130603/obj-x86_64-redhat-linux/isl-install --with-cloog=/builddir/build/BUILD/gcc-4.8.1-20130603/obj-x86_64-redhat-linux/cloog-install --with-tune=generic --with-arch_32=i686 --build=x86_64-redhat-linux
Thread model: posix
gcc version 4.8.1 20130603 (Red Hat 4.8.1-1) (GCC) 
configure:3456: $? = 0
configure:3445: gcc -V >&5
gcc: error: unrecognized command line option '-V'
gcc: fatal error: no input files
compilation terminated.
configure:3456: $? = 4
configure:3445: gcc -qversion >&5
gcc: error: unrecognized command line option '-qversion'
gcc: fatal error: no input files
compilation terminated.
configure:3456: $? = 4
configure:3476: checking whether the C compiler works
configure:3498: gcc    conftest.c  >&5
configure:3502: $? = 0
configure:3550: result: yes
configure:3553: checking for C compiler default output file name
configure:3555: result: a.out
configure:3561: checking for suffix of executables
configure:3568: gcc -o conftest    conftest.c  >&5
configure:3572: $? = 0
configure:3594: result: 
configure:3616: checking whether we are cross compiling
configure:3624: gcc -o conftest    conftest.c  >&5
configure:3628: $? = 0
configure:3635: ./conftest
configure:3639: $? = 0
configure:3654: result: no
configure:3659: checking for suffix of object files
configure:3681: gcc -c   conftest.c >&5
configure:3685: $? = 0
configure:3706: result: o
configure:3710: checking whether we are using the GNU C compiler
configure:3729: gcc -c   conftest.c >&5
configure:3729: $? = 0
configure:3738: result: yes
configure:3747: checking whether gcc accepts -g
configure:3767: gcc -c -g  conftest.c >&5
configure:3767: $? = 0
configure:3808: result: yes
configure:3825: checking for gcc option to accept ISO C89
configure:3888: gcc  -c -g -O2  conftest.c >&5
configure:3888: $? = 0
configure:3901: result: none needed
configure:3923: checking dependency style of gcc
configure:4034: result: gcc3
configure:4055: checking how to run the C preprocessor
configure:4086: gcc -E  conftest.c
configure:4086: $? = 0
configure:4100: gcc -E  conftest.c
conftest.c:11:28: fatal error: ac_nonexistent.h: No such file or directory
 #include <ac_nonexistent.h>
                            ^
compilation terminated.
configure:4100: $? = 1
configure: failed program was:
| /* confdefs.h */
| #define PACKAGE_NAME "spatialite-tools"
| #define PACKAGE_TARNAME "spatialite-tools"
| #define PACKAGE_VERSION "4.1.1"
| #define PACKAGE_STRING "spatialite-tools 4.1.1"
| #define PACKAGE_BUGREPORT "a.furieri@lqt.it"
| #define PACKAGE_URL ""
| #define PACKAGE "spatialite-tools"
| #define VERSION "4.1.1"
| /* end confdefs.h.  */
| #include <ac_nonexistent.h>
configure:4125: result: gcc -E
configure:4145: gcc -E  conftest.c
configure:4145: $? = 0
configure:4159: gcc -E  conftest.c
conftest.c:11:28: fatal error: ac_nonexistent.h: No such file or directory
 #include <ac_nonexistent.h>
                            ^
compilation terminated.
configure:4159: $? = 1
configure: failed program was:
| /* confdefs.h */
| #define PACKAGE_NAME "spatialite-tools"
| #define PACKAGE_TARNAME "spatialite-tools"
| #define PACKAGE_VERSION "4.1.1"
| #define PACKAGE_STRING "spatialite-tools 4.1.1"
| #define PACKAGE_BUGREPORT "a.furieri@lqt.it"
| #define PACKAGE_URL ""
| #define PACKAGE "spatialite-tools"
| #define VERSION "4.1.1"
| /* end confdefs.h.  */
| #include <ac_nonexistent.h>
configure:4188: checking for grep that handles long lines and -e
configure:4246: result: /usr/bin/grep
configure:4251: checking for egrep
configure:4313: result: /usr/bin/grep -E
configure:4318: checking for ANSI C header files
configure:4338: gcc -c -g -O2  conftest.c >&5
configure:4338: $? = 0
configure:4411: gcc -o conftest -g -O2   conftest.c  >&5
configure:4411: $? = 0
configure:4411: ./conftest
configure:4411: $? = 0
configure:4422: result: yes
configure:4435: checking for sys/types.h
configure:4435: gcc -c -g -O2  conftest.c >&5
configure:4435: $? = 0
configure:4435: result: yes
configure:4435: checking for sys/stat.h
configure:4435: gcc -c -g -O2  conftest.c >&5
configure:4435: $? = 0
configure:4435: result: yes
configure:4435: checking for stdlib.h
configure:4435: gcc -c -g -O2  conftest.c >&5
configure:4435: $? = 0
configure:4435: result: yes
configure:4435: checking for string.h
configure:4435: gcc -c -g -O2  conftest.c >&5
configure:4435: $? = 0
configure:4435: result: yes
configure:4435: checking for memory.h
configure:4435: gcc -c -g -O2  conftest.c >&5
configure:4435: $? = 0
configure:4435: result: yes
configure:4435: checking for strings.h
configure:4435: gcc -c -g -O2  conftest.c >&5
configure:4435: $? = 0
configure:4435: result: yes
configure:4435: checking for inttypes.h
configure:4435: gcc -c -g -O2  conftest.c >&5
configure:4435: $? = 0
configure:4435: result: yes
configure:4435: checking for stdint.h
configure:4435: gcc -c -g -O2  conftest.c >&5
configure:4435: $? = 0
configure:4435: result: yes
configure:4435: checking for unistd.h
configure:4435: gcc -c -g -O2  conftest.c >&5
configure:4435: $? = 0
configure:4435: result: yes
configure:4449: checking for stdlib.h
configure:4449: result: yes
configure:4463: checking stdio.h usability
configure:4463: gcc -c -g -O2  conftest.c >&5
configure:4463: $? = 0
configure:4463: result: yes
configure:4463: checking stdio.h presence
configure:4463: gcc -E  conftest.c
configure:4463: $? = 0
configure:4463: result: yes
configure:4463: checking for stdio.h
configure:4463: result: yes
configure:4477: checking for string.h
configure:4477: result: yes
configure:4491: checking for memory.h
configure:4491: result: yes
configure:4505: checking math.h usability
configure:4505: gcc -c -g -O2  conftest.c >&5
configure:4505: $? = 0
configure:4505: result: yes
configure:4505: checking math.h presence
configure:4505: gcc -E  conftest.c
configure:4505: $? = 0
configure:4505: result: yes
configure:4505: checking for math.h
configure:4505: result: yes
configure:4519: checking float.h usability
configure:4519: gcc -c -g -O2  conftest.c >&5
configure:4519: $? = 0
configure:4519: result: yes
configure:4519: checking float.h presence
configure:4519: gcc -E  conftest.c
configure:4519: $? = 0
configure:4519: result: yes
configure:4519: checking for float.h
configure:4519: result: yes
configure:4533: checking fcntl.h usability
configure:4533: gcc -c -g -O2  conftest.c >&5
configure:4533: $? = 0
configure:4533: result: yes
configure:4533: checking fcntl.h presence
configure:4533: gcc -E  conftest.c
configure:4533: $? = 0
configure:4533: result: yes
configure:4533: checking for fcntl.h
configure:4533: result: yes
configure:4547: checking for inttypes.h
configure:4547: result: yes
configure:4561: checking stddef.h usability
configure:4561: gcc -c -g -O2  conftest.c >&5
configure:4561: $? = 0
configure:4561: result: yes
configure:4561: checking stddef.h presence
configure:4561: gcc -E  conftest.c
configure:4561: $? = 0
configure:4561: result: yes
configure:4561: checking for stddef.h
configure:4561: result: yes
configure:4575: checking for stdint.h
configure:4575: result: yes
configure:4589: checking sys/time.h usability
configure:4589: gcc -c -g -O2  conftest.c >&5
configure:4589: $? = 0
configure:4589: result: yes
configure:4589: checking sys/time.h presence
configure:4589: gcc -E  conftest.c
configure:4589: $? = 0
configure:4589: result: yes
configure:4589: checking for sys/time.h
configure:4589: result: yes
configure:4603: checking for unistd.h
configure:4603: result: yes
configure:4675: checking for g++
configure:4691: found /usr/bin/g++
configure:4702: result: g++
configure:4729: checking for C++ compiler version
configure:4738: g++ --version >&5
g++ (GCC) 4.8.1 20130603 (Red Hat 4.8.1-1)
Copyright (C) 2013 Free Software Foundation, Inc.
This is free software; see the source for copying conditions.  There is NO
warranty; not even for MERCHANTABILITY or FITNESS FOR A PARTICULAR PURPOSE.

configure:4749: $? = 0
configure:4738: g++ -v >&5
Using built-in specs.
COLLECT_GCC=g++
COLLECT_LTO_WRAPPER=/usr/libexec/gcc/x86_64-redhat-linux/4.8.1/lto-wrapper
Target: x86_64-redhat-linux
Configured with: ../configure --prefix=/usr --mandir=/usr/share/man --infodir=/usr/share/info --with-bugurl=http://bugzilla.redhat.com/bugzilla --enable-bootstrap --enable-shared --enable-threads=posix --enable-checking=release --with-system-zlib --enable-__cxa_atexit --disable-libunwind-exceptions --enable-gnu-unique-object --enable-linker-build-id --with-linker-hash-style=gnu --enable-languages=c,c++,objc,obj-c++,java,fortran,ada,go,lto --enable-plugin --enable-initfini-array --enable-java-awt=gtk --disable-dssi --with-java-home=/usr/lib/jvm/java-1.5.0-gcj-1.5.0.0/jre --enable-libgcj-multifile --enable-java-maintainer-mode --with-ecj-jar=/usr/share/java/eclipse-ecj.jar --disable-libjava-multilib --with-isl=/builddir/build/BUILD/gcc-4.8.1-20130603/obj-x86_64-redhat-linux/isl-install --with-cloog=/builddir/build/BUILD/gcc-4.8.1-20130603/obj-x86_64-redhat-linux/cloog-install --with-tune=generic --with-arch_32=i686 --build=x86_64-redhat-linux
Thread model: posix
gcc version 4.8.1 20130603 (Red Hat 4.8.1-1) (GCC) 
configure:4749: $? = 0
configure:4738: g++ -V >&5
g++: error: unrecognized command line option '-V'
g++: fatal error: no input files
compilation terminated.
configure:4749: $? = 4
configure:4738: g++ -qversion >&5
g++: error: unrecognized command line option '-qversion'
g++: fatal error: no input files
compilation terminated.
configure:4749: $? = 4
configure:4753: checking whether we are using the GNU C++ compiler
configure:4772: g++ -c   conftest.cpp >&5
configure:4772: $? = 0
configure:4781: result: yes
configure:4790: checking whether g++ accepts -g
configure:4810: g++ -c -g  conftest.cpp >&5
configure:4810: $? = 0
configure:4851: result: yes
configure:4876: checking dependency style of g++
configure:4987: result: gcc3
configure:5050: checking for gcc
configure:5077: result: gcc
configure:5306: checking for C compiler version
configure:5315: gcc --version >&5
gcc (GCC) 4.8.1 20130603 (Red Hat 4.8.1-1)
Copyright (C) 2013 Free Software Foundation, Inc.
This is free software; see the source for copying conditions.  There is NO
warranty; not even for MERCHANTABILITY or FITNESS FOR A PARTICULAR PURPOSE.

configure:5326: $? = 0
configure:5315: gcc -v >&5
Using built-in specs.
COLLECT_GCC=gcc
COLLECT_LTO_WRAPPER=/usr/libexec/gcc/x86_64-redhat-linux/4.8.1/lto-wrapper
Target: x86_64-redhat-linux
Configured with: ../configure --prefix=/usr --mandir=/usr/share/man --infodir=/usr/share/info --with-bugurl=http://bugzilla.redhat.com/bugzilla --enable-bootstrap --enable-shared --enable-threads=posix --enable-checking=release --with-system-zlib --enable-__cxa_atexit --disable-libunwind-exceptions --enable-gnu-unique-object --enable-linker-build-id --with-linker-hash-style=gnu --enable-languages=c,c++,objc,obj-c++,java,fortran,ada,go,lto --enable-plugin --enable-initfini-array --enable-java-awt=gtk --disable-dssi --with-java-home=/usr/lib/jvm/java-1.5.0-gcj-1.5.0.0/jre --enable-libgcj-multifile --enable-java-maintainer-mode --with-ecj-jar=/usr/share/java/eclipse-ecj.jar --disable-libjava-multilib --with-isl=/builddir/build/BUILD/gcc-4.8.1-20130603/obj-x86_64-redhat-linux/isl-install --with-cloog=/builddir/build/BUILD/gcc-4.8.1-20130603/obj-x86_64-redhat-linux/cloog-install --with-tune=generic --with-arch_32=i686 --build=x86_64-redhat-linux
Thread model: posix
gcc version 4.8.1 20130603 (Red Hat 4.8.1-1) (GCC) 
configure:5326: $? = 0
configure:5315: gcc -V >&5
gcc: error: unrecognized command line option '-V'
gcc: fatal error: no input files
compilation terminated.
configure:5326: $? = 4
configure:5315: gcc -qversion >&5
gcc: error: unrecognized command line option '-qversion'
gcc: fatal error: no input files
compilation terminated.
configure:5326: $? = 4
configure:5330: checking whether we are using the GNU C compiler
configure:5358: result: yes
configure:5367: checking whether gcc accepts -g
configure:5428: result: yes
configure:5445: checking for gcc option to accept ISO C89
configure:5521: result: none needed
configure:5543: checking dependency style of gcc
configure:5654: result: gcc3
configure:5674: checking how to run the C preprocessor
configure:5744: result: gcc -E
configure:5764: gcc -E  conftest.c
configure:5764: $? = 0
configure:5778: gcc -E  conftest.c
conftest.c:33:28: fatal error: ac_nonexistent.h: No such file or directory
 #include <ac_nonexistent.h>
                            ^
compilation terminated.
configure:5778: $? = 1
configure: failed program was:
| /* confdefs.h */
| #define PACKAGE_NAME "spatialite-tools"
| #define PACKAGE_TARNAME "spatialite-tools"
| #define PACKAGE_VERSION "4.1.1"
| #define PACKAGE_STRING "spatialite-tools 4.1.1"
| #define PACKAGE_BUGREPORT "a.furieri@lqt.it"
| #define PACKAGE_URL ""
| #define PACKAGE "spatialite-tools"
| #define VERSION "4.1.1"
| #define STDC_HEADERS 1
| #define HAVE_SYS_TYPES_H 1
| #define HAVE_SYS_STAT_H 1
| #define HAVE_STDLIB_H 1
| #define HAVE_STRING_H 1
| #define HAVE_MEMORY_H 1
| #define HAVE_STRINGS_H 1
| #define HAVE_INTTYPES_H 1
| #define HAVE_STDINT_H 1
| #define HAVE_UNISTD_H 1
| #define HAVE_STDLIB_H 1
| #define HAVE_STDIO_H 1
| #define HAVE_STRING_H 1
| #define HAVE_MEMORY_H 1
| #define HAVE_MATH_H 1
| #define HAVE_FLOAT_H 1
| #define HAVE_FCNTL_H 1
| #define HAVE_INTTYPES_H 1
| #define HAVE_STDDEF_H 1
| #define HAVE_STDINT_H 1
| #define HAVE_SYS_TIME_H 1
| #define HAVE_UNISTD_H 1
| /* end confdefs.h.  */
| #include <ac_nonexistent.h>
configure:5807: checking whether ln -s works
configure:5811: result: yes
configure:5818: checking whether make sets $(MAKE)
configure:5840: result: yes
configure:5853: checking build system type
configure:5867: result: x86_64-unknown-linux-gnu
configure:5887: checking host system type
configure:5900: result: x86_64-unknown-linux-gnu
configure:6269: checking how to print strings
configure:6296: result: printf
configure:6317: checking for a sed that does not truncate output
configure:6381: result: /usr/bin/sed
configure:6399: checking for fgrep
configure:6461: result: /usr/bin/grep -F
configure:6496: checking for ld used by gcc
configure:6563: result: /usr/bin/ld
configure:6570: checking if the linker (/usr/bin/ld) is GNU ld
configure:6585: result: yes
configure:6597: checking for BSD- or MS-compatible name lister (nm)
configure:6646: result: /usr/bin/nm -B
configure:6776: checking the name lister (/usr/bin/nm -B) interface
configure:6783: gcc -c -g -O2  conftest.c >&5
configure:6786: /usr/bin/nm -B "conftest.o"
configure:6789: output
0000000000000000 B some_variable
configure:6796: result: BSD nm
configure:6800: checking the maximum length of command line arguments
configure:6925: result: 1572864
configure:6942: checking whether the shell understands some XSI constructs
configure:6952: result: yes
configure:6956: checking whether the shell understands "+="
configure:6962: result: yes
configure:6997: checking how to convert x86_64-unknown-linux-gnu file names to x86_64-unknown-linux-gnu format
configure:7037: result: func_convert_file_noop
configure:7044: checking how to convert x86_64-unknown-linux-gnu file names to toolchain format
configure:7064: result: func_convert_file_noop
configure:7071: checking for /usr/bin/ld option to reload object files
configure:7078: result: -r
configure:7152: checking for objdump
configure:7179: result: objdump
configure:7208: checking how to recognize dependent libraries
configure:7410: result: pass_all
configure:7495: checking for dlltool
configure:7522: result: dlltool
configure:7552: checking how to associate runtime and link libraries
configure:7579: result: printf %s\n
configure:7639: checking for ar
configure:7655: found /usr/bin/ar
configure:7666: result: ar
configure:7703: checking for archiver @FILE support
configure:7720: gcc -c -g -O2  conftest.c >&5
configure:7720: $? = 0
configure:7723: ar cru libconftest.a @conftest.lst >&5
configure:7726: $? = 0
configure:7731: ar cru libconftest.a @conftest.lst >&5
ar: conftest.o: No such file or directory
configure:7734: $? = 1
configure:7746: result: @
configure:7804: checking for strip
configure:7820: found /usr/bin/strip
configure:7831: result: strip
configure:7903: checking for ranlib
configure:7919: found /usr/bin/ranlib
configure:7930: result: ranlib
configure:8032: checking command to parse /usr/bin/nm -B output from gcc object
configure:8151: gcc -c -g -O2  conftest.c >&5
configure:8154: $? = 0
configure:8158: /usr/bin/nm -B conftest.o \| sed -n -e 's/^.*[ ]\([ABCDGIRSTW][ABCDGIRSTW]*\)[ ][ ]*\([_A-Za-z][_A-Za-z0-9]*\)$/\1 \2 \2/p' | sed '/ __gnu_lto/d' \> conftest.nm
configure:8161: $? = 0
configure:8227: gcc -o conftest -g -O2   conftest.c conftstm.o >&5
configure:8230: $? = 0
configure:8268: result: ok
configure:8305: checking for sysroot
configure:8335: result: no
configure:8412: gcc -c -g -O2  conftest.c >&5
configure:8415: $? = 0
configure:8578: checking for mt
configure:8608: result: no
configure:8628: checking if : is a manifest tool
configure:8634: : '-?'
configure:8642: result: no
configure:9271: checking for dlfcn.h
configure:9271: gcc -c -g -O2  conftest.c >&5
configure:9271: $? = 0
configure:9271: result: yes
configure:9467: checking for objdir
configure:9482: result: .libs
configure:9753: checking if gcc supports -fno-rtti -fno-exceptions
configure:9771: gcc -c -g -O2  -fno-rtti -fno-exceptions conftest.c >&5
cc1: warning: command line option '-fno-rtti' is valid for C++/ObjC++ but not for C [enabled by default]
configure:9775: $? = 0
configure:9788: result: no
configure:10098: checking for gcc option to produce PIC
configure:10105: result: -fPIC -DPIC
configure:10113: checking if gcc PIC flag -fPIC -DPIC works
configure:10131: gcc -c -g -O2  -fPIC -DPIC -DPIC conftest.c >&5
configure:10135: $? = 0
configure:10148: result: yes
configure:10177: checking if gcc static flag -static works
configure:10205: result: no
configure:10220: checking if gcc supports -c -o file.o
configure:10241: gcc -c -g -O2  -o out/conftest2.o conftest.c >&5
configure:10245: $? = 0
configure:10267: result: yes
configure:10275: checking if gcc supports -c -o file.o
configure:10322: result: yes
configure:10355: checking whether the gcc linker (/usr/bin/ld -m elf_x86_64) supports shared libraries
configure:11513: result: yes
configure:11550: checking whether -lc should be explicitly linked in
configure:11558: gcc -c -g -O2  conftest.c >&5
configure:11561: $? = 0
configure:11576: gcc -shared  -fPIC -DPIC conftest.o  -v -Wl,-soname -Wl,conftest -o conftest 2\>\&1 \| /usr/bin/grep  -lc  \>/dev/null 2\>\&1
configure:11579: $? = 0
configure:11593: result: no
configure:11758: checking dynamic linker characteristics
configure:12272: gcc -o conftest -g -O2   -Wl,-rpath -Wl,/foo conftest.c  >&5
configure:12272: $? = 0
configure:12498: result: GNU/Linux ld.so
configure:12605: checking how to hardcode library paths into programs
configure:12630: result: immediate
configure:13170: checking whether stripping libraries is possible
configure:13175: result: yes
configure:13210: checking if libtool supports shared libraries
configure:13212: result: yes
configure:13215: checking whether to build shared libraries
configure:13236: result: yes
configure:13239: checking whether to build static libraries
configure:13243: result: yes
configure:13266: checking how to run the C++ preprocessor
configure:13293: g++ -E  conftest.cpp
configure:13293: $? = 0
configure:13307: g++ -E  conftest.cpp
conftest.cpp:35:28: fatal error: ac_nonexistent.h: No such file or directory
 #include <ac_nonexistent.h>
                            ^
compilation terminated.
configure:13307: $? = 1
configure: failed program was:
| /* confdefs.h */
| #define PACKAGE_NAME "spatialite-tools"
| #define PACKAGE_TARNAME "spatialite-tools"
| #define PACKAGE_VERSION "4.1.1"
| #define PACKAGE_STRING "spatialite-tools 4.1.1"
| #define PACKAGE_BUGREPORT "a.furieri@lqt.it"
| #define PACKAGE_URL ""
| #define PACKAGE "spatialite-tools"
| #define VERSION "4.1.1"
| #define STDC_HEADERS 1
| #define HAVE_SYS_TYPES_H 1
| #define HAVE_SYS_STAT_H 1
| #define HAVE_STDLIB_H 1
| #define HAVE_STRING_H 1
| #define HAVE_MEMORY_H 1
| #define HAVE_STRINGS_H 1
| #define HAVE_INTTYPES_H 1
| #define HAVE_STDINT_H 1
| #define HAVE_UNISTD_H 1
| #define HAVE_STDLIB_H 1
| #define HAVE_STDIO_H 1
| #define HAVE_STRING_H 1
| #define HAVE_MEMORY_H 1
| #define HAVE_MATH_H 1
| #define HAVE_FLOAT_H 1
| #define HAVE_FCNTL_H 1
| #define HAVE_INTTYPES_H 1
| #define HAVE_STDDEF_H 1
| #define HAVE_STDINT_H 1
| #define HAVE_SYS_TIME_H 1
| #define HAVE_UNISTD_H 1
| #define HAVE_DLFCN_H 1
| #define LT_OBJDIR ".libs/"
| /* end confdefs.h.  */
| #include <ac_nonexistent.h>
configure:13332: result: g++ -E
configure:13352: g++ -E  conftest.cpp
configure:13352: $? = 0
configure:13366: g++ -E  conftest.cpp
conftest.cpp:35:28: fatal error: ac_nonexistent.h: No such file or directory
 #include <ac_nonexistent.h>
                            ^
compilation terminated.
configure:13366: $? = 1
configure: failed program was:
| /* confdefs.h */
| #define PACKAGE_NAME "spatialite-tools"
| #define PACKAGE_TARNAME "spatialite-tools"
| #define PACKAGE_VERSION "4.1.1"
| #define PACKAGE_STRING "spatialite-tools 4.1.1"
| #define PACKAGE_BUGREPORT "a.furieri@lqt.it"
| #define PACKAGE_URL ""
| #define PACKAGE "spatialite-tools"
| #define VERSION "4.1.1"
| #define STDC_HEADERS 1
| #define HAVE_SYS_TYPES_H 1
| #define HAVE_SYS_STAT_H 1
| #define HAVE_STDLIB_H 1
| #define HAVE_STRING_H 1
| #define HAVE_MEMORY_H 1
| #define HAVE_STRINGS_H 1
| #define HAVE_INTTYPES_H 1
| #define HAVE_STDINT_H 1
| #define HAVE_UNISTD_H 1
| #define HAVE_STDLIB_H 1
| #define HAVE_STDIO_H 1
| #define HAVE_STRING_H 1
| #define HAVE_MEMORY_H 1
| #define HAVE_MATH_H 1
| #define HAVE_FLOAT_H 1
| #define HAVE_FCNTL_H 1
| #define HAVE_INTTYPES_H 1
| #define HAVE_STDDEF_H 1
| #define HAVE_STDINT_H 1
| #define HAVE_SYS_TIME_H 1
| #define HAVE_UNISTD_H 1
| #define HAVE_DLFCN_H 1
| #define LT_OBJDIR ".libs/"
| /* end confdefs.h.  */
| #include <ac_nonexistent.h>
configure:13536: checking for ld used by g++
configure:13603: result: /usr/bin/ld -m elf_x86_64
configure:13610: checking if the linker (/usr/bin/ld -m elf_x86_64) is GNU ld
configure:13625: result: yes
configure:13680: checking whether the g++ linker (/usr/bin/ld -m elf_x86_64) supports shared libraries
configure:14684: result: yes
configure:14719: g++ -c -g -O2  conftest.cpp >&5
configure:14722: $? = 0
configure:15242: checking for g++ option to produce PIC
configure:15249: result: -fPIC -DPIC
configure:15257: checking if g++ PIC flag -fPIC -DPIC works
configure:15275: g++ -c -g -O2  -fPIC -DPIC -DPIC conftest.cpp >&5
configure:15279: $? = 0
configure:15292: result: yes
configure:15315: checking if g++ static flag -static works
configure:15343: result: no
configure:15355: checking if g++ supports -c -o file.o
configure:15376: g++ -c -g -O2  -o out/conftest2.o conftest.cpp >&5
configure:15380: $? = 0
configure:15402: result: yes
configure:15407: checking if g++ supports -c -o file.o
configure:15454: result: yes
configure:15484: checking whether the g++ linker (/usr/bin/ld -m elf_x86_64) supports shared libraries
configure:15518: result: yes
configure:15661: checking dynamic linker characteristics
configure:16335: result: GNU/Linux ld.so
configure:16388: checking how to hardcode library paths into programs
configure:16413: result: immediate
configure:16474: checking for an ANSI C-conforming const
configure:16540: gcc -c -g -O2  conftest.c >&5
configure:16540: $? = 0
configure:16547: result: yes
configure:16555: checking for off_t
configure:16555: gcc -c -g -O2  conftest.c >&5
configure:16555: $? = 0
configure:16555: gcc -c -g -O2  conftest.c >&5
conftest.c: In function 'main':
conftest.c:71:20: error: expected expression before ')' token
 if (sizeof ((off_t)))
                    ^
configure:16555: $? = 1
configure: failed program was:
| /* confdefs.h */
| #define PACKAGE_NAME "spatialite-tools"
| #define PACKAGE_TARNAME "spatialite-tools"
| #define PACKAGE_VERSION "4.1.1"
| #define PACKAGE_STRING "spatialite-tools 4.1.1"
| #define PACKAGE_BUGREPORT "a.furieri@lqt.it"
| #define PACKAGE_URL ""
| #define PACKAGE "spatialite-tools"
| #define VERSION "4.1.1"
| #define STDC_HEADERS 1
| #define HAVE_SYS_TYPES_H 1
| #define HAVE_SYS_STAT_H 1
| #define HAVE_STDLIB_H 1
| #define HAVE_STRING_H 1
| #define HAVE_MEMORY_H 1
| #define HAVE_STRINGS_H 1
| #define HAVE_INTTYPES_H 1
| #define HAVE_STDINT_H 1
| #define HAVE_UNISTD_H 1
| #define HAVE_STDLIB_H 1
| #define HAVE_STDIO_H 1
| #define HAVE_STRING_H 1
| #define HAVE_MEMORY_H 1
| #define HAVE_MATH_H 1
| #define HAVE_FLOAT_H 1
| #define HAVE_FCNTL_H 1
| #define HAVE_INTTYPES_H 1
| #define HAVE_STDDEF_H 1
| #define HAVE_STDINT_H 1
| #define HAVE_SYS_TIME_H 1
| #define HAVE_UNISTD_H 1
| #define HAVE_DLFCN_H 1
| #define LT_OBJDIR ".libs/"
| /* end confdefs.h.  */
| #include <stdio.h>
| #ifdef HAVE_SYS_TYPES_H
| # include <sys/types.h>
| #endif
| #ifdef HAVE_SYS_STAT_H
| # include <sys/stat.h>
| #endif
| #ifdef STDC_HEADERS
| # include <stdlib.h>
| # include <stddef.h>
| #else
| # ifdef HAVE_STDLIB_H
| #  include <stdlib.h>
| # endif
| #endif
| #ifdef HAVE_STRING_H
| # if !defined STDC_HEADERS && defined HAVE_MEMORY_H
| #  include <memory.h>
| # endif
| # include <string.h>
| #endif
| #ifdef HAVE_STRINGS_H
| # include <strings.h>
| #endif
| #ifdef HAVE_INTTYPES_H
| # include <inttypes.h>
| #endif
| #ifdef HAVE_STDINT_H
| # include <stdint.h>
| #endif
| #ifdef HAVE_UNISTD_H
| # include <unistd.h>
| #endif
| int
| main ()
| {
| if (sizeof ((off_t)))
| 	    return 0;
|   ;
|   return 0;
| }
configure:16555: result: yes
configure:16566: checking for size_t
configure:16566: gcc -c -g -O2  conftest.c >&5
configure:16566: $? = 0
configure:16566: gcc -c -g -O2  conftest.c >&5
conftest.c: In function 'main':
conftest.c:71:21: error: expected expression before ')' token
 if (sizeof ((size_t)))
                     ^
configure:16566: $? = 1
configure: failed program was:
| /* confdefs.h */
| #define PACKAGE_NAME "spatialite-tools"
| #define PACKAGE_TARNAME "spatialite-tools"
| #define PACKAGE_VERSION "4.1.1"
| #define PACKAGE_STRING "spatialite-tools 4.1.1"
| #define PACKAGE_BUGREPORT "a.furieri@lqt.it"
| #define PACKAGE_URL ""
| #define PACKAGE "spatialite-tools"
| #define VERSION "4.1.1"
| #define STDC_HEADERS 1
| #define HAVE_SYS_TYPES_H 1
| #define HAVE_SYS_STAT_H 1
| #define HAVE_STDLIB_H 1
| #define HAVE_STRING_H 1
| #define HAVE_MEMORY_H 1
| #define HAVE_STRINGS_H 1
| #define HAVE_INTTYPES_H 1
| #define HAVE_STDINT_H 1
| #define HAVE_UNISTD_H 1
| #define HAVE_STDLIB_H 1
| #define HAVE_STDIO_H 1
| #define HAVE_STRING_H 1
| #define HAVE_MEMORY_H 1
| #define HAVE_MATH_H 1
| #define HAVE_FLOAT_H 1
| #define HAVE_FCNTL_H 1
| #define HAVE_INTTYPES_H 1
| #define HAVE_STDDEF_H 1
| #define HAVE_STDINT_H 1
| #define HAVE_SYS_TIME_H 1
| #define HAVE_UNISTD_H 1
| #define HAVE_DLFCN_H 1
| #define LT_OBJDIR ".libs/"
| /* end confdefs.h.  */
| #include <stdio.h>
| #ifdef HAVE_SYS_TYPES_H
| # include <sys/types.h>
| #endif
| #ifdef HAVE_SYS_STAT_H
| # include <sys/stat.h>
| #endif
| #ifdef STDC_HEADERS
| # include <stdlib.h>
| # include <stddef.h>
| #else
| # ifdef HAVE_STDLIB_H
| #  include <stdlib.h>
| # endif
| #endif
| #ifdef HAVE_STRING_H
| # if !defined STDC_HEADERS && defined HAVE_MEMORY_H
| #  include <memory.h>
| # endif
| # include <string.h>
| #endif
| #ifdef HAVE_STRINGS_H
| # include <strings.h>
| #endif
| #ifdef HAVE_INTTYPES_H
| # include <inttypes.h>
| #endif
| #ifdef HAVE_STDINT_H
| # include <stdint.h>
| #endif
| #ifdef HAVE_UNISTD_H
| # include <unistd.h>
| #endif
| int
| main ()
| {
| if (sizeof ((size_t)))
| 	    return 0;
|   ;
|   return 0;
| }
configure:16566: result: yes
configure:16577: checking whether time.h and sys/time.h may both be included
configure:16597: gcc -c -g -O2  conftest.c >&5
configure:16597: $? = 0
configure:16604: result: yes
configure:16612: checking whether struct tm is in sys/time.h or time.h
configure:16632: gcc -c -g -O2  conftest.c >&5
configure:16632: $? = 0
configure:16639: result: time.h
configure:16647: checking for working volatile
configure:16666: gcc -c -g -O2  conftest.c >&5
configure:16666: $? = 0
configure:16673: result: yes
configure:16683: checking whether lstat correctly handles trailing slash
configure:16709: gcc -o conftest -g -O2   conftest.c  >&5
configure:16709: $? = 0
configure:16709: ./conftest
configure:16709: $? = 0
configure:16726: result: yes
configure:16745: checking whether lstat accepts an empty string
configure:16765: gcc -o conftest -g -O2   conftest.c  >&5
configure:16765: $? = 0
configure:16765: ./conftest
configure:16765: $? = 0
configure:16775: result: no
configure:16791: checking whether lstat correctly handles trailing slash
configure:16834: result: yes
configure:16853: checking for working memcmp
configure:16896: gcc -o conftest -g -O2   conftest.c  >&5
configure:16896: $? = 0
configure:16896: ./conftest
configure:16896: $? = 0
configure:16906: result: yes
configure:16915: checking whether stat accepts an empty string
configure:16935: gcc -o conftest -g -O2   conftest.c  >&5
configure:16935: $? = 0
configure:16935: ./conftest
configure:16935: $? = 0
configure:16945: result: no
configure:16963: checking for strftime
configure:16963: gcc -o conftest -g -O2   conftest.c  >&5
conftest.c:61:6: warning: conflicting types for built-in function 'strftime' [enabled by default]
 char strftime ();
      ^
configure:16963: $? = 0
configure:16963: result: yes
configure:17019: checking for memset
configure:17019: gcc -o conftest -g -O2   conftest.c  >&5
conftest.c:62:6: warning: conflicting types for built-in function 'memset' [enabled by default]
 char memset ();
      ^
configure:17019: $? = 0
configure:17019: result: yes
configure:17019: checking for sqrt
configure:17019: gcc -o conftest -g -O2   conftest.c  >&5
conftest.c:63:6: warning: conflicting types for built-in function 'sqrt' [enabled by default]
 char sqrt ();
      ^
/tmp/ccO8H0VE.o: In function `main':
/home/michael/www/ilc-app/lib/spatialite-tools-4.1.1/conftest.c:74: undefined reference to `sqrt'
collect2: error: ld returned 1 exit status
configure:17019: $? = 1
configure: failed program was:
| /* confdefs.h */
| #define PACKAGE_NAME "spatialite-tools"
| #define PACKAGE_TARNAME "spatialite-tools"
| #define PACKAGE_VERSION "4.1.1"
| #define PACKAGE_STRING "spatialite-tools 4.1.1"
| #define PACKAGE_BUGREPORT "a.furieri@lqt.it"
| #define PACKAGE_URL ""
| #define PACKAGE "spatialite-tools"
| #define VERSION "4.1.1"
| #define STDC_HEADERS 1
| #define HAVE_SYS_TYPES_H 1
| #define HAVE_SYS_STAT_H 1
| #define HAVE_STDLIB_H 1
| #define HAVE_STRING_H 1
| #define HAVE_MEMORY_H 1
| #define HAVE_STRINGS_H 1
| #define HAVE_INTTYPES_H 1
| #define HAVE_STDINT_H 1
| #define HAVE_UNISTD_H 1
| #define HAVE_STDLIB_H 1
| #define HAVE_STDIO_H 1
| #define HAVE_STRING_H 1
| #define HAVE_MEMORY_H 1
| #define HAVE_MATH_H 1
| #define HAVE_FLOAT_H 1
| #define HAVE_FCNTL_H 1
| #define HAVE_INTTYPES_H 1
| #define HAVE_STDDEF_H 1
| #define HAVE_STDINT_H 1
| #define HAVE_SYS_TIME_H 1
| #define HAVE_UNISTD_H 1
| #define HAVE_DLFCN_H 1
| #define LT_OBJDIR ".libs/"
| #define TIME_WITH_SYS_TIME 1
| #define LSTAT_FOLLOWS_SLASHED_SYMLINK 1
| #define LSTAT_FOLLOWS_SLASHED_SYMLINK 1
| #define HAVE_STRFTIME 1
| #define HAVE_MEMSET 1
| /* end confdefs.h.  */
| /* Define sqrt to an innocuous variant, in case <limits.h> declares sqrt.
|    For example, HP-UX 11i <limits.h> declares gettimeofday.  */
| #define sqrt innocuous_sqrt
| 
| /* System header to define __stub macros and hopefully few prototypes,
|     which can conflict with char sqrt (); below.
|     Prefer <limits.h> to <assert.h> if __STDC__ is defined, since
|     <limits.h> exists even on freestanding compilers.  */
| 
| #ifdef __STDC__
| # include <limits.h>
| #else
| # include <assert.h>
| #endif
| 
| #undef sqrt
| 
| /* Override any GCC internal prototype to avoid an error.
|    Use char because int might match the return type of a GCC
|    builtin and then its argument prototype would still apply.  */
| #ifdef __cplusplus
| extern "C"
| #endif
| char sqrt ();
| /* The GNU C library defines this for functions which it implements
|     to always fail with ENOSYS.  Some functions are actually named
|     something starting with __ and the normal name is an alias.  */
| #if defined __stub_sqrt || defined __stub___sqrt
| choke me
| #endif
| 
| int
| main ()
| {
| return sqrt ();
|   ;
|   return 0;
| }
configure:17019: result: no
configure:17019: checking for strcasecmp
configure:17019: gcc -o conftest -g -O2   conftest.c  >&5
conftest.c:63:6: warning: conflicting types for built-in function 'strcasecmp' [enabled by default]
 char strcasecmp ();
      ^
configure:17019: $? = 0
configure:17019: result: yes
configure:17019: checking for strerror
configure:17019: gcc -o conftest -g -O2   conftest.c  >&5
configure:17019: $? = 0
configure:17019: result: yes
configure:17019: checking for strncasecmp
configure:17019: gcc -o conftest -g -O2   conftest.c  >&5
conftest.c:65:6: warning: conflicting types for built-in function 'strncasecmp' [enabled by default]
 char strncasecmp ();
      ^
configure:17019: $? = 0
configure:17019: result: yes
configure:17019: checking for strstr
configure:17019: gcc -o conftest -g -O2   conftest.c  >&5
conftest.c:66:6: warning: conflicting types for built-in function 'strstr' [enabled by default]
 char strstr ();
      ^
configure:17019: $? = 0
configure:17019: result: yes
configure:17019: checking for fdatasync
configure:17019: gcc -o conftest -g -O2   conftest.c  >&5
configure:17019: $? = 0
configure:17019: result: yes
configure:17019: checking for ftruncate
configure:17019: gcc -o conftest -g -O2   conftest.c  >&5
configure:17019: $? = 0
configure:17019: result: yes
configure:17019: checking for getcwd
configure:17019: gcc -o conftest -g -O2   conftest.c  >&5
configure:17019: $? = 0
configure:17019: result: yes
configure:17019: checking for gettimeofday
configure:17019: gcc -o conftest -g -O2   conftest.c  >&5
configure:17019: $? = 0
configure:17019: result: yes
configure:17019: checking for localtime_r
configure:17019: gcc -o conftest -g -O2   conftest.c  >&5
configure:17019: $? = 0
configure:17019: result: yes
configure:17019: checking for memmove
configure:17019: gcc -o conftest -g -O2   conftest.c  >&5
conftest.c:72:6: warning: conflicting types for built-in function 'memmove' [enabled by default]
 char memmove ();
      ^
configure:17019: $? = 0
configure:17019: result: yes
configure:17019: checking for strerror
configure:17019: result: yes
configure:17045: checking for library containing tgetent
configure:17076: gcc -o conftest -g -O2   conftest.c  >&5
/tmp/ccBHKpn1.o: In function `main':
/home/michael/www/ilc-app/lib/spatialite-tools-4.1.1/conftest.c:62: undefined reference to `tgetent'
collect2: error: ld returned 1 exit status
configure:17076: $? = 1
configure: failed program was:
| /* confdefs.h */
| #define PACKAGE_NAME "spatialite-tools"
| #define PACKAGE_TARNAME "spatialite-tools"
| #define PACKAGE_VERSION "4.1.1"
| #define PACKAGE_STRING "spatialite-tools 4.1.1"
| #define PACKAGE_BUGREPORT "a.furieri@lqt.it"
| #define PACKAGE_URL ""
| #define PACKAGE "spatialite-tools"
| #define VERSION "4.1.1"
| #define STDC_HEADERS 1
| #define HAVE_SYS_TYPES_H 1
| #define HAVE_SYS_STAT_H 1
| #define HAVE_STDLIB_H 1
| #define HAVE_STRING_H 1
| #define HAVE_MEMORY_H 1
| #define HAVE_STRINGS_H 1
| #define HAVE_INTTYPES_H 1
| #define HAVE_STDINT_H 1
| #define HAVE_UNISTD_H 1
| #define HAVE_STDLIB_H 1
| #define HAVE_STDIO_H 1
| #define HAVE_STRING_H 1
| #define HAVE_MEMORY_H 1
| #define HAVE_MATH_H 1
| #define HAVE_FLOAT_H 1
| #define HAVE_FCNTL_H 1
| #define HAVE_INTTYPES_H 1
| #define HAVE_STDDEF_H 1
| #define HAVE_STDINT_H 1
| #define HAVE_SYS_TIME_H 1
| #define HAVE_UNISTD_H 1
| #define HAVE_DLFCN_H 1
| #define LT_OBJDIR ".libs/"
| #define TIME_WITH_SYS_TIME 1
| #define LSTAT_FOLLOWS_SLASHED_SYMLINK 1
| #define LSTAT_FOLLOWS_SLASHED_SYMLINK 1
| #define HAVE_STRFTIME 1
| #define HAVE_MEMSET 1
| #define HAVE_STRCASECMP 1
| #define HAVE_STRERROR 1
| #define HAVE_STRNCASECMP 1
| #define HAVE_STRSTR 1
| #define HAVE_FDATASYNC 1
| #define HAVE_FTRUNCATE 1
| #define HAVE_GETCWD 1
| #define HAVE_GETTIMEOFDAY 1
| #define HAVE_LOCALTIME_R 1
| #define HAVE_MEMMOVE 1
| #define HAVE_STRERROR 1
| /* end confdefs.h.  */
| 
| /* Override any GCC internal prototype to avoid an error.
|    Use char because int might match the return type of a GCC
|    builtin and then its argument prototype would still apply.  */
| #ifdef __cplusplus
| extern "C"
| #endif
| char tgetent ();
| int
| main ()
| {
| return tgetent ();
|   ;
|   return 0;
| }
configure:17076: gcc -o conftest -g -O2   conftest.c -lcurses   >&5
/usr/bin/ld: cannot find -lcurses
collect2: error: ld returned 1 exit status
configure:17076: $? = 1
configure: failed program was:
| /* confdefs.h */
| #define PACKAGE_NAME "spatialite-tools"
| #define PACKAGE_TARNAME "spatialite-tools"
| #define PACKAGE_VERSION "4.1.1"
| #define PACKAGE_STRING "spatialite-tools 4.1.1"
| #define PACKAGE_BUGREPORT "a.furieri@lqt.it"
| #define PACKAGE_URL ""
| #define PACKAGE "spatialite-tools"
| #define VERSION "4.1.1"
| #define STDC_HEADERS 1
| #define HAVE_SYS_TYPES_H 1
| #define HAVE_SYS_STAT_H 1
| #define HAVE_STDLIB_H 1
| #define HAVE_STRING_H 1
| #define HAVE_MEMORY_H 1
| #define HAVE_STRINGS_H 1
| #define HAVE_INTTYPES_H 1
| #define HAVE_STDINT_H 1
| #define HAVE_UNISTD_H 1
| #define HAVE_STDLIB_H 1
| #define HAVE_STDIO_H 1
| #define HAVE_STRING_H 1
| #define HAVE_MEMORY_H 1
| #define HAVE_MATH_H 1
| #define HAVE_FLOAT_H 1
| #define HAVE_FCNTL_H 1
| #define HAVE_INTTYPES_H 1
| #define HAVE_STDDEF_H 1
| #define HAVE_STDINT_H 1
| #define HAVE_SYS_TIME_H 1
| #define HAVE_UNISTD_H 1
| #define HAVE_DLFCN_H 1
| #define LT_OBJDIR ".libs/"
| #define TIME_WITH_SYS_TIME 1
| #define LSTAT_FOLLOWS_SLASHED_SYMLINK 1
| #define LSTAT_FOLLOWS_SLASHED_SYMLINK 1
| #define HAVE_STRFTIME 1
| #define HAVE_MEMSET 1
| #define HAVE_STRCASECMP 1
| #define HAVE_STRERROR 1
| #define HAVE_STRNCASECMP 1
| #define HAVE_STRSTR 1
| #define HAVE_FDATASYNC 1
| #define HAVE_FTRUNCATE 1
| #define HAVE_GETCWD 1
| #define HAVE_GETTIMEOFDAY 1
| #define HAVE_LOCALTIME_R 1
| #define HAVE_MEMMOVE 1
| #define HAVE_STRERROR 1
| /* end confdefs.h.  */
| 
| /* Override any GCC internal prototype to avoid an error.
|    Use char because int might match the return type of a GCC
|    builtin and then its argument prototype would still apply.  */
| #ifdef __cplusplus
| extern "C"
| #endif
| char tgetent ();
| int
| main ()
| {
| return tgetent ();
|   ;
|   return 0;
| }
configure:17093: result: no
configure:17101: checking for library containing readline
configure:17132: gcc -o conftest -g -O2   conftest.c  >&5
/tmp/ccMLfptV.o: In function `main':
/home/michael/www/ilc-app/lib/spatialite-tools-4.1.1/conftest.c:62: undefined reference to `readline'
collect2: error: ld returned 1 exit status
configure:17132: $? = 1
configure: failed program was:
| /* confdefs.h */
| #define PACKAGE_NAME "spatialite-tools"
| #define PACKAGE_TARNAME "spatialite-tools"
| #define PACKAGE_VERSION "4.1.1"
| #define PACKAGE_STRING "spatialite-tools 4.1.1"
| #define PACKAGE_BUGREPORT "a.furieri@lqt.it"
| #define PACKAGE_URL ""
| #define PACKAGE "spatialite-tools"
| #define VERSION "4.1.1"
| #define STDC_HEADERS 1
| #define HAVE_SYS_TYPES_H 1
| #define HAVE_SYS_STAT_H 1
| #define HAVE_STDLIB_H 1
| #define HAVE_STRING_H 1
| #define HAVE_MEMORY_H 1
| #define HAVE_STRINGS_H 1
| #define HAVE_INTTYPES_H 1
| #define HAVE_STDINT_H 1
| #define HAVE_UNISTD_H 1
| #define HAVE_STDLIB_H 1
| #define HAVE_STDIO_H 1
| #define HAVE_STRING_H 1
| #define HAVE_MEMORY_H 1
| #define HAVE_MATH_H 1
| #define HAVE_FLOAT_H 1
| #define HAVE_FCNTL_H 1
| #define HAVE_INTTYPES_H 1
| #define HAVE_STDDEF_H 1
| #define HAVE_STDINT_H 1
| #define HAVE_SYS_TIME_H 1
| #define HAVE_UNISTD_H 1
| #define HAVE_DLFCN_H 1
| #define LT_OBJDIR ".libs/"
| #define TIME_WITH_SYS_TIME 1
| #define LSTAT_FOLLOWS_SLASHED_SYMLINK 1
| #define LSTAT_FOLLOWS_SLASHED_SYMLINK 1
| #define HAVE_STRFTIME 1
| #define HAVE_MEMSET 1
| #define HAVE_STRCASECMP 1
| #define HAVE_STRERROR 1
| #define HAVE_STRNCASECMP 1
| #define HAVE_STRSTR 1
| #define HAVE_FDATASYNC 1
| #define HAVE_FTRUNCATE 1
| #define HAVE_GETCWD 1
| #define HAVE_GETTIMEOFDAY 1
| #define HAVE_LOCALTIME_R 1
| #define HAVE_MEMMOVE 1
| #define HAVE_STRERROR 1
| /* end confdefs.h.  */
| 
| /* Override any GCC internal prototype to avoid an error.
|    Use char because int might match the return type of a GCC
|    builtin and then its argument prototype would still apply.  */
| #ifdef __cplusplus
| extern "C"
| #endif
| char readline ();
| int
| main ()
| {
| return readline ();
|   ;
|   return 0;
| }
configure:17132: gcc -o conftest -g -O2   conftest.c -lreadline   >&5
/usr/bin/ld: cannot find -lreadline
collect2: error: ld returned 1 exit status
configure:17132: $? = 1
configure: failed program was:
| /* confdefs.h */
| #define PACKAGE_NAME "spatialite-tools"
| #define PACKAGE_TARNAME "spatialite-tools"
| #define PACKAGE_VERSION "4.1.1"
| #define PACKAGE_STRING "spatialite-tools 4.1.1"
| #define PACKAGE_BUGREPORT "a.furieri@lqt.it"
| #define PACKAGE_URL ""
| #define PACKAGE "spatialite-tools"
| #define VERSION "4.1.1"
| #define STDC_HEADERS 1
| #define HAVE_SYS_TYPES_H 1
| #define HAVE_SYS_STAT_H 1
| #define HAVE_STDLIB_H 1
| #define HAVE_STRING_H 1
| #define HAVE_MEMORY_H 1
| #define HAVE_STRINGS_H 1
| #define HAVE_INTTYPES_H 1
| #define HAVE_STDINT_H 1
| #define HAVE_UNISTD_H 1
| #define HAVE_STDLIB_H 1
| #define HAVE_STDIO_H 1
| #define HAVE_STRING_H 1
| #define HAVE_MEMORY_H 1
| #define HAVE_MATH_H 1
| #define HAVE_FLOAT_H 1
| #define HAVE_FCNTL_H 1
| #define HAVE_INTTYPES_H 1
| #define HAVE_STDDEF_H 1
| #define HAVE_STDINT_H 1
| #define HAVE_SYS_TIME_H 1
| #define HAVE_UNISTD_H 1
| #define HAVE_DLFCN_H 1
| #define LT_OBJDIR ".libs/"
| #define TIME_WITH_SYS_TIME 1
| #define LSTAT_FOLLOWS_SLASHED_SYMLINK 1
| #define LSTAT_FOLLOWS_SLASHED_SYMLINK 1
| #define HAVE_STRFTIME 1
| #define HAVE_MEMSET 1
| #define HAVE_STRCASECMP 1
| #define HAVE_STRERROR 1
| #define HAVE_STRNCASECMP 1
| #define HAVE_STRSTR 1
| #define HAVE_FDATASYNC 1
| #define HAVE_FTRUNCATE 1
| #define HAVE_GETCWD 1
| #define HAVE_GETTIMEOFDAY 1
| #define HAVE_LOCALTIME_R 1
| #define HAVE_MEMMOVE 1
| #define HAVE_STRERROR 1
| /* end confdefs.h.  */
| 
| /* Override any GCC internal prototype to avoid an error.
|    Use char because int might match the return type of a GCC
|    builtin and then its argument prototype would still apply.  */
| #ifdef __cplusplus
| extern "C"
| #endif
| char readline ();
| int
| main ()
| {
| return readline ();
|   ;
|   return 0;
| }
configure:17149: result: no
configure:17161: checking for readline
configure:17161: gcc -o conftest -g -O2   conftest.c  >&5
/tmp/ccoXmWb2.o: In function `main':
/home/michael/www/ilc-app/lib/spatialite-tools-4.1.1/conftest.c:85: undefined reference to `readline'
collect2: error: ld returned 1 exit status
configure:17161: $? = 1
configure: failed program was:
| /* confdefs.h */
| #define PACKAGE_NAME "spatialite-tools"
| #define PACKAGE_TARNAME "spatialite-tools"
| #define PACKAGE_VERSION "4.1.1"
| #define PACKAGE_STRING "spatialite-tools 4.1.1"
| #define PACKAGE_BUGREPORT "a.furieri@lqt.it"
| #define PACKAGE_URL ""
| #define PACKAGE "spatialite-tools"
| #define VERSION "4.1.1"
| #define STDC_HEADERS 1
| #define HAVE_SYS_TYPES_H 1
| #define HAVE_SYS_STAT_H 1
| #define HAVE_STDLIB_H 1
| #define HAVE_STRING_H 1
| #define HAVE_MEMORY_H 1
| #define HAVE_STRINGS_H 1
| #define HAVE_INTTYPES_H 1
| #define HAVE_STDINT_H 1
| #define HAVE_UNISTD_H 1
| #define HAVE_STDLIB_H 1
| #define HAVE_STDIO_H 1
| #define HAVE_STRING_H 1
| #define HAVE_MEMORY_H 1
| #define HAVE_MATH_H 1
| #define HAVE_FLOAT_H 1
| #define HAVE_FCNTL_H 1
| #define HAVE_INTTYPES_H 1
| #define HAVE_STDDEF_H 1
| #define HAVE_STDINT_H 1
| #define HAVE_SYS_TIME_H 1
| #define HAVE_UNISTD_H 1
| #define HAVE_DLFCN_H 1
| #define LT_OBJDIR ".libs/"
| #define TIME_WITH_SYS_TIME 1
| #define LSTAT_FOLLOWS_SLASHED_SYMLINK 1
| #define LSTAT_FOLLOWS_SLASHED_SYMLINK 1
| #define HAVE_STRFTIME 1
| #define HAVE_MEMSET 1
| #define HAVE_STRCASECMP 1
| #define HAVE_STRERROR 1
| #define HAVE_STRNCASECMP 1
| #define HAVE_STRSTR 1
| #define HAVE_FDATASYNC 1
| #define HAVE_FTRUNCATE 1
| #define HAVE_GETCWD 1
| #define HAVE_GETTIMEOFDAY 1
| #define HAVE_LOCALTIME_R 1
| #define HAVE_MEMMOVE 1
| #define HAVE_STRERROR 1
| /* end confdefs.h.  */
| /* Define readline to an innocuous variant, in case <limits.h> declares readline.
|    For example, HP-UX 11i <limits.h> declares gettimeofday.  */
| #define readline innocuous_readline
| 
| /* System header to define __stub macros and hopefully few prototypes,
|     which can conflict with char readline (); below.
|     Prefer <limits.h> to <assert.h> if __STDC__ is defined, since
|     <limits.h> exists even on freestanding compilers.  */
| 
| #ifdef __STDC__
| # include <limits.h>
| #else
| # include <assert.h>
| #endif
| 
| #undef readline
| 
| /* Override any GCC internal prototype to avoid an error.
|    Use char because int might match the return type of a GCC
|    builtin and then its argument prototype would still apply.  */
| #ifdef __cplusplus
| extern "C"
| #endif
| char readline ();
| /* The GNU C library defines this for functions which it implements
|     to always fail with ENOSYS.  Some functions are actually named
|     something starting with __ and the normal name is an alias.  */
| #if defined __stub_readline || defined __stub___readline
| choke me
| #endif
| 
| int
| main ()
| {
| return readline ();
|   ;
|   return 0;
| }
configure:17161: result: no
configure:17175: checking for XML_ParserCreate in -lexpat
configure:17200: gcc -o conftest -g -O2   conftest.c -lexpat   >&5
configure:17200: $? = 0
configure:17209: result: yes
configure:17222: checking for pj_init_plus in -lproj
configure:17247: gcc -o conftest -g -O2   conftest.c -lproj -lm -lexpat  >&5
configure:17247: $? = 0
configure:17256: result: yes
configure:17285: checking for geos-config
configure:17303: found /usr/bin/geos-config
configure:17315: result: /usr/bin/geos-config
configure:17350: checking geos_c.h usability
configure:17350: gcc -c -g -O2 -I/usr/include conftest.c >&5
configure:17350: $? = 0
configure:17350: result: yes
configure:17350: checking geos_c.h presence
configure:17350: gcc -E -I/usr/include conftest.c
configure:17350: $? = 0
configure:17350: result: yes
configure:17350: checking for geos_c.h
configure:17350: result: yes
configure:17366: checking for library containing GEOSTopologyPreserveSimplify
configure:17397: gcc -o conftest -g -O2   conftest.c -L/usr/lib64 >&5
/tmp/ccCbBB89.o: In function `main':
/home/michael/www/ilc-app/lib/spatialite-tools-4.1.1/conftest.c:65: undefined reference to `GEOSTopologyPreserveSimplify'
collect2: error: ld returned 1 exit status
configure:17397: $? = 1
configure: failed program was:
| /* confdefs.h */
| #define PACKAGE_NAME "spatialite-tools"
| #define PACKAGE_TARNAME "spatialite-tools"
| #define PACKAGE_VERSION "4.1.1"
| #define PACKAGE_STRING "spatialite-tools 4.1.1"
| #define PACKAGE_BUGREPORT "a.furieri@lqt.it"
| #define PACKAGE_URL ""
| #define PACKAGE "spatialite-tools"
| #define VERSION "4.1.1"
| #define STDC_HEADERS 1
| #define HAVE_SYS_TYPES_H 1
| #define HAVE_SYS_STAT_H 1
| #define HAVE_STDLIB_H 1
| #define HAVE_STRING_H 1
| #define HAVE_MEMORY_H 1
| #define HAVE_STRINGS_H 1
| #define HAVE_INTTYPES_H 1
| #define HAVE_STDINT_H 1
| #define HAVE_UNISTD_H 1
| #define HAVE_STDLIB_H 1
| #define HAVE_STDIO_H 1
| #define HAVE_STRING_H 1
| #define HAVE_MEMORY_H 1
| #define HAVE_MATH_H 1
| #define HAVE_FLOAT_H 1
| #define HAVE_FCNTL_H 1
| #define HAVE_INTTYPES_H 1
| #define HAVE_STDDEF_H 1
| #define HAVE_STDINT_H 1
| #define HAVE_SYS_TIME_H 1
| #define HAVE_UNISTD_H 1
| #define HAVE_DLFCN_H 1
| #define LT_OBJDIR ".libs/"
| #define TIME_WITH_SYS_TIME 1
| #define LSTAT_FOLLOWS_SLASHED_SYMLINK 1
| #define LSTAT_FOLLOWS_SLASHED_SYMLINK 1
| #define HAVE_STRFTIME 1
| #define HAVE_MEMSET 1
| #define HAVE_STRCASECMP 1
| #define HAVE_STRERROR 1
| #define HAVE_STRNCASECMP 1
| #define HAVE_STRSTR 1
| #define HAVE_FDATASYNC 1
| #define HAVE_FTRUNCATE 1
| #define HAVE_GETCWD 1
| #define HAVE_GETTIMEOFDAY 1
| #define HAVE_LOCALTIME_R 1
| #define HAVE_MEMMOVE 1
| #define HAVE_STRERROR 1
| #define HAVE_LIBEXPAT 1
| #define HAVE_LIBPROJ 1
| #define HAVE_GEOS_C_H 1
| /* end confdefs.h.  */
| 
| /* Override any GCC internal prototype to avoid an error.
|    Use char because int might match the return type of a GCC
|    builtin and then its argument prototype would still apply.  */
| #ifdef __cplusplus
| extern "C"
| #endif
| char GEOSTopologyPreserveSimplify ();
| int
| main ()
| {
| return GEOSTopologyPreserveSimplify ();
|   ;
|   return 0;
| }
configure:17397: gcc -o conftest -g -O2   conftest.c -lgeos_c  -L/usr/lib64 >&5
configure:17397: $? = 0
configure:17414: result: -lgeos_c
configure:17481: checking for pkg-config
configure:17499: found /usr/bin/pkg-config
configure:17511: result: /usr/bin/pkg-config
configure:17536: checking pkg-config is at least version 0.9.0
configure:17539: result: yes
configure:17549: checking for LIBSPATIALITE
configure:17556: $PKG_CONFIG --exists --print-errors "spatialite"
configure:17559: $? = 0
configure:17573: $PKG_CONFIG --exists --print-errors "spatialite"
configure:17576: $? = 0
configure:17614: result: yes
configure:17639: checking for LIBFREEXL
configure:17646: $PKG_CONFIG --exists --print-errors "freexl"
configure:17649: $? = 0
configure:17663: $PKG_CONFIG --exists --print-errors "freexl"
configure:17666: $? = 0
configure:17704: result: yes
configure:17728: checking for LIBREADOSM
configure:17735: $PKG_CONFIG --exists --print-errors "readosm"
configure:17738: $? = 0
configure:17752: $PKG_CONFIG --exists --print-errors "readosm"
configure:17755: $? = 0
configure:17793: result: yes
configure:17815: checking whether SQLITE_CONFIG_URI is declared
configure:17815: gcc -c -g -O2  conftest.c >&5
configure:17815: $? = 0
configure:17815: result: yes
configure:17822: checking whether SQLITE_DBSTATUS_LOOKASIDE_USED is declared
configure:17822: gcc -c -g -O2  conftest.c >&5
configure:17822: $? = 0
configure:17822: result: yes
configure:17829: checking whether SQLITE_DBSTATUS_LOOKASIDE_HIT is declared
configure:17829: gcc -c -g -O2  conftest.c >&5
configure:17829: $? = 0
configure:17829: result: yes
configure:17836: checking whether SQLITE_DBSTATUS_LOOKASIDE_MISS_SIZE is declared
configure:17836: gcc -c -g -O2  conftest.c >&5
configure:17836: $? = 0
configure:17836: result: yes
configure:17843: checking whether SQLITE_DBSTATUS_LOOKASIDE_MISS_FULL is declared
configure:17843: gcc -c -g -O2  conftest.c >&5
configure:17843: $? = 0
configure:17843: result: yes
configure:17850: checking whether SQLITE_DBSTATUS_CACHE_USED is declared
configure:17850: gcc -c -g -O2  conftest.c >&5
configure:17850: $? = 0
configure:17850: result: yes
configure:17857: checking whether SQLITE_DBSTATUS_CACHE_HIT is declared
configure:17857: gcc -c -g -O2  conftest.c >&5
configure:17857: $? = 0
configure:17857: result: yes
configure:17864: checking whether SQLITE_DBSTATUS_CACHE_MISS is declared
configure:17864: gcc -c -g -O2  conftest.c >&5
configure:17864: $? = 0
configure:17864: result: yes
configure:17871: checking whether SQLITE_DBSTATUS_CACHE_WRITE is declared
configure:17871: gcc -c -g -O2  conftest.c >&5
configure:17871: $? = 0
configure:17871: result: yes
configure:17878: checking whether SQLITE_DBSTATUS_SCHEMA_USED is declared
configure:17878: gcc -c -g -O2  conftest.c >&5
configure:17878: $? = 0
configure:17878: result: yes
configure:17885: checking whether SQLITE_DBSTATUS_STMT_USED is declared
configure:17885: gcc -c -g -O2  conftest.c >&5
configure:17885: $? = 0
configure:17885: result: yes
configure:17892: checking whether SQLITE_STMTSTATUS_FULLSCAN_STEP is declared
configure:17892: gcc -c -g -O2  conftest.c >&5
configure:17892: $? = 0
configure:17892: result: yes
configure:17899: checking whether SQLITE_STMTSTATUS_SORT is declared
configure:17899: gcc -c -g -O2  conftest.c >&5
configure:17899: $? = 0
configure:17899: result: yes
configure:17906: checking whether SQLITE_STMTSTATUS_AUTOINDEX is declared
configure:17906: gcc -c -g -O2  conftest.c >&5
configure:17906: $? = 0
configure:17906: result: yes
configure:17913: checking whether SQLITE_TESTCTRL_EXPLAIN_STMT is declared
configure:17913: gcc -c -g -O2  conftest.c >&5
configure:17913: $? = 0
configure:17913: result: yes
configure:17920: checking whether SQLITE_FCNTL_VFSNAME is declared
configure:17920: gcc -c -g -O2  conftest.c >&5
configure:17920: $? = 0
configure:17920: result: yes
configure:18037: checking that generated files are newer than configure
configure:18043: result: done
configure:18082: creating ./config.status

## ---------------------- ##
## Running config.status. ##
## ---------------------- ##

This file was extended by spatialite-tools config.status 4.1.1, which was
generated by GNU Autoconf 2.69.  Invocation command line was

  CONFIG_FILES    = 
  CONFIG_HEADERS  = 
  CONFIG_LINKS    = 
  CONFIG_COMMANDS = 
  $ ./config.status 

on motorcycle

config.status:1207: creating Makefile
config.status:1207: creating config.h
config.status:1436: executing depfiles commands
config.status:1436: executing libtool commands

## ---------------- ##
## Cache variables. ##
## ---------------- ##

ac_cv_build=x86_64-unknown-linux-gnu
ac_cv_c_compiler_gnu=yes
ac_cv_c_const=yes
ac_cv_c_volatile=yes
ac_cv_cxx_compiler_gnu=yes
ac_cv_env_CCC_set=
ac_cv_env_CCC_value=
ac_cv_env_CC_set=
ac_cv_env_CC_value=
ac_cv_env_CFLAGS_set=
ac_cv_env_CFLAGS_value=
ac_cv_env_CPPFLAGS_set=
ac_cv_env_CPPFLAGS_value=
ac_cv_env_CPP_set=
ac_cv_env_CPP_value=
ac_cv_env_CXXCPP_set=
ac_cv_env_CXXCPP_value=
ac_cv_env_CXXFLAGS_set=
ac_cv_env_CXXFLAGS_value=
ac_cv_env_CXX_set=
ac_cv_env_CXX_value=
ac_cv_env_LDFLAGS_set=
ac_cv_env_LDFLAGS_value=
ac_cv_env_LIBFREEXL_CFLAGS_set=
ac_cv_env_LIBFREEXL_CFLAGS_value=
ac_cv_env_LIBFREEXL_LIBS_set=
ac_cv_env_LIBFREEXL_LIBS_value=
ac_cv_env_LIBREADOSM_CFLAGS_set=
ac_cv_env_LIBREADOSM_CFLAGS_value=
ac_cv_env_LIBREADOSM_LIBS_set=
ac_cv_env_LIBREADOSM_LIBS_value=
ac_cv_env_LIBSPATIALITE_CFLAGS_set=
ac_cv_env_LIBSPATIALITE_CFLAGS_value=
ac_cv_env_LIBSPATIALITE_LIBS_set=
ac_cv_env_LIBSPATIALITE_LIBS_value=
ac_cv_env_LIBS_set=
ac_cv_env_LIBS_value=
ac_cv_env_PKG_CONFIG_LIBDIR_set=
ac_cv_env_PKG_CONFIG_LIBDIR_value=
ac_cv_env_PKG_CONFIG_PATH_set=
ac_cv_env_PKG_CONFIG_PATH_value=
ac_cv_env_PKG_CONFIG_set=
ac_cv_env_PKG_CONFIG_value=
ac_cv_env_build_alias_set=
ac_cv_env_build_alias_value=
ac_cv_env_host_alias_set=
ac_cv_env_host_alias_value=
ac_cv_env_target_alias_set=
ac_cv_env_target_alias_value=
ac_cv_func_fdatasync=yes
ac_cv_func_ftruncate=yes
ac_cv_func_getcwd=yes
ac_cv_func_gettimeofday=yes
ac_cv_func_localtime_r=yes
ac_cv_func_lstat_dereferences_slashed_symlink=yes
ac_cv_func_lstat_empty_string_bug=no
ac_cv_func_memcmp_working=yes
ac_cv_func_memmove=yes
ac_cv_func_memset=yes
ac_cv_func_readline=no
ac_cv_func_sqrt=no
ac_cv_func_stat_empty_string_bug=no
ac_cv_func_strcasecmp=yes
ac_cv_func_strerror=yes
ac_cv_func_strftime=yes
ac_cv_func_strncasecmp=yes
ac_cv_func_strstr=yes
ac_cv_have_decl_SQLITE_CONFIG_URI=yes
ac_cv_have_decl_SQLITE_DBSTATUS_CACHE_HIT=yes
ac_cv_have_decl_SQLITE_DBSTATUS_CACHE_MISS=yes
ac_cv_have_decl_SQLITE_DBSTATUS_CACHE_USED=yes
ac_cv_have_decl_SQLITE_DBSTATUS_CACHE_WRITE=yes
ac_cv_have_decl_SQLITE_DBSTATUS_LOOKASIDE_HIT=yes
ac_cv_have_decl_SQLITE_DBSTATUS_LOOKASIDE_MISS_FULL=yes
ac_cv_have_decl_SQLITE_DBSTATUS_LOOKASIDE_MISS_SIZE=yes
ac_cv_have_decl_SQLITE_DBSTATUS_LOOKASIDE_USED=yes
ac_cv_have_decl_SQLITE_DBSTATUS_SCHEMA_USED=yes
ac_cv_have_decl_SQLITE_DBSTATUS_STMT_USED=yes
ac_cv_have_decl_SQLITE_FCNTL_VFSNAME=yes
ac_cv_have_decl_SQLITE_STMTSTATUS_AUTOINDEX=yes
ac_cv_have_decl_SQLITE_STMTSTATUS_FULLSCAN_STEP=yes
ac_cv_have_decl_SQLITE_STMTSTATUS_SORT=yes
ac_cv_have_decl_SQLITE_TESTCTRL_EXPLAIN_STMT=yes
ac_cv_header_dlfcn_h=yes
ac_cv_header_fcntl_h=yes
ac_cv_header_float_h=yes
ac_cv_header_geos_c_h=yes
ac_cv_header_inttypes_h=yes
ac_cv_header_math_h=yes
ac_cv_header_memory_h=yes
ac_cv_header_stdc=yes
ac_cv_header_stddef_h=yes
ac_cv_header_stdint_h=yes
ac_cv_header_stdio_h=yes
ac_cv_header_stdlib_h=yes
ac_cv_header_string_h=yes
ac_cv_header_strings_h=yes
ac_cv_header_sys_stat_h=yes
ac_cv_header_sys_time_h=yes
ac_cv_header_sys_types_h=yes
ac_cv_header_time=yes
ac_cv_header_unistd_h=yes
ac_cv_host=x86_64-unknown-linux-gnu
ac_cv_lib_expat_XML_ParserCreate=yes
ac_cv_lib_proj_pj_init_plus=yes
ac_cv_objext=o
ac_cv_path_EGREP='/usr/bin/grep -E'
ac_cv_path_FGREP='/usr/bin/grep -F'
ac_cv_path_GEOSCONFIG=/usr/bin/geos-config
ac_cv_path_GREP=/usr/bin/grep
ac_cv_path_SED=/usr/bin/sed
ac_cv_path_ac_pt_PKG_CONFIG=/usr/bin/pkg-config
ac_cv_path_install='/usr/bin/install -c'
ac_cv_path_mkdir=/usr/bin/mkdir
ac_cv_prog_AWK=gawk
ac_cv_prog_CPP='gcc -E'
ac_cv_prog_CXXCPP='g++ -E'
ac_cv_prog_ac_ct_AR=ar
ac_cv_prog_ac_ct_CC=gcc
ac_cv_prog_ac_ct_CXX=g++
ac_cv_prog_ac_ct_DLLTOOL=dlltool
ac_cv_prog_ac_ct_OBJDUMP=objdump
ac_cv_prog_ac_ct_RANLIB=ranlib
ac_cv_prog_ac_ct_STRIP=strip
ac_cv_prog_cc_c89=
ac_cv_prog_cc_g=yes
ac_cv_prog_cxx_g=yes
ac_cv_prog_make_make_set=yes
ac_cv_search_GEOSTopologyPreserveSimplify=-lgeos_c
ac_cv_search_readline=no
ac_cv_search_tgetent=no
ac_cv_struct_tm=time.h
ac_cv_type_off_t=yes
ac_cv_type_size_t=yes
am_cv_CC_dependencies_compiler_type=gcc3
am_cv_CXX_dependencies_compiler_type=gcc3
lt_cv_ar_at_file=@
lt_cv_archive_cmds_need_lc=no
lt_cv_deplibs_check_method=pass_all
lt_cv_file_magic_cmd='$MAGIC_CMD'
lt_cv_file_magic_test_file=
lt_cv_ld_reload_flag=-r
lt_cv_nm_interface='BSD nm'
lt_cv_objdir=.libs
lt_cv_path_LD=/usr/bin/ld
lt_cv_path_LDCXX='/usr/bin/ld -m elf_x86_64'
lt_cv_path_NM='/usr/bin/nm -B'
lt_cv_path_mainfest_tool=no
lt_cv_prog_compiler_c_o=yes
lt_cv_prog_compiler_c_o_CXX=yes
lt_cv_prog_compiler_pic='-fPIC -DPIC'
lt_cv_prog_compiler_pic_CXX='-fPIC -DPIC'
lt_cv_prog_compiler_pic_works=yes
lt_cv_prog_compiler_pic_works_CXX=yes
lt_cv_prog_compiler_rtti_exceptions=no
lt_cv_prog_compiler_static_works=no
lt_cv_prog_compiler_static_works_CXX=no
lt_cv_prog_gnu_ld=yes
lt_cv_prog_gnu_ldcxx=yes
lt_cv_sharedlib_from_linklib_cmd='printf %s\n'
lt_cv_shlibpath_overrides_runpath=no
lt_cv_sys_global_symbol_pipe='sed -n -e '\''s/^.*[	 ]\([ABCDGIRSTW][ABCDGIRSTW]*\)[	 ][	 ]*\([_A-Za-z][_A-Za-z0-9]*\)$/\1 \2 \2/p'\'' | sed '\''/ __gnu_lto/d'\'''
lt_cv_sys_global_symbol_to_c_name_address='sed -n -e '\''s/^: \([^ ]*\)[ ]*$/  {\"\1\", (void *) 0},/p'\'' -e '\''s/^[ABCDGIRSTW]* \([^ ]*\) \([^ ]*\)$/  {"\2", (void *) \&\2},/p'\'''
lt_cv_sys_global_symbol_to_c_name_address_lib_prefix='sed -n -e '\''s/^: \([^ ]*\)[ ]*$/  {\"\1\", (void *) 0},/p'\'' -e '\''s/^[ABCDGIRSTW]* \([^ ]*\) \(lib[^ ]*\)$/  {"\2", (void *) \&\2},/p'\'' -e '\''s/^[ABCDGIRSTW]* \([^ ]*\) \([^ ]*\)$/  {"lib\2", (void *) \&\2},/p'\'''
lt_cv_sys_global_symbol_to_cdecl='sed -n -e '\''s/^T .* \(.*\)$/extern int \1();/p'\'' -e '\''s/^[ABCDGIRSTW]* .* \(.*\)$/extern char \1;/p'\'''
lt_cv_sys_max_cmd_len=1572864
lt_cv_to_host_file_cmd=func_convert_file_noop
lt_cv_to_tool_file_cmd=func_convert_file_noop
pkg_cv_LIBFREEXL_CFLAGS=' '
pkg_cv_LIBFREEXL_LIBS='-lfreexl -lm  '
pkg_cv_LIBREADOSM_CFLAGS=' '
pkg_cv_LIBREADOSM_LIBS='-lreadosm -lz -lexpat  '
pkg_cv_LIBSPATIALITE_CFLAGS=' '
pkg_cv_LIBSPATIALITE_LIBS='-lspatialite -lsqlite3 -lm -lz  '

## ----------------- ##
## Output variables. ##
## ----------------- ##

ACLOCAL='${SHELL} /home/michael/www/ilc-app/lib/spatialite-tools-4.1.1/missing --run aclocal-1.12'
AMDEPBACKSLASH='\'
AMDEP_FALSE='#'
AMDEP_TRUE=''
AMTAR='$${TAR-tar}'
AR='ar'
AS='as'
AUTOCONF='${SHELL} /home/michael/www/ilc-app/lib/spatialite-tools-4.1.1/missing --run autoconf'
AUTOHEADER='${SHELL} /home/michael/www/ilc-app/lib/spatialite-tools-4.1.1/missing --run autoheader'
AUTOMAKE='${SHELL} /home/michael/www/ilc-app/lib/spatialite-tools-4.1.1/missing --run automake-1.12'
AWK='gawk'
CC='gcc'
CCDEPMODE='depmode=gcc3'
CFLAGS='-g -O2'
CPP='gcc -E'
CPPFLAGS=''
CXX='g++'
CXXCPP='g++ -E'
CXXDEPMODE='depmode=gcc3'
CXXFLAGS='-g -O2'
CYGPATH_W='echo'
DEFS='-DHAVE_CONFIG_H'
DEPDIR='.deps'
DLLTOOL='dlltool'
DSYMUTIL=''
DUMPBIN=''
ECHO_C=''
ECHO_N='-n'
ECHO_T=''
EGREP='/usr/bin/grep -E'
EXEEXT=''
FGREP='/usr/bin/grep -F'
GEOSCONFIG='/usr/bin/geos-config'
GEOS_CPPFLAGS='-I/usr/include'
GEOS_LDFLAGS='-L/usr/lib64'
GREP='/usr/bin/grep'
INSTALL_DATA='${INSTALL} -m 644'
INSTALL_PROGRAM='${INSTALL}'
INSTALL_SCRIPT='${INSTALL}'
INSTALL_STRIP_PROGRAM='$(install_sh) -c -s'
LD='/usr/bin/ld -m elf_x86_64'
LDFLAGS=''
LIBFREEXL_CFLAGS=' '
LIBFREEXL_LIBS='-lfreexl -lm  '
LIBOBJS=''
LIBREADOSM_CFLAGS=' '
LIBREADOSM_LIBS='-lreadosm -lz -lexpat  '
LIBS='-lproj -lexpat -L/usr/lib64 -lgeos_c'
LIBSPATIALITE_CFLAGS=' '
LIBSPATIALITE_LIBS='-lspatialite -lsqlite3 -lm -lz  '
LIBTOOL='$(SHELL) $(top_builddir)/libtool'
LIPO=''
LN_S='ln -s'
LTLIBOBJS=''
MAINT='#'
MAINTAINER_MODE_FALSE=''
MAINTAINER_MODE_TRUE='#'
MAKEINFO='${SHELL} /home/michael/www/ilc-app/lib/spatialite-tools-4.1.1/missing --run makeinfo'
MANIFEST_TOOL=':'
MKDIR_P='/usr/bin/mkdir -p'
NM='/usr/bin/nm -B'
NMEDIT=''
NO_READOSM_FALSE=''
NO_READOSM_TRUE='#'
OBJDUMP='objdump'
OBJEXT='o'
OTOOL64=''
OTOOL=''
PACKAGE='spatialite-tools'
PACKAGE_BUGREPORT='a.furieri@lqt.it'
PACKAGE_NAME='spatialite-tools'
PACKAGE_STRING='spatialite-tools 4.1.1'
PACKAGE_TARNAME='spatialite-tools'
PACKAGE_URL=''
PACKAGE_VERSION='4.1.1'
PATH_SEPARATOR=':'
PKG_CONFIG='/usr/bin/pkg-config'
PKG_CONFIG_LIBDIR=''
PKG_CONFIG_PATH=''
RANLIB='ranlib'
READLINE_LIBS=''
SED='/usr/bin/sed'
SET_MAKE=''
SHELL='/bin/sh'
STRIP='strip'
VERSION='4.1.1'
ac_ct_AR='ar'
ac_ct_CC='gcc'
ac_ct_CXX='g++'
ac_ct_DUMPBIN=''
am__EXEEXT_FALSE=''
am__EXEEXT_TRUE='#'
am__fastdepCC_FALSE='#'
am__fastdepCC_TRUE=''
am__fastdepCXX_FALSE='#'
am__fastdepCXX_TRUE=''
am__include='include'
am__isrc=''
am__leading_dot='.'
am__nodep='_no'
am__quote=''
am__tar='$${TAR-tar} chof - "$$tardir"'
am__untar='$${TAR-tar} xf -'
bindir='${exec_prefix}/bin'
build='x86_64-unknown-linux-gnu'
build_alias=''
build_cpu='x86_64'
build_os='linux-gnu'
build_vendor='unknown'
datadir='${datarootdir}'
datarootdir='${prefix}/share'
docdir='${datarootdir}/doc/${PACKAGE_TARNAME}'
dvidir='${docdir}'
exec_prefix='${prefix}'
host='x86_64-unknown-linux-gnu'
host_alias=''
host_cpu='x86_64'
host_os='linux-gnu'
host_vendor='unknown'
htmldir='${docdir}'
includedir='${prefix}/include'
infodir='${datarootdir}/info'
install_sh='${SHELL} /home/michael/www/ilc-app/lib/spatialite-tools-4.1.1/install-sh'
libdir='${exec_prefix}/lib'
libexecdir='${exec_prefix}/libexec'
localedir='${datarootdir}/locale'
localstatedir='${prefix}/var'
mandir='${datarootdir}/man'
mkdir_p='$(MKDIR_P)'
oldincludedir='/usr/include'
pdfdir='${docdir}'
prefix='/usr/local'
program_transform_name='s,x,x,'
psdir='${docdir}'
sbindir='${exec_prefix}/sbin'
sharedstatedir='${prefix}/com'
sysconfdir='${prefix}/etc'
target_alias=''

## ----------- ##
## confdefs.h. ##
## ----------- ##

/* confdefs.h */
#define PACKAGE_NAME "spatialite-tools"
#define PACKAGE_TARNAME "spatialite-tools"
#define PACKAGE_VERSION "4.1.1"
#define PACKAGE_STRING "spatialite-tools 4.1.1"
#define PACKAGE_BUGREPORT "a.furieri@lqt.it"
#define PACKAGE_URL ""
#define PACKAGE "spatialite-tools"
#define VERSION "4.1.1"
#define STDC_HEADERS 1
#define HAVE_SYS_TYPES_H 1
#define HAVE_SYS_STAT_H 1
#define HAVE_STDLIB_H 1
#define HAVE_STRING_H 1
#define HAVE_MEMORY_H 1
#define HAVE_STRINGS_H 1
#define HAVE_INTTYPES_H 1
#define HAVE_STDINT_H 1
#define HAVE_UNISTD_H 1
#define HAVE_STDLIB_H 1
#define HAVE_STDIO_H 1
#define HAVE_STRING_H 1
#define HAVE_MEMORY_H 1
#define HAVE_MATH_H 1
#define HAVE_FLOAT_H 1
#define HAVE_FCNTL_H 1
#define HAVE_INTTYPES_H 1
#define HAVE_STDDEF_H 1
#define HAVE_STDINT_H 1
#define HAVE_SYS_TIME_H 1
#define HAVE_UNISTD_H 1
#define HAVE_DLFCN_H 1
#define LT_OBJDIR ".libs/"
#define TIME_WITH_SYS_TIME 1
#define LSTAT_FOLLOWS_SLASHED_SYMLINK 1
#define LSTAT_FOLLOWS_SLASHED_SYMLINK 1
#define HAVE_STRFTIME 1
#define HAVE_MEMSET 1
#define HAVE_STRCASECMP 1
#define HAVE_STRERROR 1
#define HAVE_STRNCASECMP 1
#define HAVE_STRSTR 1
#define HAVE_FDATASYNC 1
#define HAVE_FTRUNCATE 1
#define HAVE_GETCWD 1
#define HAVE_GETTIMEOFDAY 1
#define HAVE_LOCALTIME_R 1
#define HAVE_MEMMOVE 1
#define HAVE_STRERROR 1
#define HAVE_LIBEXPAT 1
#define HAVE_LIBPROJ 1
#define HAVE_GEOS_C_H 1
#define HAVE_DECL_SQLITE_CONFIG_URI 1
#define HAVE_DECL_SQLITE_DBSTATUS_LOOKASIDE_USED 1
#define HAVE_DECL_SQLITE_DBSTATUS_LOOKASIDE_HIT 1
#define HAVE_DECL_SQLITE_DBSTATUS_LOOKASIDE_MISS_SIZE 1
#define HAVE_DECL_SQLITE_DBSTATUS_LOOKASIDE_MISS_FULL 1
#define HAVE_DECL_SQLITE_DBSTATUS_CACHE_USED 1
#define HAVE_DECL_SQLITE_DBSTATUS_CACHE_HIT 1
#define HAVE_DECL_SQLITE_DBSTATUS_CACHE_MISS 1
#define HAVE_DECL_SQLITE_DBSTATUS_CACHE_WRITE 1
#define HAVE_DECL_SQLITE_DBSTATUS_SCHEMA_USED 1
#define HAVE_DECL_SQLITE_DBSTATUS_STMT_USED 1
#define HAVE_DECL_SQLITE_STMTSTATUS_FULLSCAN_STEP 1
#define HAVE_DECL_SQLITE_STMTSTATUS_SORT 1
#define HAVE_DECL_SQLITE_STMTSTATUS_AUTOINDEX 1
#define HAVE_DECL_SQLITE_TESTCTRL_EXPLAIN_STMT 1
#define HAVE_DECL_SQLITE_FCNTL_VFSNAME 1

configure: exit 0
