This file contains any messages produced by compilers while
running configure, to aid debugging if configure makes a mistake.

It was created by libspatialite-amalgamation configure 3.0.1, which was
generated by GNU Autoconf 2.68.  Invocation command line was

  $ ./configure 

## --------- ##
## Platform. ##
## --------- ##

hostname = motorcycle
uname -m = x86_64
uname -r = 3.10.10-200.fc19.x86_64
uname -s = Linux
uname -v = #1 SMP Thu Aug 29 19:05:45 UTC 2013

/usr/bin/uname -p = x86_64
/bin/uname -X     = unknown

/bin/arch              = x86_64
/usr/bin/arch -k       = unknown
/usr/convex/getsysinfo = unknown
/usr/bin/hostinfo      = unknown
/bin/machine           = unknown
/usr/bin/oslevel       = unknown
/bin/universe          = unknown

PATH: /usr/lib64/qt-3.3/bin
PATH: /usr/local/bin
PATH: /usr/bin
PATH: /bin
PATH: /usr/local/sbin
PATH: /usr/sbin
PATH: /home/michael/.local/bin
PATH: /home/michael/bin
PATH: /home/michael/.local/bin
PATH: /home/michael/bin
PATH: /usr/lib/node_modules
PATH: /home/michael/.local/bin
PATH: /home/michael/bin


## ----------- ##
## Core tests. ##
## ----------- ##

configure:2454: checking for a BSD-compatible install
configure:2522: result: /usr/bin/install -c
configure:2533: checking whether build environment is sane
configure:2583: result: yes
configure:2724: checking for a thread-safe mkdir -p
configure:2763: result: /usr/bin/mkdir -p
configure:2776: checking for gawk
configure:2792: found /usr/bin/gawk
configure:2803: result: gawk
configure:2814: checking whether make sets $(MAKE)
configure:2836: result: yes
configure:2917: checking whether to enable maintainer-specific portions of Makefiles
configure:2926: result: no
configure:2953: checking for style of include used by make
configure:2981: result: GNU
configure:3051: checking for gcc
configure:3067: found /usr/bin/gcc
configure:3078: result: gcc
configure:3307: checking for C compiler version
configure:3316: gcc --version >&5
gcc (GCC) 4.8.1 20130603 (Red Hat 4.8.1-1)
Copyright (C) 2013 Free Software Foundation, Inc.
This is free software; see the source for copying conditions.  There is NO
warranty; not even for MERCHANTABILITY or FITNESS FOR A PARTICULAR PURPOSE.

configure:3327: $? = 0
configure:3316: gcc -v >&5
Using built-in specs.
COLLECT_GCC=gcc
COLLECT_LTO_WRAPPER=/usr/libexec/gcc/x86_64-redhat-linux/4.8.1/lto-wrapper
Target: x86_64-redhat-linux
Configured with: ../configure --prefix=/usr --mandir=/usr/share/man --infodir=/usr/share/info --with-bugurl=http://bugzilla.redhat.com/bugzilla --enable-bootstrap --enable-shared --enable-threads=posix --enable-checking=release --with-system-zlib --enable-__cxa_atexit --disable-libunwind-exceptions --enable-gnu-unique-object --enable-linker-build-id --with-linker-hash-style=gnu --enable-languages=c,c++,objc,obj-c++,java,fortran,ada,go,lto --enable-plugin --enable-initfini-array --enable-java-awt=gtk --disable-dssi --with-java-home=/usr/lib/jvm/java-1.5.0-gcj-1.5.0.0/jre --enable-libgcj-multifile --enable-java-maintainer-mode --with-ecj-jar=/usr/share/java/eclipse-ecj.jar --disable-libjava-multilib --with-isl=/builddir/build/BUILD/gcc-4.8.1-20130603/obj-x86_64-redhat-linux/isl-install --with-cloog=/builddir/build/BUILD/gcc-4.8.1-20130603/obj-x86_64-redhat-linux/cloog-install --with-tune=generic --with-arch_32=i686 --build=x86_64-redhat-linux
Thread model: posix
gcc version 4.8.1 20130603 (Red Hat 4.8.1-1) (GCC) 
configure:3327: $? = 0
configure:3316: gcc -V >&5
gcc: error: unrecognized command line option '-V'
gcc: fatal error: no input files
compilation terminated.
configure:3327: $? = 4
configure:3316: gcc -qversion >&5
gcc: error: unrecognized command line option '-qversion'
gcc: fatal error: no input files
compilation terminated.
configure:3327: $? = 4
configure:3347: checking whether the C compiler works
configure:3369: gcc    conftest.c  >&5
configure:3373: $? = 0
configure:3421: result: yes
configure:3424: checking for C compiler default output file name
configure:3426: result: a.out
configure:3432: checking for suffix of executables
configure:3439: gcc -o conftest    conftest.c  >&5
configure:3443: $? = 0
configure:3465: result: 
configure:3487: checking whether we are cross compiling
configure:3495: gcc -o conftest    conftest.c  >&5
configure:3499: $? = 0
configure:3506: ./conftest
configure:3510: $? = 0
configure:3525: result: no
configure:3530: checking for suffix of object files
configure:3552: gcc -c   conftest.c >&5
configure:3556: $? = 0
configure:3577: result: o
configure:3581: checking whether we are using the GNU C compiler
configure:3600: gcc -c   conftest.c >&5
configure:3600: $? = 0
configure:3609: result: yes
configure:3618: checking whether gcc accepts -g
configure:3638: gcc -c -g  conftest.c >&5
configure:3638: $? = 0
configure:3679: result: yes
configure:3696: checking for gcc option to accept ISO C89
configure:3760: gcc  -c -g -O2  conftest.c >&5
configure:3760: $? = 0
configure:3773: result: none needed
configure:3795: checking dependency style of gcc
configure:3905: result: gcc3
configure:3926: checking how to run the C preprocessor
configure:3957: gcc -E  conftest.c
configure:3957: $? = 0
configure:3971: gcc -E  conftest.c
conftest.c:11:28: fatal error: ac_nonexistent.h: No such file or directory
 #include <ac_nonexistent.h>
                            ^
compilation terminated.
configure:3971: $? = 1
configure: failed program was:
| /* confdefs.h */
| #define PACKAGE_NAME "libspatialite-amalgamation"
| #define PACKAGE_TARNAME "libspatialite-amalgamation"
| #define PACKAGE_VERSION "3.0.1"
| #define PACKAGE_STRING "libspatialite-amalgamation 3.0.1"
| #define PACKAGE_BUGREPORT "a.furieri@lqt.it"
| #define PACKAGE_URL ""
| #define PACKAGE "libspatialite-amalgamation"
| #define VERSION "3.0.1"
| /* end confdefs.h.  */
| #include <ac_nonexistent.h>
configure:3996: result: gcc -E
configure:4016: gcc -E  conftest.c
configure:4016: $? = 0
configure:4030: gcc -E  conftest.c
conftest.c:11:28: fatal error: ac_nonexistent.h: No such file or directory
 #include <ac_nonexistent.h>
                            ^
compilation terminated.
configure:4030: $? = 1
configure: failed program was:
| /* confdefs.h */
| #define PACKAGE_NAME "libspatialite-amalgamation"
| #define PACKAGE_TARNAME "libspatialite-amalgamation"
| #define PACKAGE_VERSION "3.0.1"
| #define PACKAGE_STRING "libspatialite-amalgamation 3.0.1"
| #define PACKAGE_BUGREPORT "a.furieri@lqt.it"
| #define PACKAGE_URL ""
| #define PACKAGE "libspatialite-amalgamation"
| #define VERSION "3.0.1"
| /* end confdefs.h.  */
| #include <ac_nonexistent.h>
configure:4059: checking for grep that handles long lines and -e
configure:4117: result: /usr/bin/grep
configure:4122: checking for egrep
configure:4184: result: /usr/bin/grep -E
configure:4189: checking for ANSI C header files
configure:4209: gcc -c -g -O2  conftest.c >&5
configure:4209: $? = 0
configure:4282: gcc -o conftest -g -O2   conftest.c  >&5
configure:4282: $? = 0
configure:4282: ./conftest
configure:4282: $? = 0
configure:4293: result: yes
configure:4306: checking for sys/types.h
configure:4306: gcc -c -g -O2  conftest.c >&5
configure:4306: $? = 0
configure:4306: result: yes
configure:4306: checking for sys/stat.h
configure:4306: gcc -c -g -O2  conftest.c >&5
configure:4306: $? = 0
configure:4306: result: yes
configure:4306: checking for stdlib.h
configure:4306: gcc -c -g -O2  conftest.c >&5
configure:4306: $? = 0
configure:4306: result: yes
configure:4306: checking for string.h
configure:4306: gcc -c -g -O2  conftest.c >&5
configure:4306: $? = 0
configure:4306: result: yes
configure:4306: checking for memory.h
configure:4306: gcc -c -g -O2  conftest.c >&5
configure:4306: $? = 0
configure:4306: result: yes
configure:4306: checking for strings.h
configure:4306: gcc -c -g -O2  conftest.c >&5
configure:4306: $? = 0
configure:4306: result: yes
configure:4306: checking for inttypes.h
configure:4306: gcc -c -g -O2  conftest.c >&5
configure:4306: $? = 0
configure:4306: result: yes
configure:4306: checking for stdint.h
configure:4306: gcc -c -g -O2  conftest.c >&5
configure:4306: $? = 0
configure:4306: result: yes
configure:4306: checking for unistd.h
configure:4306: gcc -c -g -O2  conftest.c >&5
configure:4306: $? = 0
configure:4306: result: yes
configure:4320: checking for stdlib.h
configure:4320: result: yes
configure:4334: checking stdio.h usability
configure:4334: gcc -c -g -O2  conftest.c >&5
configure:4334: $? = 0
configure:4334: result: yes
configure:4334: checking stdio.h presence
configure:4334: gcc -E  conftest.c
configure:4334: $? = 0
configure:4334: result: yes
configure:4334: checking for stdio.h
configure:4334: result: yes
configure:4348: checking for string.h
configure:4348: result: yes
configure:4362: checking for memory.h
configure:4362: result: yes
configure:4376: checking math.h usability
configure:4376: gcc -c -g -O2  conftest.c >&5
configure:4376: $? = 0
configure:4376: result: yes
configure:4376: checking math.h presence
configure:4376: gcc -E  conftest.c
configure:4376: $? = 0
configure:4376: result: yes
configure:4376: checking for math.h
configure:4376: result: yes
configure:4390: checking float.h usability
configure:4390: gcc -c -g -O2  conftest.c >&5
configure:4390: $? = 0
configure:4390: result: yes
configure:4390: checking float.h presence
configure:4390: gcc -E  conftest.c
configure:4390: $? = 0
configure:4390: result: yes
configure:4390: checking for float.h
configure:4390: result: yes
configure:4404: checking fcntl.h usability
configure:4404: gcc -c -g -O2  conftest.c >&5
configure:4404: $? = 0
configure:4404: result: yes
configure:4404: checking fcntl.h presence
configure:4404: gcc -E  conftest.c
configure:4404: $? = 0
configure:4404: result: yes
configure:4404: checking for fcntl.h
configure:4404: result: yes
configure:4418: checking for inttypes.h
configure:4418: result: yes
configure:4432: checking stddef.h usability
configure:4432: gcc -c -g -O2  conftest.c >&5
configure:4432: $? = 0
configure:4432: result: yes
configure:4432: checking stddef.h presence
configure:4432: gcc -E  conftest.c
configure:4432: $? = 0
configure:4432: result: yes
configure:4432: checking for stddef.h
configure:4432: result: yes
configure:4446: checking for stdint.h
configure:4446: result: yes
configure:4460: checking sys/time.h usability
configure:4460: gcc -c -g -O2  conftest.c >&5
configure:4460: $? = 0
configure:4460: result: yes
configure:4460: checking sys/time.h presence
configure:4460: gcc -E  conftest.c
configure:4460: $? = 0
configure:4460: result: yes
configure:4460: checking for sys/time.h
configure:4460: result: yes
configure:4474: checking for unistd.h
configure:4474: result: yes
configure:4547: checking for g++
configure:4563: found /usr/bin/g++
configure:4574: result: g++
configure:4601: checking for C++ compiler version
configure:4610: g++ --version >&5
g++ (GCC) 4.8.1 20130603 (Red Hat 4.8.1-1)
Copyright (C) 2013 Free Software Foundation, Inc.
This is free software; see the source for copying conditions.  There is NO
warranty; not even for MERCHANTABILITY or FITNESS FOR A PARTICULAR PURPOSE.

configure:4621: $? = 0
configure:4610: g++ -v >&5
Using built-in specs.
COLLECT_GCC=g++
COLLECT_LTO_WRAPPER=/usr/libexec/gcc/x86_64-redhat-linux/4.8.1/lto-wrapper
Target: x86_64-redhat-linux
Configured with: ../configure --prefix=/usr --mandir=/usr/share/man --infodir=/usr/share/info --with-bugurl=http://bugzilla.redhat.com/bugzilla --enable-bootstrap --enable-shared --enable-threads=posix --enable-checking=release --with-system-zlib --enable-__cxa_atexit --disable-libunwind-exceptions --enable-gnu-unique-object --enable-linker-build-id --with-linker-hash-style=gnu --enable-languages=c,c++,objc,obj-c++,java,fortran,ada,go,lto --enable-plugin --enable-initfini-array --enable-java-awt=gtk --disable-dssi --with-java-home=/usr/lib/jvm/java-1.5.0-gcj-1.5.0.0/jre --enable-libgcj-multifile --enable-java-maintainer-mode --with-ecj-jar=/usr/share/java/eclipse-ecj.jar --disable-libjava-multilib --with-isl=/builddir/build/BUILD/gcc-4.8.1-20130603/obj-x86_64-redhat-linux/isl-install --with-cloog=/builddir/build/BUILD/gcc-4.8.1-20130603/obj-x86_64-redhat-linux/cloog-install --with-tune=generic --with-arch_32=i686 --build=x86_64-redhat-linux
Thread model: posix
gcc version 4.8.1 20130603 (Red Hat 4.8.1-1) (GCC) 
configure:4621: $? = 0
configure:4610: g++ -V >&5
g++: error: unrecognized command line option '-V'
g++: fatal error: no input files
compilation terminated.
configure:4621: $? = 4
configure:4610: g++ -qversion >&5
g++: error: unrecognized command line option '-qversion'
g++: fatal error: no input files
compilation terminated.
configure:4621: $? = 4
configure:4625: checking whether we are using the GNU C++ compiler
configure:4644: g++ -c   conftest.cpp >&5
configure:4644: $? = 0
configure:4653: result: yes
configure:4662: checking whether g++ accepts -g
configure:4682: g++ -c -g  conftest.cpp >&5
configure:4682: $? = 0
configure:4723: result: yes
configure:4748: checking dependency style of g++
configure:4858: result: gcc3
configure:4921: checking for gcc
configure:4948: result: gcc
configure:5177: checking for C compiler version
configure:5186: gcc --version >&5
gcc (GCC) 4.8.1 20130603 (Red Hat 4.8.1-1)
Copyright (C) 2013 Free Software Foundation, Inc.
This is free software; see the source for copying conditions.  There is NO
warranty; not even for MERCHANTABILITY or FITNESS FOR A PARTICULAR PURPOSE.

configure:5197: $? = 0
configure:5186: gcc -v >&5
Using built-in specs.
COLLECT_GCC=gcc
COLLECT_LTO_WRAPPER=/usr/libexec/gcc/x86_64-redhat-linux/4.8.1/lto-wrapper
Target: x86_64-redhat-linux
Configured with: ../configure --prefix=/usr --mandir=/usr/share/man --infodir=/usr/share/info --with-bugurl=http://bugzilla.redhat.com/bugzilla --enable-bootstrap --enable-shared --enable-threads=posix --enable-checking=release --with-system-zlib --enable-__cxa_atexit --disable-libunwind-exceptions --enable-gnu-unique-object --enable-linker-build-id --with-linker-hash-style=gnu --enable-languages=c,c++,objc,obj-c++,java,fortran,ada,go,lto --enable-plugin --enable-initfini-array --enable-java-awt=gtk --disable-dssi --with-java-home=/usr/lib/jvm/java-1.5.0-gcj-1.5.0.0/jre --enable-libgcj-multifile --enable-java-maintainer-mode --with-ecj-jar=/usr/share/java/eclipse-ecj.jar --disable-libjava-multilib --with-isl=/builddir/build/BUILD/gcc-4.8.1-20130603/obj-x86_64-redhat-linux/isl-install --with-cloog=/builddir/build/BUILD/gcc-4.8.1-20130603/obj-x86_64-redhat-linux/cloog-install --with-tune=generic --with-arch_32=i686 --build=x86_64-redhat-linux
Thread model: posix
gcc version 4.8.1 20130603 (Red Hat 4.8.1-1) (GCC) 
configure:5197: $? = 0
configure:5186: gcc -V >&5
gcc: error: unrecognized command line option '-V'
gcc: fatal error: no input files
compilation terminated.
configure:5197: $? = 4
configure:5186: gcc -qversion >&5
gcc: error: unrecognized command line option '-qversion'
gcc: fatal error: no input files
compilation terminated.
configure:5197: $? = 4
configure:5201: checking whether we are using the GNU C compiler
configure:5229: result: yes
configure:5238: checking whether gcc accepts -g
configure:5299: result: yes
configure:5316: checking for gcc option to accept ISO C89
configure:5393: result: none needed
configure:5415: checking dependency style of gcc
configure:5525: result: gcc3
configure:5545: checking how to run the C preprocessor
configure:5615: result: gcc -E
configure:5635: gcc -E  conftest.c
configure:5635: $? = 0
configure:5649: gcc -E  conftest.c
conftest.c:33:28: fatal error: ac_nonexistent.h: No such file or directory
 #include <ac_nonexistent.h>
                            ^
compilation terminated.
configure:5649: $? = 1
configure: failed program was:
| /* confdefs.h */
| #define PACKAGE_NAME "libspatialite-amalgamation"
| #define PACKAGE_TARNAME "libspatialite-amalgamation"
| #define PACKAGE_VERSION "3.0.1"
| #define PACKAGE_STRING "libspatialite-amalgamation 3.0.1"
| #define PACKAGE_BUGREPORT "a.furieri@lqt.it"
| #define PACKAGE_URL ""
| #define PACKAGE "libspatialite-amalgamation"
| #define VERSION "3.0.1"
| #define STDC_HEADERS 1
| #define HAVE_SYS_TYPES_H 1
| #define HAVE_SYS_STAT_H 1
| #define HAVE_STDLIB_H 1
| #define HAVE_STRING_H 1
| #define HAVE_MEMORY_H 1
| #define HAVE_STRINGS_H 1
| #define HAVE_INTTYPES_H 1
| #define HAVE_STDINT_H 1
| #define HAVE_UNISTD_H 1
| #define HAVE_STDLIB_H 1
| #define HAVE_STDIO_H 1
| #define HAVE_STRING_H 1
| #define HAVE_MEMORY_H 1
| #define HAVE_MATH_H 1
| #define HAVE_FLOAT_H 1
| #define HAVE_FCNTL_H 1
| #define HAVE_INTTYPES_H 1
| #define HAVE_STDDEF_H 1
| #define HAVE_STDINT_H 1
| #define HAVE_SYS_TIME_H 1
| #define HAVE_UNISTD_H 1
| /* end confdefs.h.  */
| #include <ac_nonexistent.h>
configure:5678: checking whether ln -s works
configure:5682: result: yes
configure:5689: checking whether make sets $(MAKE)
configure:5711: result: yes
configure:5724: checking build system type
configure:5738: result: x86_64-unknown-linux-gnu
configure:5758: checking host system type
configure:5771: result: x86_64-unknown-linux-gnu
configure:6140: checking how to print strings
configure:6167: result: printf
configure:6188: checking for a sed that does not truncate output
configure:6252: result: /usr/bin/sed
configure:6270: checking for fgrep
configure:6332: result: /usr/bin/grep -F
configure:6367: checking for ld used by gcc
configure:6434: result: /usr/bin/ld
configure:6441: checking if the linker (/usr/bin/ld) is GNU ld
configure:6456: result: yes
configure:6468: checking for BSD- or MS-compatible name lister (nm)
configure:6517: result: /usr/bin/nm -B
configure:6647: checking the name lister (/usr/bin/nm -B) interface
configure:6654: gcc -c -g -O2  conftest.c >&5
configure:6657: /usr/bin/nm -B "conftest.o"
configure:6660: output
0000000000000000 B some_variable
configure:6667: result: BSD nm
configure:6671: checking the maximum length of command line arguments
configure:6796: result: 1572864
configure:6813: checking whether the shell understands some XSI constructs
configure:6823: result: yes
configure:6827: checking whether the shell understands "+="
configure:6833: result: yes
configure:6868: checking how to convert x86_64-unknown-linux-gnu file names to x86_64-unknown-linux-gnu format
configure:6908: result: func_convert_file_noop
configure:6915: checking how to convert x86_64-unknown-linux-gnu file names to toolchain format
configure:6935: result: func_convert_file_noop
configure:6942: checking for /usr/bin/ld option to reload object files
configure:6949: result: -r
configure:7023: checking for objdump
configure:7050: result: objdump
configure:7079: checking how to recognize dependent libraries
configure:7281: result: pass_all
configure:7366: checking for dlltool
configure:7393: result: dlltool
configure:7423: checking how to associate runtime and link libraries
configure:7450: result: printf %s\n
configure:7510: checking for ar
configure:7526: found /usr/bin/ar
configure:7537: result: ar
configure:7574: checking for archiver @FILE support
configure:7591: gcc -c -g -O2  conftest.c >&5
configure:7591: $? = 0
configure:7594: ar cru libconftest.a @conftest.lst >&5
configure:7597: $? = 0
configure:7602: ar cru libconftest.a @conftest.lst >&5
ar: conftest.o: No such file or directory
configure:7605: $? = 1
configure:7617: result: @
configure:7675: checking for strip
configure:7691: found /usr/bin/strip
configure:7702: result: strip
configure:7774: checking for ranlib
configure:7790: found /usr/bin/ranlib
configure:7801: result: ranlib
configure:7903: checking command to parse /usr/bin/nm -B output from gcc object
configure:8022: gcc -c -g -O2  conftest.c >&5
configure:8025: $? = 0
configure:8029: /usr/bin/nm -B conftest.o \| sed -n -e 's/^.*[ ]\([ABCDGIRSTW][ABCDGIRSTW]*\)[ ][ ]*\([_A-Za-z][_A-Za-z0-9]*\)$/\1 \2 \2/p' | sed '/ __gnu_lto/d' \> conftest.nm
configure:8032: $? = 0
configure:8098: gcc -o conftest -g -O2   conftest.c conftstm.o >&5
configure:8101: $? = 0
configure:8139: result: ok
configure:8176: checking for sysroot
configure:8206: result: no
configure:8283: gcc -c -g -O2  conftest.c >&5
configure:8286: $? = 0
configure:8449: checking for mt
configure:8479: result: no
configure:8499: checking if : is a manifest tool
configure:8505: : '-?'
configure:8513: result: no
configure:9142: checking for dlfcn.h
configure:9142: gcc -c -g -O2  conftest.c >&5
configure:9142: $? = 0
configure:9142: result: yes
configure:9338: checking for objdir
configure:9353: result: .libs
configure:9620: checking if gcc supports -fno-rtti -fno-exceptions
configure:9638: gcc -c -g -O2  -fno-rtti -fno-exceptions conftest.c >&5
cc1: warning: command line option '-fno-rtti' is valid for C++/ObjC++ but not for C [enabled by default]
configure:9642: $? = 0
configure:9655: result: no
configure:9965: checking for gcc option to produce PIC
configure:9972: result: -fPIC -DPIC
configure:9980: checking if gcc PIC flag -fPIC -DPIC works
configure:9998: gcc -c -g -O2  -fPIC -DPIC -DPIC conftest.c >&5
configure:10002: $? = 0
configure:10015: result: yes
configure:10044: checking if gcc static flag -static works
configure:10072: result: no
configure:10087: checking if gcc supports -c -o file.o
configure:10108: gcc -c -g -O2  -o out/conftest2.o conftest.c >&5
configure:10112: $? = 0
configure:10134: result: yes
configure:10142: checking if gcc supports -c -o file.o
configure:10189: result: yes
configure:10222: checking whether the gcc linker (/usr/bin/ld -m elf_x86_64) supports shared libraries
configure:11380: result: yes
configure:11417: checking whether -lc should be explicitly linked in
configure:11425: gcc -c -g -O2  conftest.c >&5
configure:11428: $? = 0
configure:11443: gcc -shared  -fPIC -DPIC conftest.o  -v -Wl,-soname -Wl,conftest -o conftest 2\>\&1 \| /usr/bin/grep  -lc  \>/dev/null 2\>\&1
configure:11446: $? = 0
configure:11460: result: no
configure:11625: checking dynamic linker characteristics
configure:12139: gcc -o conftest -g -O2   -Wl,-rpath -Wl,/foo conftest.c  >&5
configure:12139: $? = 0
configure:12365: result: GNU/Linux ld.so
configure:12472: checking how to hardcode library paths into programs
configure:12497: result: immediate
configure:13037: checking whether stripping libraries is possible
configure:13042: result: yes
configure:13077: checking if libtool supports shared libraries
configure:13079: result: yes
configure:13082: checking whether to build shared libraries
configure:13103: result: yes
configure:13106: checking whether to build static libraries
configure:13110: result: yes
configure:13133: checking how to run the C++ preprocessor
configure:13160: g++ -E  conftest.cpp
configure:13160: $? = 0
configure:13174: g++ -E  conftest.cpp
conftest.cpp:35:28: fatal error: ac_nonexistent.h: No such file or directory
 #include <ac_nonexistent.h>
                            ^
compilation terminated.
configure:13174: $? = 1
configure: failed program was:
| /* confdefs.h */
| #define PACKAGE_NAME "libspatialite-amalgamation"
| #define PACKAGE_TARNAME "libspatialite-amalgamation"
| #define PACKAGE_VERSION "3.0.1"
| #define PACKAGE_STRING "libspatialite-amalgamation 3.0.1"
| #define PACKAGE_BUGREPORT "a.furieri@lqt.it"
| #define PACKAGE_URL ""
| #define PACKAGE "libspatialite-amalgamation"
| #define VERSION "3.0.1"
| #define STDC_HEADERS 1
| #define HAVE_SYS_TYPES_H 1
| #define HAVE_SYS_STAT_H 1
| #define HAVE_STDLIB_H 1
| #define HAVE_STRING_H 1
| #define HAVE_MEMORY_H 1
| #define HAVE_STRINGS_H 1
| #define HAVE_INTTYPES_H 1
| #define HAVE_STDINT_H 1
| #define HAVE_UNISTD_H 1
| #define HAVE_STDLIB_H 1
| #define HAVE_STDIO_H 1
| #define HAVE_STRING_H 1
| #define HAVE_MEMORY_H 1
| #define HAVE_MATH_H 1
| #define HAVE_FLOAT_H 1
| #define HAVE_FCNTL_H 1
| #define HAVE_INTTYPES_H 1
| #define HAVE_STDDEF_H 1
| #define HAVE_STDINT_H 1
| #define HAVE_SYS_TIME_H 1
| #define HAVE_UNISTD_H 1
| #define HAVE_DLFCN_H 1
| #define LT_OBJDIR ".libs/"
| /* end confdefs.h.  */
| #include <ac_nonexistent.h>
configure:13199: result: g++ -E
configure:13219: g++ -E  conftest.cpp
configure:13219: $? = 0
configure:13233: g++ -E  conftest.cpp
conftest.cpp:35:28: fatal error: ac_nonexistent.h: No such file or directory
 #include <ac_nonexistent.h>
                            ^
compilation terminated.
configure:13233: $? = 1
configure: failed program was:
| /* confdefs.h */
| #define PACKAGE_NAME "libspatialite-amalgamation"
| #define PACKAGE_TARNAME "libspatialite-amalgamation"
| #define PACKAGE_VERSION "3.0.1"
| #define PACKAGE_STRING "libspatialite-amalgamation 3.0.1"
| #define PACKAGE_BUGREPORT "a.furieri@lqt.it"
| #define PACKAGE_URL ""
| #define PACKAGE "libspatialite-amalgamation"
| #define VERSION "3.0.1"
| #define STDC_HEADERS 1
| #define HAVE_SYS_TYPES_H 1
| #define HAVE_SYS_STAT_H 1
| #define HAVE_STDLIB_H 1
| #define HAVE_STRING_H 1
| #define HAVE_MEMORY_H 1
| #define HAVE_STRINGS_H 1
| #define HAVE_INTTYPES_H 1
| #define HAVE_STDINT_H 1
| #define HAVE_UNISTD_H 1
| #define HAVE_STDLIB_H 1
| #define HAVE_STDIO_H 1
| #define HAVE_STRING_H 1
| #define HAVE_MEMORY_H 1
| #define HAVE_MATH_H 1
| #define HAVE_FLOAT_H 1
| #define HAVE_FCNTL_H 1
| #define HAVE_INTTYPES_H 1
| #define HAVE_STDDEF_H 1
| #define HAVE_STDINT_H 1
| #define HAVE_SYS_TIME_H 1
| #define HAVE_UNISTD_H 1
| #define HAVE_DLFCN_H 1
| #define LT_OBJDIR ".libs/"
| /* end confdefs.h.  */
| #include <ac_nonexistent.h>
configure:13403: checking for ld used by g++
configure:13470: result: /usr/bin/ld -m elf_x86_64
configure:13477: checking if the linker (/usr/bin/ld -m elf_x86_64) is GNU ld
configure:13492: result: yes
configure:13547: checking whether the g++ linker (/usr/bin/ld -m elf_x86_64) supports shared libraries
configure:14551: result: yes
configure:14586: g++ -c -g -O2  conftest.cpp >&5
configure:14589: $? = 0
configure:15109: checking for g++ option to produce PIC
configure:15116: result: -fPIC -DPIC
configure:15124: checking if g++ PIC flag -fPIC -DPIC works
configure:15142: g++ -c -g -O2  -fPIC -DPIC -DPIC conftest.cpp >&5
configure:15146: $? = 0
configure:15159: result: yes
configure:15182: checking if g++ static flag -static works
configure:15210: result: no
configure:15222: checking if g++ supports -c -o file.o
configure:15243: g++ -c -g -O2  -o out/conftest2.o conftest.cpp >&5
configure:15247: $? = 0
configure:15269: result: yes
configure:15274: checking if g++ supports -c -o file.o
configure:15321: result: yes
configure:15351: checking whether the g++ linker (/usr/bin/ld -m elf_x86_64) supports shared libraries
configure:15385: result: yes
configure:15528: checking dynamic linker characteristics
configure:16202: result: GNU/Linux ld.so
configure:16255: checking how to hardcode library paths into programs
configure:16280: result: immediate
configure:16341: checking for an ANSI C-conforming const
configure:16406: gcc -c -g -O2  conftest.c >&5
configure:16406: $? = 0
configure:16413: result: yes
configure:16421: checking for off_t
configure:16421: gcc -c -g -O2  conftest.c >&5
configure:16421: $? = 0
configure:16421: gcc -c -g -O2  conftest.c >&5
conftest.c: In function 'main':
conftest.c:71:20: error: expected expression before ')' token
 if (sizeof ((off_t)))
                    ^
configure:16421: $? = 1
configure: failed program was:
| /* confdefs.h */
| #define PACKAGE_NAME "libspatialite-amalgamation"
| #define PACKAGE_TARNAME "libspatialite-amalgamation"
| #define PACKAGE_VERSION "3.0.1"
| #define PACKAGE_STRING "libspatialite-amalgamation 3.0.1"
| #define PACKAGE_BUGREPORT "a.furieri@lqt.it"
| #define PACKAGE_URL ""
| #define PACKAGE "libspatialite-amalgamation"
| #define VERSION "3.0.1"
| #define STDC_HEADERS 1
| #define HAVE_SYS_TYPES_H 1
| #define HAVE_SYS_STAT_H 1
| #define HAVE_STDLIB_H 1
| #define HAVE_STRING_H 1
| #define HAVE_MEMORY_H 1
| #define HAVE_STRINGS_H 1
| #define HAVE_INTTYPES_H 1
| #define HAVE_STDINT_H 1
| #define HAVE_UNISTD_H 1
| #define HAVE_STDLIB_H 1
| #define HAVE_STDIO_H 1
| #define HAVE_STRING_H 1
| #define HAVE_MEMORY_H 1
| #define HAVE_MATH_H 1
| #define HAVE_FLOAT_H 1
| #define HAVE_FCNTL_H 1
| #define HAVE_INTTYPES_H 1
| #define HAVE_STDDEF_H 1
| #define HAVE_STDINT_H 1
| #define HAVE_SYS_TIME_H 1
| #define HAVE_UNISTD_H 1
| #define HAVE_DLFCN_H 1
| #define LT_OBJDIR ".libs/"
| /* end confdefs.h.  */
| #include <stdio.h>
| #ifdef HAVE_SYS_TYPES_H
| # include <sys/types.h>
| #endif
| #ifdef HAVE_SYS_STAT_H
| # include <sys/stat.h>
| #endif
| #ifdef STDC_HEADERS
| # include <stdlib.h>
| # include <stddef.h>
| #else
| # ifdef HAVE_STDLIB_H
| #  include <stdlib.h>
| # endif
| #endif
| #ifdef HAVE_STRING_H
| # if !defined STDC_HEADERS && defined HAVE_MEMORY_H
| #  include <memory.h>
| # endif
| # include <string.h>
| #endif
| #ifdef HAVE_STRINGS_H
| # include <strings.h>
| #endif
| #ifdef HAVE_INTTYPES_H
| # include <inttypes.h>
| #endif
| #ifdef HAVE_STDINT_H
| # include <stdint.h>
| #endif
| #ifdef HAVE_UNISTD_H
| # include <unistd.h>
| #endif
| int
| main ()
| {
| if (sizeof ((off_t)))
| 	    return 0;
|   ;
|   return 0;
| }
configure:16421: result: yes
configure:16432: checking for size_t
configure:16432: gcc -c -g -O2  conftest.c >&5
configure:16432: $? = 0
configure:16432: gcc -c -g -O2  conftest.c >&5
conftest.c: In function 'main':
conftest.c:71:21: error: expected expression before ')' token
 if (sizeof ((size_t)))
                     ^
configure:16432: $? = 1
configure: failed program was:
| /* confdefs.h */
| #define PACKAGE_NAME "libspatialite-amalgamation"
| #define PACKAGE_TARNAME "libspatialite-amalgamation"
| #define PACKAGE_VERSION "3.0.1"
| #define PACKAGE_STRING "libspatialite-amalgamation 3.0.1"
| #define PACKAGE_BUGREPORT "a.furieri@lqt.it"
| #define PACKAGE_URL ""
| #define PACKAGE "libspatialite-amalgamation"
| #define VERSION "3.0.1"
| #define STDC_HEADERS 1
| #define HAVE_SYS_TYPES_H 1
| #define HAVE_SYS_STAT_H 1
| #define HAVE_STDLIB_H 1
| #define HAVE_STRING_H 1
| #define HAVE_MEMORY_H 1
| #define HAVE_STRINGS_H 1
| #define HAVE_INTTYPES_H 1
| #define HAVE_STDINT_H 1
| #define HAVE_UNISTD_H 1
| #define HAVE_STDLIB_H 1
| #define HAVE_STDIO_H 1
| #define HAVE_STRING_H 1
| #define HAVE_MEMORY_H 1
| #define HAVE_MATH_H 1
| #define HAVE_FLOAT_H 1
| #define HAVE_FCNTL_H 1
| #define HAVE_INTTYPES_H 1
| #define HAVE_STDDEF_H 1
| #define HAVE_STDINT_H 1
| #define HAVE_SYS_TIME_H 1
| #define HAVE_UNISTD_H 1
| #define HAVE_DLFCN_H 1
| #define LT_OBJDIR ".libs/"
| /* end confdefs.h.  */
| #include <stdio.h>
| #ifdef HAVE_SYS_TYPES_H
| # include <sys/types.h>
| #endif
| #ifdef HAVE_SYS_STAT_H
| # include <sys/stat.h>
| #endif
| #ifdef STDC_HEADERS
| # include <stdlib.h>
| # include <stddef.h>
| #else
| # ifdef HAVE_STDLIB_H
| #  include <stdlib.h>
| # endif
| #endif
| #ifdef HAVE_STRING_H
| # if !defined STDC_HEADERS && defined HAVE_MEMORY_H
| #  include <memory.h>
| # endif
| # include <string.h>
| #endif
| #ifdef HAVE_STRINGS_H
| # include <strings.h>
| #endif
| #ifdef HAVE_INTTYPES_H
| # include <inttypes.h>
| #endif
| #ifdef HAVE_STDINT_H
| # include <stdint.h>
| #endif
| #ifdef HAVE_UNISTD_H
| # include <unistd.h>
| #endif
| int
| main ()
| {
| if (sizeof ((size_t)))
| 	    return 0;
|   ;
|   return 0;
| }
configure:16432: result: yes
configure:16443: checking whether time.h and sys/time.h may both be included
configure:16463: gcc -c -g -O2  conftest.c >&5
configure:16463: $? = 0
configure:16470: result: yes
configure:16478: checking whether struct tm is in sys/time.h or time.h
configure:16498: gcc -c -g -O2  conftest.c >&5
configure:16498: $? = 0
configure:16505: result: time.h
configure:16513: checking for working volatile
configure:16532: gcc -c -g -O2  conftest.c >&5
configure:16532: $? = 0
configure:16539: result: yes
configure:16549: checking whether lstat correctly handles trailing slash
configure:16575: gcc -o conftest -g -O2   conftest.c  >&5
configure:16575: $? = 0
configure:16575: ./conftest
configure:16575: $? = 0
configure:16592: result: yes
configure:16611: checking whether lstat accepts an empty string
configure:16631: gcc -o conftest -g -O2   conftest.c  >&5
configure:16631: $? = 0
configure:16631: ./conftest
configure:16631: $? = 0
configure:16641: result: no
configure:16657: checking whether lstat correctly handles trailing slash
configure:16700: result: yes
configure:16719: checking for working memcmp
configure:16762: gcc -o conftest -g -O2   conftest.c  >&5
configure:16762: $? = 0
configure:16762: ./conftest
configure:16762: $? = 0
configure:16772: result: yes
configure:16781: checking whether stat accepts an empty string
configure:16801: gcc -o conftest -g -O2   conftest.c  >&5
configure:16801: $? = 0
configure:16801: ./conftest
configure:16801: $? = 0
configure:16811: result: no
configure:16829: checking for strftime
configure:16829: gcc -o conftest -g -O2   conftest.c  >&5
conftest.c:61:6: warning: conflicting types for built-in function 'strftime' [enabled by default]
 char strftime ();
      ^
configure:16829: $? = 0
configure:16829: result: yes
configure:16885: checking for memset
configure:16885: gcc -o conftest -g -O2   conftest.c  >&5
conftest.c:62:6: warning: conflicting types for built-in function 'memset' [enabled by default]
 char memset ();
      ^
configure:16885: $? = 0
configure:16885: result: yes
configure:16885: checking for sqrt
configure:16885: gcc -o conftest -g -O2   conftest.c  >&5
conftest.c:63:6: warning: conflicting types for built-in function 'sqrt' [enabled by default]
 char sqrt ();
      ^
/tmp/cc19rcn1.o: In function `main':
/home/michael/www/ilc-app/lib/libspatialite-amalgamation-3.0.1/conftest.c:74: undefined reference to `sqrt'
collect2: error: ld returned 1 exit status
configure:16885: $? = 1
configure: failed program was:
| /* confdefs.h */
| #define PACKAGE_NAME "libspatialite-amalgamation"
| #define PACKAGE_TARNAME "libspatialite-amalgamation"
| #define PACKAGE_VERSION "3.0.1"
| #define PACKAGE_STRING "libspatialite-amalgamation 3.0.1"
| #define PACKAGE_BUGREPORT "a.furieri@lqt.it"
| #define PACKAGE_URL ""
| #define PACKAGE "libspatialite-amalgamation"
| #define VERSION "3.0.1"
| #define STDC_HEADERS 1
| #define HAVE_SYS_TYPES_H 1
| #define HAVE_SYS_STAT_H 1
| #define HAVE_STDLIB_H 1
| #define HAVE_STRING_H 1
| #define HAVE_MEMORY_H 1
| #define HAVE_STRINGS_H 1
| #define HAVE_INTTYPES_H 1
| #define HAVE_STDINT_H 1
| #define HAVE_UNISTD_H 1
| #define HAVE_STDLIB_H 1
| #define HAVE_STDIO_H 1
| #define HAVE_STRING_H 1
| #define HAVE_MEMORY_H 1
| #define HAVE_MATH_H 1
| #define HAVE_FLOAT_H 1
| #define HAVE_FCNTL_H 1
| #define HAVE_INTTYPES_H 1
| #define HAVE_STDDEF_H 1
| #define HAVE_STDINT_H 1
| #define HAVE_SYS_TIME_H 1
| #define HAVE_UNISTD_H 1
| #define HAVE_DLFCN_H 1
| #define LT_OBJDIR ".libs/"
| #define TIME_WITH_SYS_TIME 1
| #define LSTAT_FOLLOWS_SLASHED_SYMLINK 1
| #define LSTAT_FOLLOWS_SLASHED_SYMLINK 1
| #define HAVE_STRFTIME 1
| #define HAVE_MEMSET 1
| /* end confdefs.h.  */
| /* Define sqrt to an innocuous variant, in case <limits.h> declares sqrt.
|    For example, HP-UX 11i <limits.h> declares gettimeofday.  */
| #define sqrt innocuous_sqrt
| 
| /* System header to define __stub macros and hopefully few prototypes,
|     which can conflict with char sqrt (); below.
|     Prefer <limits.h> to <assert.h> if __STDC__ is defined, since
|     <limits.h> exists even on freestanding compilers.  */
| 
| #ifdef __STDC__
| # include <limits.h>
| #else
| # include <assert.h>
| #endif
| 
| #undef sqrt
| 
| /* Override any GCC internal prototype to avoid an error.
|    Use char because int might match the return type of a GCC
|    builtin and then its argument prototype would still apply.  */
| #ifdef __cplusplus
| extern "C"
| #endif
| char sqrt ();
| /* The GNU C library defines this for functions which it implements
|     to always fail with ENOSYS.  Some functions are actually named
|     something starting with __ and the normal name is an alias.  */
| #if defined __stub_sqrt || defined __stub___sqrt
| choke me
| #endif
| 
| int
| main ()
| {
| return sqrt ();
|   ;
|   return 0;
| }
configure:16885: result: no
configure:16885: checking for strcasecmp
configure:16885: gcc -o conftest -g -O2   conftest.c  >&5
conftest.c:63:6: warning: conflicting types for built-in function 'strcasecmp' [enabled by default]
 char strcasecmp ();
      ^
configure:16885: $? = 0
configure:16885: result: yes
configure:16885: checking for strerror
configure:16885: gcc -o conftest -g -O2   conftest.c  >&5
configure:16885: $? = 0
configure:16885: result: yes
configure:16885: checking for strncasecmp
configure:16885: gcc -o conftest -g -O2   conftest.c  >&5
conftest.c:65:6: warning: conflicting types for built-in function 'strncasecmp' [enabled by default]
 char strncasecmp ();
      ^
configure:16885: $? = 0
configure:16885: result: yes
configure:16885: checking for strstr
configure:16885: gcc -o conftest -g -O2   conftest.c  >&5
conftest.c:66:6: warning: conflicting types for built-in function 'strstr' [enabled by default]
 char strstr ();
      ^
configure:16885: $? = 0
configure:16885: result: yes
configure:16885: checking for fdatasync
configure:16885: gcc -o conftest -g -O2   conftest.c  >&5
configure:16885: $? = 0
configure:16885: result: yes
configure:16885: checking for ftruncate
configure:16885: gcc -o conftest -g -O2   conftest.c  >&5
configure:16885: $? = 0
configure:16885: result: yes
configure:16885: checking for getcwd
configure:16885: gcc -o conftest -g -O2   conftest.c  >&5
configure:16885: $? = 0
configure:16885: result: yes
configure:16885: checking for gettimeofday
configure:16885: gcc -o conftest -g -O2   conftest.c  >&5
configure:16885: $? = 0
configure:16885: result: yes
configure:16885: checking for localtime_r
configure:16885: gcc -o conftest -g -O2   conftest.c  >&5
configure:16885: $? = 0
configure:16885: result: yes
configure:16885: checking for memmove
configure:16885: gcc -o conftest -g -O2   conftest.c  >&5
conftest.c:72:6: warning: conflicting types for built-in function 'memmove' [enabled by default]
 char memmove ();
      ^
configure:16885: $? = 0
configure:16885: result: yes
configure:16885: checking for strerror
configure:16885: result: yes
configure:16948: checking proj_api.h usability
configure:16948: gcc -c -g -O2  conftest.c >&5
configure:16948: $? = 0
configure:16948: result: yes
configure:16948: checking proj_api.h presence
configure:16948: gcc -E  conftest.c
configure:16948: $? = 0
configure:16948: result: yes
configure:16948: checking for proj_api.h
configure:16948: result: yes
configure:16960: checking for library containing pj_init_plus
configure:16991: gcc -o conftest -g -O2   conftest.c  >&5
/tmp/cco25bzt.o: In function `main':
/home/michael/www/ilc-app/lib/libspatialite-amalgamation-3.0.1/conftest.c:63: undefined reference to `pj_init_plus'
collect2: error: ld returned 1 exit status
configure:16991: $? = 1
configure: failed program was:
| /* confdefs.h */
| #define PACKAGE_NAME "libspatialite-amalgamation"
| #define PACKAGE_TARNAME "libspatialite-amalgamation"
| #define PACKAGE_VERSION "3.0.1"
| #define PACKAGE_STRING "libspatialite-amalgamation 3.0.1"
| #define PACKAGE_BUGREPORT "a.furieri@lqt.it"
| #define PACKAGE_URL ""
| #define PACKAGE "libspatialite-amalgamation"
| #define VERSION "3.0.1"
| #define STDC_HEADERS 1
| #define HAVE_SYS_TYPES_H 1
| #define HAVE_SYS_STAT_H 1
| #define HAVE_STDLIB_H 1
| #define HAVE_STRING_H 1
| #define HAVE_MEMORY_H 1
| #define HAVE_STRINGS_H 1
| #define HAVE_INTTYPES_H 1
| #define HAVE_STDINT_H 1
| #define HAVE_UNISTD_H 1
| #define HAVE_STDLIB_H 1
| #define HAVE_STDIO_H 1
| #define HAVE_STRING_H 1
| #define HAVE_MEMORY_H 1
| #define HAVE_MATH_H 1
| #define HAVE_FLOAT_H 1
| #define HAVE_FCNTL_H 1
| #define HAVE_INTTYPES_H 1
| #define HAVE_STDDEF_H 1
| #define HAVE_STDINT_H 1
| #define HAVE_SYS_TIME_H 1
| #define HAVE_UNISTD_H 1
| #define HAVE_DLFCN_H 1
| #define LT_OBJDIR ".libs/"
| #define TIME_WITH_SYS_TIME 1
| #define LSTAT_FOLLOWS_SLASHED_SYMLINK 1
| #define LSTAT_FOLLOWS_SLASHED_SYMLINK 1
| #define HAVE_STRFTIME 1
| #define HAVE_MEMSET 1
| #define HAVE_STRCASECMP 1
| #define HAVE_STRERROR 1
| #define HAVE_STRNCASECMP 1
| #define HAVE_STRSTR 1
| #define HAVE_FDATASYNC 1
| #define HAVE_FTRUNCATE 1
| #define HAVE_GETCWD 1
| #define HAVE_GETTIMEOFDAY 1
| #define HAVE_LOCALTIME_R 1
| #define HAVE_MEMMOVE 1
| #define HAVE_STRERROR 1
| #define HAVE_PROJ_API_H 1
| /* end confdefs.h.  */
| 
| /* Override any GCC internal prototype to avoid an error.
|    Use char because int might match the return type of a GCC
|    builtin and then its argument prototype would still apply.  */
| #ifdef __cplusplus
| extern "C"
| #endif
| char pj_init_plus ();
| int
| main ()
| {
| return pj_init_plus ();
|   ;
|   return 0;
| }
configure:16991: gcc -o conftest -g -O2   conftest.c -lproj -lm  >&5
configure:16991: $? = 0
configure:17008: result: -lproj
configure:17038: checking geos_c.h usability
configure:17038: gcc -c -g -O2  conftest.c >&5
configure:17038: $? = 0
configure:17038: result: yes
configure:17038: checking geos_c.h presence
configure:17038: gcc -E  conftest.c
configure:17038: $? = 0
configure:17038: result: yes
configure:17038: checking for geos_c.h
configure:17038: result: yes
configure:17050: checking for library containing GEOSTopologyPreserveSimplify
configure:17081: gcc -o conftest -g -O2   conftest.c -lproj  >&5
/tmp/cclz1BJx.o: In function `main':
/home/michael/www/ilc-app/lib/libspatialite-amalgamation-3.0.1/conftest.c:64: undefined reference to `GEOSTopologyPreserveSimplify'
collect2: error: ld returned 1 exit status
configure:17081: $? = 1
configure: failed program was:
| /* confdefs.h */
| #define PACKAGE_NAME "libspatialite-amalgamation"
| #define PACKAGE_TARNAME "libspatialite-amalgamation"
| #define PACKAGE_VERSION "3.0.1"
| #define PACKAGE_STRING "libspatialite-amalgamation 3.0.1"
| #define PACKAGE_BUGREPORT "a.furieri@lqt.it"
| #define PACKAGE_URL ""
| #define PACKAGE "libspatialite-amalgamation"
| #define VERSION "3.0.1"
| #define STDC_HEADERS 1
| #define HAVE_SYS_TYPES_H 1
| #define HAVE_SYS_STAT_H 1
| #define HAVE_STDLIB_H 1
| #define HAVE_STRING_H 1
| #define HAVE_MEMORY_H 1
| #define HAVE_STRINGS_H 1
| #define HAVE_INTTYPES_H 1
| #define HAVE_STDINT_H 1
| #define HAVE_UNISTD_H 1
| #define HAVE_STDLIB_H 1
| #define HAVE_STDIO_H 1
| #define HAVE_STRING_H 1
| #define HAVE_MEMORY_H 1
| #define HAVE_MATH_H 1
| #define HAVE_FLOAT_H 1
| #define HAVE_FCNTL_H 1
| #define HAVE_INTTYPES_H 1
| #define HAVE_STDDEF_H 1
| #define HAVE_STDINT_H 1
| #define HAVE_SYS_TIME_H 1
| #define HAVE_UNISTD_H 1
| #define HAVE_DLFCN_H 1
| #define LT_OBJDIR ".libs/"
| #define TIME_WITH_SYS_TIME 1
| #define LSTAT_FOLLOWS_SLASHED_SYMLINK 1
| #define LSTAT_FOLLOWS_SLASHED_SYMLINK 1
| #define HAVE_STRFTIME 1
| #define HAVE_MEMSET 1
| #define HAVE_STRCASECMP 1
| #define HAVE_STRERROR 1
| #define HAVE_STRNCASECMP 1
| #define HAVE_STRSTR 1
| #define HAVE_FDATASYNC 1
| #define HAVE_FTRUNCATE 1
| #define HAVE_GETCWD 1
| #define HAVE_GETTIMEOFDAY 1
| #define HAVE_LOCALTIME_R 1
| #define HAVE_MEMMOVE 1
| #define HAVE_STRERROR 1
| #define HAVE_PROJ_API_H 1
| #define HAVE_GEOS_C_H 1
| /* end confdefs.h.  */
| 
| /* Override any GCC internal prototype to avoid an error.
|    Use char because int might match the return type of a GCC
|    builtin and then its argument prototype would still apply.  */
| #ifdef __cplusplus
| extern "C"
| #endif
| char GEOSTopologyPreserveSimplify ();
| int
| main ()
| {
| return GEOSTopologyPreserveSimplify ();
|   ;
|   return 0;
| }
configure:17081: gcc -o conftest -g -O2   conftest.c -lgeos_c -lm -lgeos -lproj  >&5
configure:17081: $? = 0
configure:17098: result: -lgeos_c
configure:17120: checking for library containing GEOSCoveredBy
configure:17151: gcc -o conftest -g -O2   conftest.c -lgeos_c -lproj  >&5
configure:17151: $? = 0
configure:17168: result: none required
configure:17201: checking iconv.h usability
configure:17201: gcc -c -g -O2  conftest.c >&5
configure:17201: $? = 0
configure:17201: result: yes
configure:17201: checking iconv.h presence
configure:17201: gcc -E  conftest.c
configure:17201: $? = 0
configure:17201: result: yes
configure:17201: checking for iconv.h
configure:17201: result: yes
configure:17215: checking for library containing iconv
configure:17246: gcc -o conftest -g -O2   conftest.c -lgeos_c -lproj  >&5
configure:17246: $? = 0
configure:17263: result: none required
configure:17330: checking for library containing locale_charset
configure:17361: gcc -o conftest -g -O2   conftest.c -lgeos_c -lproj  >&5
/tmp/ccSFQapP.o: In function `main':
/home/michael/www/ilc-app/lib/libspatialite-amalgamation-3.0.1/conftest.c:65: undefined reference to `locale_charset'
collect2: error: ld returned 1 exit status
configure:17361: $? = 1
configure: failed program was:
| /* confdefs.h */
| #define PACKAGE_NAME "libspatialite-amalgamation"
| #define PACKAGE_TARNAME "libspatialite-amalgamation"
| #define PACKAGE_VERSION "3.0.1"
| #define PACKAGE_STRING "libspatialite-amalgamation 3.0.1"
| #define PACKAGE_BUGREPORT "a.furieri@lqt.it"
| #define PACKAGE_URL ""
| #define PACKAGE "libspatialite-amalgamation"
| #define VERSION "3.0.1"
| #define STDC_HEADERS 1
| #define HAVE_SYS_TYPES_H 1
| #define HAVE_SYS_STAT_H 1
| #define HAVE_STDLIB_H 1
| #define HAVE_STRING_H 1
| #define HAVE_MEMORY_H 1
| #define HAVE_STRINGS_H 1
| #define HAVE_INTTYPES_H 1
| #define HAVE_STDINT_H 1
| #define HAVE_UNISTD_H 1
| #define HAVE_STDLIB_H 1
| #define HAVE_STDIO_H 1
| #define HAVE_STRING_H 1
| #define HAVE_MEMORY_H 1
| #define HAVE_MATH_H 1
| #define HAVE_FLOAT_H 1
| #define HAVE_FCNTL_H 1
| #define HAVE_INTTYPES_H 1
| #define HAVE_STDDEF_H 1
| #define HAVE_STDINT_H 1
| #define HAVE_SYS_TIME_H 1
| #define HAVE_UNISTD_H 1
| #define HAVE_DLFCN_H 1
| #define LT_OBJDIR ".libs/"
| #define TIME_WITH_SYS_TIME 1
| #define LSTAT_FOLLOWS_SLASHED_SYMLINK 1
| #define LSTAT_FOLLOWS_SLASHED_SYMLINK 1
| #define HAVE_STRFTIME 1
| #define HAVE_MEMSET 1
| #define HAVE_STRCASECMP 1
| #define HAVE_STRERROR 1
| #define HAVE_STRNCASECMP 1
| #define HAVE_STRSTR 1
| #define HAVE_FDATASYNC 1
| #define HAVE_FTRUNCATE 1
| #define HAVE_GETCWD 1
| #define HAVE_GETTIMEOFDAY 1
| #define HAVE_LOCALTIME_R 1
| #define HAVE_MEMMOVE 1
| #define HAVE_STRERROR 1
| #define HAVE_PROJ_API_H 1
| #define HAVE_GEOS_C_H 1
| #define HAVE_ICONV_H 1
| /* end confdefs.h.  */
| 
| /* Override any GCC internal prototype to avoid an error.
|    Use char because int might match the return type of a GCC
|    builtin and then its argument prototype would still apply.  */
| #ifdef __cplusplus
| extern "C"
| #endif
| char locale_charset ();
| int
| main ()
| {
| return locale_charset ();
|   ;
|   return 0;
| }
configure:17361: gcc -o conftest -g -O2   conftest.c -lcharset  -lgeos_c -lproj  >&5
/usr/bin/ld: cannot find -lcharset
collect2: error: ld returned 1 exit status
configure:17361: $? = 1
configure: failed program was:
| /* confdefs.h */
| #define PACKAGE_NAME "libspatialite-amalgamation"
| #define PACKAGE_TARNAME "libspatialite-amalgamation"
| #define PACKAGE_VERSION "3.0.1"
| #define PACKAGE_STRING "libspatialite-amalgamation 3.0.1"
| #define PACKAGE_BUGREPORT "a.furieri@lqt.it"
| #define PACKAGE_URL ""
| #define PACKAGE "libspatialite-amalgamation"
| #define VERSION "3.0.1"
| #define STDC_HEADERS 1
| #define HAVE_SYS_TYPES_H 1
| #define HAVE_SYS_STAT_H 1
| #define HAVE_STDLIB_H 1
| #define HAVE_STRING_H 1
| #define HAVE_MEMORY_H 1
| #define HAVE_STRINGS_H 1
| #define HAVE_INTTYPES_H 1
| #define HAVE_STDINT_H 1
| #define HAVE_UNISTD_H 1
| #define HAVE_STDLIB_H 1
| #define HAVE_STDIO_H 1
| #define HAVE_STRING_H 1
| #define HAVE_MEMORY_H 1
| #define HAVE_MATH_H 1
| #define HAVE_FLOAT_H 1
| #define HAVE_FCNTL_H 1
| #define HAVE_INTTYPES_H 1
| #define HAVE_STDDEF_H 1
| #define HAVE_STDINT_H 1
| #define HAVE_SYS_TIME_H 1
| #define HAVE_UNISTD_H 1
| #define HAVE_DLFCN_H 1
| #define LT_OBJDIR ".libs/"
| #define TIME_WITH_SYS_TIME 1
| #define LSTAT_FOLLOWS_SLASHED_SYMLINK 1
| #define LSTAT_FOLLOWS_SLASHED_SYMLINK 1
| #define HAVE_STRFTIME 1
| #define HAVE_MEMSET 1
| #define HAVE_STRCASECMP 1
| #define HAVE_STRERROR 1
| #define HAVE_STRNCASECMP 1
| #define HAVE_STRSTR 1
| #define HAVE_FDATASYNC 1
| #define HAVE_FTRUNCATE 1
| #define HAVE_GETCWD 1
| #define HAVE_GETTIMEOFDAY 1
| #define HAVE_LOCALTIME_R 1
| #define HAVE_MEMMOVE 1
| #define HAVE_STRERROR 1
| #define HAVE_PROJ_API_H 1
| #define HAVE_GEOS_C_H 1
| #define HAVE_ICONV_H 1
| /* end confdefs.h.  */
| 
| /* Override any GCC internal prototype to avoid an error.
|    Use char because int might match the return type of a GCC
|    builtin and then its argument prototype would still apply.  */
| #ifdef __cplusplus
| extern "C"
| #endif
| char locale_charset ();
| int
| main ()
| {
| return locale_charset ();
|   ;
|   return 0;
| }
configure:17378: result: no
configure:17385: checking for library containing nl_langinfo
configure:17416: gcc -o conftest -g -O2   conftest.c -lgeos_c -lproj  >&5
configure:17416: $? = 0
configure:17433: result: none required
configure:17464: checking freexl.h usability
configure:17464: gcc -c -g -O2  conftest.c >&5
configure:17464: $? = 0
configure:17464: result: yes
configure:17464: checking freexl.h presence
configure:17464: gcc -E  conftest.c
configure:17464: $? = 0
configure:17464: result: yes
configure:17464: checking for freexl.h
configure:17464: result: yes
configure:17476: checking for library containing freexl_open
configure:17507: gcc -o conftest -g -O2   conftest.c -lgeos_c -lproj  >&5
/tmp/ccRUFMqQ.o: In function `main':
/home/michael/www/ilc-app/lib/libspatialite-amalgamation-3.0.1/conftest.c:66: undefined reference to `freexl_open'
collect2: error: ld returned 1 exit status
configure:17507: $? = 1
configure: failed program was:
| /* confdefs.h */
| #define PACKAGE_NAME "libspatialite-amalgamation"
| #define PACKAGE_TARNAME "libspatialite-amalgamation"
| #define PACKAGE_VERSION "3.0.1"
| #define PACKAGE_STRING "libspatialite-amalgamation 3.0.1"
| #define PACKAGE_BUGREPORT "a.furieri@lqt.it"
| #define PACKAGE_URL ""
| #define PACKAGE "libspatialite-amalgamation"
| #define VERSION "3.0.1"
| #define STDC_HEADERS 1
| #define HAVE_SYS_TYPES_H 1
| #define HAVE_SYS_STAT_H 1
| #define HAVE_STDLIB_H 1
| #define HAVE_STRING_H 1
| #define HAVE_MEMORY_H 1
| #define HAVE_STRINGS_H 1
| #define HAVE_INTTYPES_H 1
| #define HAVE_STDINT_H 1
| #define HAVE_UNISTD_H 1
| #define HAVE_STDLIB_H 1
| #define HAVE_STDIO_H 1
| #define HAVE_STRING_H 1
| #define HAVE_MEMORY_H 1
| #define HAVE_MATH_H 1
| #define HAVE_FLOAT_H 1
| #define HAVE_FCNTL_H 1
| #define HAVE_INTTYPES_H 1
| #define HAVE_STDDEF_H 1
| #define HAVE_STDINT_H 1
| #define HAVE_SYS_TIME_H 1
| #define HAVE_UNISTD_H 1
| #define HAVE_DLFCN_H 1
| #define LT_OBJDIR ".libs/"
| #define TIME_WITH_SYS_TIME 1
| #define LSTAT_FOLLOWS_SLASHED_SYMLINK 1
| #define LSTAT_FOLLOWS_SLASHED_SYMLINK 1
| #define HAVE_STRFTIME 1
| #define HAVE_MEMSET 1
| #define HAVE_STRCASECMP 1
| #define HAVE_STRERROR 1
| #define HAVE_STRNCASECMP 1
| #define HAVE_STRSTR 1
| #define HAVE_FDATASYNC 1
| #define HAVE_FTRUNCATE 1
| #define HAVE_GETCWD 1
| #define HAVE_GETTIMEOFDAY 1
| #define HAVE_LOCALTIME_R 1
| #define HAVE_MEMMOVE 1
| #define HAVE_STRERROR 1
| #define HAVE_PROJ_API_H 1
| #define HAVE_GEOS_C_H 1
| #define HAVE_ICONV_H 1
| #define HAVE_FREEXL_H 1
| /* end confdefs.h.  */
| 
| /* Override any GCC internal prototype to avoid an error.
|    Use char because int might match the return type of a GCC
|    builtin and then its argument prototype would still apply.  */
| #ifdef __cplusplus
| extern "C"
| #endif
| char freexl_open ();
| int
| main ()
| {
| return freexl_open ();
|   ;
|   return 0;
| }
configure:17507: gcc -o conftest -g -O2   conftest.c -lfreexl -lm -lgeos_c -lproj  >&5
configure:17507: $? = 0
configure:17524: result: -lfreexl
configure:17763: creating ./config.status

## ---------------------- ##
## Running config.status. ##
## ---------------------- ##

This file was extended by libspatialite-amalgamation config.status 3.0.1, which was
generated by GNU Autoconf 2.68.  Invocation command line was

  CONFIG_FILES    = 
  CONFIG_HEADERS  = 
  CONFIG_LINKS    = 
  CONFIG_COMMANDS = 
  $ ./config.status 

on motorcycle

config.status:1097: creating Makefile
config.status:1097: creating headers/Makefile
config.status:1097: creating spatialite.pc
config.status:1269: executing depfiles commands
config.status:1269: executing libtool commands

## ---------------- ##
## Cache variables. ##
## ---------------- ##

ac_cv_build=x86_64-unknown-linux-gnu
ac_cv_c_compiler_gnu=yes
ac_cv_c_const=yes
ac_cv_c_volatile=yes
ac_cv_cxx_compiler_gnu=yes
ac_cv_env_CCC_set=
ac_cv_env_CCC_value=
ac_cv_env_CC_set=
ac_cv_env_CC_value=
ac_cv_env_CFLAGS_set=
ac_cv_env_CFLAGS_value=
ac_cv_env_CPPFLAGS_set=
ac_cv_env_CPPFLAGS_value=
ac_cv_env_CPP_set=
ac_cv_env_CPP_value=
ac_cv_env_CXXCPP_set=
ac_cv_env_CXXCPP_value=
ac_cv_env_CXXFLAGS_set=
ac_cv_env_CXXFLAGS_value=
ac_cv_env_CXX_set=
ac_cv_env_CXX_value=
ac_cv_env_LDFLAGS_set=
ac_cv_env_LDFLAGS_value=
ac_cv_env_LIBS_set=
ac_cv_env_LIBS_value=
ac_cv_env_build_alias_set=
ac_cv_env_build_alias_value=
ac_cv_env_host_alias_set=
ac_cv_env_host_alias_value=
ac_cv_env_target_alias_set=
ac_cv_env_target_alias_value=
ac_cv_func_fdatasync=yes
ac_cv_func_ftruncate=yes
ac_cv_func_getcwd=yes
ac_cv_func_gettimeofday=yes
ac_cv_func_localtime_r=yes
ac_cv_func_lstat_dereferences_slashed_symlink=yes
ac_cv_func_lstat_empty_string_bug=no
ac_cv_func_memcmp_working=yes
ac_cv_func_memmove=yes
ac_cv_func_memset=yes
ac_cv_func_sqrt=no
ac_cv_func_stat_empty_string_bug=no
ac_cv_func_strcasecmp=yes
ac_cv_func_strerror=yes
ac_cv_func_strftime=yes
ac_cv_func_strncasecmp=yes
ac_cv_func_strstr=yes
ac_cv_header_dlfcn_h=yes
ac_cv_header_fcntl_h=yes
ac_cv_header_float_h=yes
ac_cv_header_freexl_h=yes
ac_cv_header_geos_c_h=yes
ac_cv_header_iconv_h=yes
ac_cv_header_inttypes_h=yes
ac_cv_header_math_h=yes
ac_cv_header_memory_h=yes
ac_cv_header_proj_api_h=yes
ac_cv_header_stdc=yes
ac_cv_header_stddef_h=yes
ac_cv_header_stdint_h=yes
ac_cv_header_stdio_h=yes
ac_cv_header_stdlib_h=yes
ac_cv_header_string_h=yes
ac_cv_header_strings_h=yes
ac_cv_header_sys_stat_h=yes
ac_cv_header_sys_time_h=yes
ac_cv_header_sys_types_h=yes
ac_cv_header_time=yes
ac_cv_header_unistd_h=yes
ac_cv_host=x86_64-unknown-linux-gnu
ac_cv_objext=o
ac_cv_path_EGREP='/usr/bin/grep -E'
ac_cv_path_FGREP='/usr/bin/grep -F'
ac_cv_path_GREP=/usr/bin/grep
ac_cv_path_SED=/usr/bin/sed
ac_cv_path_install='/usr/bin/install -c'
ac_cv_path_mkdir=/usr/bin/mkdir
ac_cv_prog_AWK=gawk
ac_cv_prog_CPP='gcc -E'
ac_cv_prog_CXXCPP='g++ -E'
ac_cv_prog_ac_ct_AR=ar
ac_cv_prog_ac_ct_CC=gcc
ac_cv_prog_ac_ct_CXX=g++
ac_cv_prog_ac_ct_DLLTOOL=dlltool
ac_cv_prog_ac_ct_OBJDUMP=objdump
ac_cv_prog_ac_ct_RANLIB=ranlib
ac_cv_prog_ac_ct_STRIP=strip
ac_cv_prog_cc_c89=
ac_cv_prog_cc_g=yes
ac_cv_prog_cxx_g=yes
ac_cv_prog_make_make_set=yes
ac_cv_search_GEOSCoveredBy='none required'
ac_cv_search_GEOSTopologyPreserveSimplify=-lgeos_c
ac_cv_search_freexl_open=-lfreexl
ac_cv_search_iconv='none required'
ac_cv_search_locale_charset=no
ac_cv_search_nl_langinfo='none required'
ac_cv_search_pj_init_plus=-lproj
ac_cv_struct_tm=time.h
ac_cv_type_off_t=yes
ac_cv_type_size_t=yes
am_cv_CC_dependencies_compiler_type=gcc3
am_cv_CXX_dependencies_compiler_type=gcc3
lt_cv_ar_at_file=@
lt_cv_archive_cmds_need_lc=no
lt_cv_deplibs_check_method=pass_all
lt_cv_file_magic_cmd='$MAGIC_CMD'
lt_cv_file_magic_test_file=
lt_cv_ld_reload_flag=-r
lt_cv_nm_interface='BSD nm'
lt_cv_objdir=.libs
lt_cv_path_LD=/usr/bin/ld
lt_cv_path_LDCXX='/usr/bin/ld -m elf_x86_64'
lt_cv_path_NM='/usr/bin/nm -B'
lt_cv_path_mainfest_tool=no
lt_cv_prog_compiler_c_o=yes
lt_cv_prog_compiler_c_o_CXX=yes
lt_cv_prog_compiler_pic='-fPIC -DPIC'
lt_cv_prog_compiler_pic_CXX='-fPIC -DPIC'
lt_cv_prog_compiler_pic_works=yes
lt_cv_prog_compiler_pic_works_CXX=yes
lt_cv_prog_compiler_rtti_exceptions=no
lt_cv_prog_compiler_static_works=no
lt_cv_prog_compiler_static_works_CXX=no
lt_cv_prog_gnu_ld=yes
lt_cv_prog_gnu_ldcxx=yes
lt_cv_sharedlib_from_linklib_cmd='printf %s\n'
lt_cv_shlibpath_overrides_runpath=no
lt_cv_sys_global_symbol_pipe='sed -n -e '\''s/^.*[	 ]\([ABCDGIRSTW][ABCDGIRSTW]*\)[	 ][	 ]*\([_A-Za-z][_A-Za-z0-9]*\)$/\1 \2 \2/p'\'' | sed '\''/ __gnu_lto/d'\'''
lt_cv_sys_global_symbol_to_c_name_address='sed -n -e '\''s/^: \([^ ]*\)[ ]*$/  {\"\1\", (void *) 0},/p'\'' -e '\''s/^[ABCDGIRSTW]* \([^ ]*\) \([^ ]*\)$/  {"\2", (void *) \&\2},/p'\'''
lt_cv_sys_global_symbol_to_c_name_address_lib_prefix='sed -n -e '\''s/^: \([^ ]*\)[ ]*$/  {\"\1\", (void *) 0},/p'\'' -e '\''s/^[ABCDGIRSTW]* \([^ ]*\) \(lib[^ ]*\)$/  {"\2", (void *) \&\2},/p'\'' -e '\''s/^[ABCDGIRSTW]* \([^ ]*\) \([^ ]*\)$/  {"lib\2", (void *) \&\2},/p'\'''
lt_cv_sys_global_symbol_to_cdecl='sed -n -e '\''s/^T .* \(.*\)$/extern int \1();/p'\'' -e '\''s/^[ABCDGIRSTW]* .* \(.*\)$/extern char \1;/p'\'''
lt_cv_sys_max_cmd_len=1572864
lt_cv_to_host_file_cmd=func_convert_file_noop
lt_cv_to_tool_file_cmd=func_convert_file_noop

## ----------------- ##
## Output variables. ##
## ----------------- ##

ACLOCAL='${SHELL} /home/michael/www/ilc-app/lib/libspatialite-amalgamation-3.0.1/missing --run aclocal-1.11'
AMDEPBACKSLASH='\'
AMDEP_FALSE='#'
AMDEP_TRUE=''
AMTAR='${SHELL} /home/michael/www/ilc-app/lib/libspatialite-amalgamation-3.0.1/missing --run tar'
AR='ar'
AS='as'
AUTOCONF='${SHELL} /home/michael/www/ilc-app/lib/libspatialite-amalgamation-3.0.1/missing --run autoconf'
AUTOHEADER='${SHELL} /home/michael/www/ilc-app/lib/libspatialite-amalgamation-3.0.1/missing --run autoheader'
AUTOMAKE='${SHELL} /home/michael/www/ilc-app/lib/libspatialite-amalgamation-3.0.1/missing --run automake-1.11'
AWK='gawk'
CC='gcc'
CCDEPMODE='depmode=gcc3'
CFLAGS='-g -O2'
CPP='gcc -E'
CPPFLAGS=''
CXX='g++'
CXXCPP='g++ -E'
CXXDEPMODE='depmode=gcc3'
CXXFLAGS='-g -O2'
CYGPATH_W='echo'
DEFS='-DPACKAGE_NAME=\"libspatialite-amalgamation\" -DPACKAGE_TARNAME=\"libspatialite-amalgamation\" -DPACKAGE_VERSION=\"3.0.1\" -DPACKAGE_STRING=\"libspatialite-amalgamation\ 3.0.1\" -DPACKAGE_BUGREPORT=\"a.furieri@lqt.it\" -DPACKAGE_URL=\"\" -DPACKAGE=\"libspatialite-amalgamation\" -DVERSION=\"3.0.1\" -DSTDC_HEADERS=1 -DHAVE_SYS_TYPES_H=1 -DHAVE_SYS_STAT_H=1 -DHAVE_STDLIB_H=1 -DHAVE_STRING_H=1 -DHAVE_MEMORY_H=1 -DHAVE_STRINGS_H=1 -DHAVE_INTTYPES_H=1 -DHAVE_STDINT_H=1 -DHAVE_UNISTD_H=1 -DHAVE_STDLIB_H=1 -DHAVE_STDIO_H=1 -DHAVE_STRING_H=1 -DHAVE_MEMORY_H=1 -DHAVE_MATH_H=1 -DHAVE_FLOAT_H=1 -DHAVE_FCNTL_H=1 -DHAVE_INTTYPES_H=1 -DHAVE_STDDEF_H=1 -DHAVE_STDINT_H=1 -DHAVE_SYS_TIME_H=1 -DHAVE_UNISTD_H=1 -DHAVE_DLFCN_H=1 -DLT_OBJDIR=\".libs/\" -DTIME_WITH_SYS_TIME=1 -DLSTAT_FOLLOWS_SLASHED_SYMLINK=1 -DLSTAT_FOLLOWS_SLASHED_SYMLINK=1 -DHAVE_STRFTIME=1 -DHAVE_MEMSET=1 -DHAVE_STRCASECMP=1 -DHAVE_STRERROR=1 -DHAVE_STRNCASECMP=1 -DHAVE_STRSTR=1 -DHAVE_FDATASYNC=1 -DHAVE_FTRUNCATE=1 -DHAVE_GETCWD=1 -DHAVE_GETTIMEOFDAY=1 -DHAVE_LOCALTIME_R=1 -DHAVE_MEMMOVE=1 -DHAVE_STRERROR=1 -DHAVE_PROJ_API_H=1 -DHAVE_GEOS_C_H=1 -DHAVE_ICONV_H=1 -DHAVE_FREEXL_H=1'
DEPDIR='.deps'
DLLTOOL='dlltool'
DSYMUTIL=''
DUMPBIN=''
ECHO_C=''
ECHO_N='-n'
ECHO_T=''
EGREP='/usr/bin/grep -E'
EXEEXT=''
FGREP='/usr/bin/grep -F'
GEOSADVANCED_FLAGS='-DGEOS_ADVANCED'
GREP='/usr/bin/grep'
INSTALL_DATA='${INSTALL} -m 644'
INSTALL_PROGRAM='${INSTALL}'
INSTALL_SCRIPT='${INSTALL}'
INSTALL_STRIP_PROGRAM='$(install_sh) -c -s'
LD='/usr/bin/ld -m elf_x86_64'
LDFLAGS=''
LIBOBJS=''
LIBS='-lfreexl -lgeos_c -lproj '
LIBTOOL='$(SHELL) $(top_builddir)/libtool'
LIPO=''
LN_S='ln -s'
LTLIBOBJS=''
MACOSX_FALSE=''
MACOSX_TRUE='#'
MAINT='#'
MAINTAINER_MODE_FALSE=''
MAINTAINER_MODE_TRUE='#'
MAKEINFO='${SHELL} /home/michael/www/ilc-app/lib/libspatialite-amalgamation-3.0.1/missing --run makeinfo'
MANIFEST_TOOL=':'
MINGW_FALSE=''
MINGW_TRUE='#'
MKDIR_P='/usr/bin/mkdir -p'
NM='/usr/bin/nm -B'
NMEDIT=''
OBJDUMP='objdump'
OBJEXT='o'
OMIT_EPSG_FLAGS=''
OMIT_FREEXL_FLAGS=''
OMIT_GEOCALLBACKS_FLAGS=''
OMIT_GEOS_FLAGS=''
OMIT_ICONV_FLAGS=''
OMIT_MATHSQL_FLAGS=''
OMIT_PROJ_FLAGS=''
OTOOL64=''
OTOOL=''
PACKAGE='libspatialite-amalgamation'
PACKAGE_BUGREPORT='a.furieri@lqt.it'
PACKAGE_NAME='libspatialite-amalgamation'
PACKAGE_STRING='libspatialite-amalgamation 3.0.1'
PACKAGE_TARNAME='libspatialite-amalgamation'
PACKAGE_URL=''
PACKAGE_VERSION='3.0.1'
PATH_SEPARATOR=':'
RANLIB='ranlib'
SED='/usr/bin/sed'
SET_MAKE=''
SHELL='/bin/sh'
STRIP='strip'
VERSION='3.0.1'
ac_ct_AR='ar'
ac_ct_CC='gcc'
ac_ct_CXX='g++'
ac_ct_DUMPBIN=''
am__EXEEXT_FALSE=''
am__EXEEXT_TRUE='#'
am__fastdepCC_FALSE='#'
am__fastdepCC_TRUE=''
am__fastdepCXX_FALSE='#'
am__fastdepCXX_TRUE=''
am__include='include'
am__isrc=''
am__leading_dot='.'
am__quote=''
am__tar='${AMTAR} chof - "$$tardir"'
am__untar='${AMTAR} xf -'
bindir='${exec_prefix}/bin'
build='x86_64-unknown-linux-gnu'
build_alias=''
build_cpu='x86_64'
build_os='linux-gnu'
build_vendor='unknown'
datadir='${datarootdir}'
datarootdir='${prefix}/share'
docdir='${datarootdir}/doc/${PACKAGE_TARNAME}'
dvidir='${docdir}'
exec_prefix='${prefix}'
host='x86_64-unknown-linux-gnu'
host_alias=''
host_cpu='x86_64'
host_os='linux-gnu'
host_vendor='unknown'
htmldir='${docdir}'
includedir='${prefix}/include'
infodir='${datarootdir}/info'
install_sh='${SHELL} /home/michael/www/ilc-app/lib/libspatialite-amalgamation-3.0.1/install-sh'
libdir='${exec_prefix}/lib'
libexecdir='${exec_prefix}/libexec'
localedir='${datarootdir}/locale'
localstatedir='${prefix}/var'
mandir='${datarootdir}/man'
mkdir_p='/usr/bin/mkdir -p'
oldincludedir='/usr/include'
pdfdir='${docdir}'
prefix='/usr/local'
program_transform_name='s,x,x,'
psdir='${docdir}'
sbindir='${exec_prefix}/sbin'
sharedstatedir='${prefix}/com'
sysconfdir='${prefix}/etc'
target_alias=''

## ----------- ##
## confdefs.h. ##
## ----------- ##

/* confdefs.h */
#define PACKAGE_NAME "libspatialite-amalgamation"
#define PACKAGE_TARNAME "libspatialite-amalgamation"
#define PACKAGE_VERSION "3.0.1"
#define PACKAGE_STRING "libspatialite-amalgamation 3.0.1"
#define PACKAGE_BUGREPORT "a.furieri@lqt.it"
#define PACKAGE_URL ""
#define PACKAGE "libspatialite-amalgamation"
#define VERSION "3.0.1"
#define STDC_HEADERS 1
#define HAVE_SYS_TYPES_H 1
#define HAVE_SYS_STAT_H 1
#define HAVE_STDLIB_H 1
#define HAVE_STRING_H 1
#define HAVE_MEMORY_H 1
#define HAVE_STRINGS_H 1
#define HAVE_INTTYPES_H 1
#define HAVE_STDINT_H 1
#define HAVE_UNISTD_H 1
#define HAVE_STDLIB_H 1
#define HAVE_STDIO_H 1
#define HAVE_STRING_H 1
#define HAVE_MEMORY_H 1
#define HAVE_MATH_H 1
#define HAVE_FLOAT_H 1
#define HAVE_FCNTL_H 1
#define HAVE_INTTYPES_H 1
#define HAVE_STDDEF_H 1
#define HAVE_STDINT_H 1
#define HAVE_SYS_TIME_H 1
#define HAVE_UNISTD_H 1
#define HAVE_DLFCN_H 1
#define LT_OBJDIR ".libs/"
#define TIME_WITH_SYS_TIME 1
#define LSTAT_FOLLOWS_SLASHED_SYMLINK 1
#define LSTAT_FOLLOWS_SLASHED_SYMLINK 1
#define HAVE_STRFTIME 1
#define HAVE_MEMSET 1
#define HAVE_STRCASECMP 1
#define HAVE_STRERROR 1
#define HAVE_STRNCASECMP 1
#define HAVE_STRSTR 1
#define HAVE_FDATASYNC 1
#define HAVE_FTRUNCATE 1
#define HAVE_GETCWD 1
#define HAVE_GETTIMEOFDAY 1
#define HAVE_LOCALTIME_R 1
#define HAVE_MEMMOVE 1
#define HAVE_STRERROR 1
#define HAVE_PROJ_API_H 1
#define HAVE_GEOS_C_H 1
#define HAVE_ICONV_H 1
#define HAVE_FREEXL_H 1

configure: exit 0
