This file contains any messages produced by compilers while
running configure, to aid debugging if configure makes a mistake.

It was created by spatialite-tools configure 3.1.0b, which was
generated by GNU Autoconf 2.68.  Invocation command line was

  $ ./configure 

## --------- ##
## Platform. ##
## --------- ##

hostname = motorcycle
uname -m = x86_64
uname -r = 3.10.10-200.fc19.x86_64
uname -s = Linux
uname -v = #1 SMP Thu Aug 29 19:05:45 UTC 2013

/usr/bin/uname -p = x86_64
/bin/uname -X     = unknown

/bin/arch              = x86_64
/usr/bin/arch -k       = unknown
/usr/convex/getsysinfo = unknown
/usr/bin/hostinfo      = unknown
/bin/machine           = unknown
/usr/bin/oslevel       = unknown
/bin/universe          = unknown

PATH: /home/michael/www/ilc-app/venv/bin
PATH: /usr/lib64/qt-3.3/bin
PATH: /usr/local/bin
PATH: /usr/bin
PATH: /bin
PATH: /usr/local/sbin
PATH: /usr/sbin
PATH: /home/michael/.local/bin
PATH: /home/michael/bin
PATH: /home/michael/.local/bin
PATH: /home/michael/bin
PATH: /usr/lib/node_modules
PATH: /home/michael/.local/bin
PATH: /home/michael/bin


## ----------- ##
## Core tests. ##
## ----------- ##

configure:2469: checking for a BSD-compatible install
configure:2537: result: /usr/bin/install -c
configure:2548: checking whether build environment is sane
configure:2598: result: yes
configure:2739: checking for a thread-safe mkdir -p
configure:2778: result: /usr/bin/mkdir -p
configure:2791: checking for gawk
configure:2807: found /usr/bin/gawk
configure:2818: result: gawk
configure:2829: checking whether make sets $(MAKE)
configure:2851: result: yes
configure:2932: checking whether to enable maintainer-specific portions of Makefiles
configure:2941: result: no
configure:2973: checking for style of include used by make
configure:3001: result: GNU
configure:3071: checking for gcc
configure:3087: found /usr/bin/gcc
configure:3098: result: gcc
configure:3327: checking for C compiler version
configure:3336: gcc --version >&5
gcc (GCC) 4.8.1 20130603 (Red Hat 4.8.1-1)
Copyright (C) 2013 Free Software Foundation, Inc.
This is free software; see the source for copying conditions.  There is NO
warranty; not even for MERCHANTABILITY or FITNESS FOR A PARTICULAR PURPOSE.

configure:3347: $? = 0
configure:3336: gcc -v >&5
Using built-in specs.
COLLECT_GCC=gcc
COLLECT_LTO_WRAPPER=/usr/libexec/gcc/x86_64-redhat-linux/4.8.1/lto-wrapper
Target: x86_64-redhat-linux
Configured with: ../configure --prefix=/usr --mandir=/usr/share/man --infodir=/usr/share/info --with-bugurl=http://bugzilla.redhat.com/bugzilla --enable-bootstrap --enable-shared --enable-threads=posix --enable-checking=release --with-system-zlib --enable-__cxa_atexit --disable-libunwind-exceptions --enable-gnu-unique-object --enable-linker-build-id --with-linker-hash-style=gnu --enable-languages=c,c++,objc,obj-c++,java,fortran,ada,go,lto --enable-plugin --enable-initfini-array --enable-java-awt=gtk --disable-dssi --with-java-home=/usr/lib/jvm/java-1.5.0-gcj-1.5.0.0/jre --enable-libgcj-multifile --enable-java-maintainer-mode --with-ecj-jar=/usr/share/java/eclipse-ecj.jar --disable-libjava-multilib --with-isl=/builddir/build/BUILD/gcc-4.8.1-20130603/obj-x86_64-redhat-linux/isl-install --with-cloog=/builddir/build/BUILD/gcc-4.8.1-20130603/obj-x86_64-redhat-linux/cloog-install --with-tune=generic --with-arch_32=i686 --build=x86_64-redhat-linux
Thread model: posix
gcc version 4.8.1 20130603 (Red Hat 4.8.1-1) (GCC) 
configure:3347: $? = 0
configure:3336: gcc -V >&5
gcc: error: unrecognized command line option '-V'
gcc: fatal error: no input files
compilation terminated.
configure:3347: $? = 4
configure:3336: gcc -qversion >&5
gcc: error: unrecognized command line option '-qversion'
gcc: fatal error: no input files
compilation terminated.
configure:3347: $? = 4
configure:3367: checking whether the C compiler works
configure:3389: gcc -I/usr/local/include -I/usr/local/include -L/usr/local/lib conftest.c -lspatialite >&5
configure:3393: $? = 0
configure:3441: result: yes
configure:3444: checking for C compiler default output file name
configure:3446: result: a.out
configure:3452: checking for suffix of executables
configure:3459: gcc -o conftest -I/usr/local/include -I/usr/local/include -L/usr/local/lib conftest.c -lspatialite >&5
configure:3463: $? = 0
configure:3485: result: 
configure:3507: checking whether we are cross compiling
configure:3515: gcc -o conftest -I/usr/local/include -I/usr/local/include -L/usr/local/lib conftest.c -lspatialite >&5
configure:3519: $? = 0
configure:3526: ./conftest
configure:3530: $? = 0
configure:3545: result: no
configure:3550: checking for suffix of object files
configure:3572: gcc -c -I/usr/local/include -I/usr/local/include conftest.c >&5
configure:3576: $? = 0
configure:3597: result: o
configure:3601: checking whether we are using the GNU C compiler
configure:3620: gcc -c -I/usr/local/include -I/usr/local/include conftest.c >&5
configure:3620: $? = 0
configure:3629: result: yes
configure:3638: checking whether gcc accepts -g
configure:3658: gcc -c -g -I/usr/local/include conftest.c >&5
configure:3658: $? = 0
configure:3699: result: yes
configure:3716: checking for gcc option to accept ISO C89
configure:3780: gcc  -c -I/usr/local/include -I/usr/local/include conftest.c >&5
configure:3780: $? = 0
configure:3793: result: none needed
configure:3815: checking dependency style of gcc
configure:3925: result: gcc3
configure:3946: checking how to run the C preprocessor
configure:3977: gcc -E -I/usr/local/include conftest.c
configure:3977: $? = 0
configure:3991: gcc -E -I/usr/local/include conftest.c
conftest.c:11:28: fatal error: ac_nonexistent.h: No such file or directory
 #include <ac_nonexistent.h>
                            ^
compilation terminated.
configure:3991: $? = 1
configure: failed program was:
| /* confdefs.h */
| #define PACKAGE_NAME "spatialite-tools"
| #define PACKAGE_TARNAME "spatialite-tools"
| #define PACKAGE_VERSION "3.1.0b"
| #define PACKAGE_STRING "spatialite-tools 3.1.0b"
| #define PACKAGE_BUGREPORT "a.furieri@lqt.it"
| #define PACKAGE_URL ""
| #define PACKAGE "spatialite-tools"
| #define VERSION "3.1.0b"
| /* end confdefs.h.  */
| #include <ac_nonexistent.h>
configure:4016: result: gcc -E
configure:4036: gcc -E -I/usr/local/include conftest.c
configure:4036: $? = 0
configure:4050: gcc -E -I/usr/local/include conftest.c
conftest.c:11:28: fatal error: ac_nonexistent.h: No such file or directory
 #include <ac_nonexistent.h>
                            ^
compilation terminated.
configure:4050: $? = 1
configure: failed program was:
| /* confdefs.h */
| #define PACKAGE_NAME "spatialite-tools"
| #define PACKAGE_TARNAME "spatialite-tools"
| #define PACKAGE_VERSION "3.1.0b"
| #define PACKAGE_STRING "spatialite-tools 3.1.0b"
| #define PACKAGE_BUGREPORT "a.furieri@lqt.it"
| #define PACKAGE_URL ""
| #define PACKAGE "spatialite-tools"
| #define VERSION "3.1.0b"
| /* end confdefs.h.  */
| #include <ac_nonexistent.h>
configure:4079: checking for grep that handles long lines and -e
configure:4137: result: /usr/bin/grep
configure:4142: checking for egrep
configure:4204: result: /usr/bin/grep -E
configure:4209: checking for ANSI C header files
configure:4229: gcc -c -I/usr/local/include -I/usr/local/include conftest.c >&5
configure:4229: $? = 0
configure:4302: gcc -o conftest -I/usr/local/include -I/usr/local/include -L/usr/local/lib conftest.c -lspatialite >&5
configure:4302: $? = 0
configure:4302: ./conftest
configure:4302: $? = 0
configure:4313: result: yes
configure:4326: checking for sys/types.h
configure:4326: gcc -c -I/usr/local/include -I/usr/local/include conftest.c >&5
configure:4326: $? = 0
configure:4326: result: yes
configure:4326: checking for sys/stat.h
configure:4326: gcc -c -I/usr/local/include -I/usr/local/include conftest.c >&5
configure:4326: $? = 0
configure:4326: result: yes
configure:4326: checking for stdlib.h
configure:4326: gcc -c -I/usr/local/include -I/usr/local/include conftest.c >&5
configure:4326: $? = 0
configure:4326: result: yes
configure:4326: checking for string.h
configure:4326: gcc -c -I/usr/local/include -I/usr/local/include conftest.c >&5
configure:4326: $? = 0
configure:4326: result: yes
configure:4326: checking for memory.h
configure:4326: gcc -c -I/usr/local/include -I/usr/local/include conftest.c >&5
configure:4326: $? = 0
configure:4326: result: yes
configure:4326: checking for strings.h
configure:4326: gcc -c -I/usr/local/include -I/usr/local/include conftest.c >&5
configure:4326: $? = 0
configure:4326: result: yes
configure:4326: checking for inttypes.h
configure:4326: gcc -c -I/usr/local/include -I/usr/local/include conftest.c >&5
configure:4326: $? = 0
configure:4326: result: yes
configure:4326: checking for stdint.h
configure:4326: gcc -c -I/usr/local/include -I/usr/local/include conftest.c >&5
configure:4326: $? = 0
configure:4326: result: yes
configure:4326: checking for unistd.h
configure:4326: gcc -c -I/usr/local/include -I/usr/local/include conftest.c >&5
configure:4326: $? = 0
configure:4326: result: yes
configure:4340: checking for stdlib.h
configure:4340: result: yes
configure:4354: checking stdio.h usability
configure:4354: gcc -c -I/usr/local/include -I/usr/local/include conftest.c >&5
configure:4354: $? = 0
configure:4354: result: yes
configure:4354: checking stdio.h presence
configure:4354: gcc -E -I/usr/local/include conftest.c
configure:4354: $? = 0
configure:4354: result: yes
configure:4354: checking for stdio.h
configure:4354: result: yes
configure:4368: checking for string.h
configure:4368: result: yes
configure:4382: checking for memory.h
configure:4382: result: yes
configure:4396: checking math.h usability
configure:4396: gcc -c -I/usr/local/include -I/usr/local/include conftest.c >&5
configure:4396: $? = 0
configure:4396: result: yes
configure:4396: checking math.h presence
configure:4396: gcc -E -I/usr/local/include conftest.c
configure:4396: $? = 0
configure:4396: result: yes
configure:4396: checking for math.h
configure:4396: result: yes
configure:4410: checking float.h usability
configure:4410: gcc -c -I/usr/local/include -I/usr/local/include conftest.c >&5
configure:4410: $? = 0
configure:4410: result: yes
configure:4410: checking float.h presence
configure:4410: gcc -E -I/usr/local/include conftest.c
configure:4410: $? = 0
configure:4410: result: yes
configure:4410: checking for float.h
configure:4410: result: yes
configure:4424: checking fcntl.h usability
configure:4424: gcc -c -I/usr/local/include -I/usr/local/include conftest.c >&5
configure:4424: $? = 0
configure:4424: result: yes
configure:4424: checking fcntl.h presence
configure:4424: gcc -E -I/usr/local/include conftest.c
configure:4424: $? = 0
configure:4424: result: yes
configure:4424: checking for fcntl.h
configure:4424: result: yes
configure:4438: checking for inttypes.h
configure:4438: result: yes
configure:4452: checking stddef.h usability
configure:4452: gcc -c -I/usr/local/include -I/usr/local/include conftest.c >&5
configure:4452: $? = 0
configure:4452: result: yes
configure:4452: checking stddef.h presence
configure:4452: gcc -E -I/usr/local/include conftest.c
configure:4452: $? = 0
configure:4452: result: yes
configure:4452: checking for stddef.h
configure:4452: result: yes
configure:4466: checking for stdint.h
configure:4466: result: yes
configure:4480: checking sys/time.h usability
configure:4480: gcc -c -I/usr/local/include -I/usr/local/include conftest.c >&5
configure:4480: $? = 0
configure:4480: result: yes
configure:4480: checking sys/time.h presence
configure:4480: gcc -E -I/usr/local/include conftest.c
configure:4480: $? = 0
configure:4480: result: yes
configure:4480: checking for sys/time.h
configure:4480: result: yes
configure:4494: checking for unistd.h
configure:4494: result: yes
configure:4566: checking for g++
configure:4582: found /usr/bin/g++
configure:4593: result: g++
configure:4620: checking for C++ compiler version
configure:4629: g++ --version >&5
g++ (GCC) 4.8.1 20130603 (Red Hat 4.8.1-1)
Copyright (C) 2013 Free Software Foundation, Inc.
This is free software; see the source for copying conditions.  There is NO
warranty; not even for MERCHANTABILITY or FITNESS FOR A PARTICULAR PURPOSE.

configure:4640: $? = 0
configure:4629: g++ -v >&5
Using built-in specs.
COLLECT_GCC=g++
COLLECT_LTO_WRAPPER=/usr/libexec/gcc/x86_64-redhat-linux/4.8.1/lto-wrapper
Target: x86_64-redhat-linux
Configured with: ../configure --prefix=/usr --mandir=/usr/share/man --infodir=/usr/share/info --with-bugurl=http://bugzilla.redhat.com/bugzilla --enable-bootstrap --enable-shared --enable-threads=posix --enable-checking=release --with-system-zlib --enable-__cxa_atexit --disable-libunwind-exceptions --enable-gnu-unique-object --enable-linker-build-id --with-linker-hash-style=gnu --enable-languages=c,c++,objc,obj-c++,java,fortran,ada,go,lto --enable-plugin --enable-initfini-array --enable-java-awt=gtk --disable-dssi --with-java-home=/usr/lib/jvm/java-1.5.0-gcj-1.5.0.0/jre --enable-libgcj-multifile --enable-java-maintainer-mode --with-ecj-jar=/usr/share/java/eclipse-ecj.jar --disable-libjava-multilib --with-isl=/builddir/build/BUILD/gcc-4.8.1-20130603/obj-x86_64-redhat-linux/isl-install --with-cloog=/builddir/build/BUILD/gcc-4.8.1-20130603/obj-x86_64-redhat-linux/cloog-install --with-tune=generic --with-arch_32=i686 --build=x86_64-redhat-linux
Thread model: posix
gcc version 4.8.1 20130603 (Red Hat 4.8.1-1) (GCC) 
configure:4640: $? = 0
configure:4629: g++ -V >&5
g++: error: unrecognized command line option '-V'
g++: fatal error: no input files
compilation terminated.
configure:4640: $? = 4
configure:4629: g++ -qversion >&5
g++: error: unrecognized command line option '-qversion'
g++: fatal error: no input files
compilation terminated.
configure:4640: $? = 4
configure:4644: checking whether we are using the GNU C++ compiler
configure:4663: g++ -c  -I/usr/local/include conftest.cpp >&5
configure:4663: $? = 0
configure:4672: result: yes
configure:4681: checking whether g++ accepts -g
configure:4701: g++ -c -g -I/usr/local/include conftest.cpp >&5
configure:4701: $? = 0
configure:4742: result: yes
configure:4767: checking dependency style of g++
configure:4877: result: gcc3
configure:4940: checking for gcc
configure:4967: result: gcc
configure:5196: checking for C compiler version
configure:5205: gcc --version >&5
gcc (GCC) 4.8.1 20130603 (Red Hat 4.8.1-1)
Copyright (C) 2013 Free Software Foundation, Inc.
This is free software; see the source for copying conditions.  There is NO
warranty; not even for MERCHANTABILITY or FITNESS FOR A PARTICULAR PURPOSE.

configure:5216: $? = 0
configure:5205: gcc -v >&5
Using built-in specs.
COLLECT_GCC=gcc
COLLECT_LTO_WRAPPER=/usr/libexec/gcc/x86_64-redhat-linux/4.8.1/lto-wrapper
Target: x86_64-redhat-linux
Configured with: ../configure --prefix=/usr --mandir=/usr/share/man --infodir=/usr/share/info --with-bugurl=http://bugzilla.redhat.com/bugzilla --enable-bootstrap --enable-shared --enable-threads=posix --enable-checking=release --with-system-zlib --enable-__cxa_atexit --disable-libunwind-exceptions --enable-gnu-unique-object --enable-linker-build-id --with-linker-hash-style=gnu --enable-languages=c,c++,objc,obj-c++,java,fortran,ada,go,lto --enable-plugin --enable-initfini-array --enable-java-awt=gtk --disable-dssi --with-java-home=/usr/lib/jvm/java-1.5.0-gcj-1.5.0.0/jre --enable-libgcj-multifile --enable-java-maintainer-mode --with-ecj-jar=/usr/share/java/eclipse-ecj.jar --disable-libjava-multilib --with-isl=/builddir/build/BUILD/gcc-4.8.1-20130603/obj-x86_64-redhat-linux/isl-install --with-cloog=/builddir/build/BUILD/gcc-4.8.1-20130603/obj-x86_64-redhat-linux/cloog-install --with-tune=generic --with-arch_32=i686 --build=x86_64-redhat-linux
Thread model: posix
gcc version 4.8.1 20130603 (Red Hat 4.8.1-1) (GCC) 
configure:5216: $? = 0
configure:5205: gcc -V >&5
gcc: error: unrecognized command line option '-V'
gcc: fatal error: no input files
compilation terminated.
configure:5216: $? = 4
configure:5205: gcc -qversion >&5
gcc: error: unrecognized command line option '-qversion'
gcc: fatal error: no input files
compilation terminated.
configure:5216: $? = 4
configure:5220: checking whether we are using the GNU C compiler
configure:5248: result: yes
configure:5257: checking whether gcc accepts -g
configure:5318: result: yes
configure:5335: checking for gcc option to accept ISO C89
configure:5412: result: none needed
configure:5434: checking dependency style of gcc
configure:5544: result: gcc3
configure:5564: checking how to run the C preprocessor
configure:5634: result: gcc -E
configure:5654: gcc -E -I/usr/local/include conftest.c
configure:5654: $? = 0
configure:5668: gcc -E -I/usr/local/include conftest.c
conftest.c:33:28: fatal error: ac_nonexistent.h: No such file or directory
 #include <ac_nonexistent.h>
                            ^
compilation terminated.
configure:5668: $? = 1
configure: failed program was:
| /* confdefs.h */
| #define PACKAGE_NAME "spatialite-tools"
| #define PACKAGE_TARNAME "spatialite-tools"
| #define PACKAGE_VERSION "3.1.0b"
| #define PACKAGE_STRING "spatialite-tools 3.1.0b"
| #define PACKAGE_BUGREPORT "a.furieri@lqt.it"
| #define PACKAGE_URL ""
| #define PACKAGE "spatialite-tools"
| #define VERSION "3.1.0b"
| #define STDC_HEADERS 1
| #define HAVE_SYS_TYPES_H 1
| #define HAVE_SYS_STAT_H 1
| #define HAVE_STDLIB_H 1
| #define HAVE_STRING_H 1
| #define HAVE_MEMORY_H 1
| #define HAVE_STRINGS_H 1
| #define HAVE_INTTYPES_H 1
| #define HAVE_STDINT_H 1
| #define HAVE_UNISTD_H 1
| #define HAVE_STDLIB_H 1
| #define HAVE_STDIO_H 1
| #define HAVE_STRING_H 1
| #define HAVE_MEMORY_H 1
| #define HAVE_MATH_H 1
| #define HAVE_FLOAT_H 1
| #define HAVE_FCNTL_H 1
| #define HAVE_INTTYPES_H 1
| #define HAVE_STDDEF_H 1
| #define HAVE_STDINT_H 1
| #define HAVE_SYS_TIME_H 1
| #define HAVE_UNISTD_H 1
| /* end confdefs.h.  */
| #include <ac_nonexistent.h>
configure:5697: checking whether ln -s works
configure:5701: result: yes
configure:5708: checking whether make sets $(MAKE)
configure:5730: result: yes
configure:5743: checking build system type
configure:5757: result: x86_64-unknown-linux-gnu
configure:5777: checking host system type
configure:5790: result: x86_64-unknown-linux-gnu
configure:6159: checking how to print strings
configure:6186: result: printf
configure:6207: checking for a sed that does not truncate output
configure:6271: result: /usr/bin/sed
configure:6289: checking for fgrep
configure:6351: result: /usr/bin/grep -F
configure:6386: checking for ld used by gcc
configure:6453: result: /usr/bin/ld
configure:6460: checking if the linker (/usr/bin/ld) is GNU ld
configure:6475: result: yes
configure:6487: checking for BSD- or MS-compatible name lister (nm)
configure:6536: result: /usr/bin/nm -B
configure:6666: checking the name lister (/usr/bin/nm -B) interface
configure:6673: gcc -c -I/usr/local/include -I/usr/local/include conftest.c >&5
configure:6676: /usr/bin/nm -B "conftest.o"
configure:6679: output
0000000000000000 B some_variable
configure:6686: result: BSD nm
configure:6690: checking the maximum length of command line arguments
configure:6815: result: 1572864
configure:6832: checking whether the shell understands some XSI constructs
configure:6842: result: yes
configure:6846: checking whether the shell understands "+="
configure:6852: result: yes
configure:6887: checking how to convert x86_64-unknown-linux-gnu file names to x86_64-unknown-linux-gnu format
configure:6927: result: func_convert_file_noop
configure:6934: checking how to convert x86_64-unknown-linux-gnu file names to toolchain format
configure:6954: result: func_convert_file_noop
configure:6961: checking for /usr/bin/ld option to reload object files
configure:6968: result: -r
configure:7042: checking for objdump
configure:7069: result: objdump
configure:7098: checking how to recognize dependent libraries
configure:7300: result: pass_all
configure:7385: checking for dlltool
configure:7412: result: dlltool
configure:7442: checking how to associate runtime and link libraries
configure:7469: result: printf %s\n
configure:7529: checking for ar
configure:7545: found /usr/bin/ar
configure:7556: result: ar
configure:7593: checking for archiver @FILE support
configure:7610: gcc -c -I/usr/local/include -I/usr/local/include conftest.c >&5
configure:7610: $? = 0
configure:7613: ar cru libconftest.a @conftest.lst >&5
configure:7616: $? = 0
configure:7621: ar cru libconftest.a @conftest.lst >&5
ar: conftest.o: No such file or directory
configure:7624: $? = 1
configure:7636: result: @
configure:7694: checking for strip
configure:7710: found /usr/bin/strip
configure:7721: result: strip
configure:7793: checking for ranlib
configure:7809: found /usr/bin/ranlib
configure:7820: result: ranlib
configure:7922: checking command to parse /usr/bin/nm -B output from gcc object
configure:8041: gcc -c -I/usr/local/include -I/usr/local/include conftest.c >&5
configure:8044: $? = 0
configure:8048: /usr/bin/nm -B conftest.o \| sed -n -e 's/^.*[ ]\([ABCDGIRSTW][ABCDGIRSTW]*\)[ ][ ]*\([_A-Za-z][_A-Za-z0-9]*\)$/\1 \2 \2/p' | sed '/ __gnu_lto/d' \> conftest.nm
configure:8051: $? = 0
configure:8117: gcc -o conftest -I/usr/local/include -I/usr/local/include -L/usr/local/lib conftest.c conftstm.o >&5
configure:8120: $? = 0
configure:8158: result: ok
configure:8195: checking for sysroot
configure:8225: result: no
configure:8302: gcc -c -I/usr/local/include -I/usr/local/include conftest.c >&5
configure:8305: $? = 0
configure:8468: checking for mt
configure:8498: result: no
configure:8518: checking if : is a manifest tool
configure:8524: : '-?'
configure:8532: result: no
configure:9161: checking for dlfcn.h
configure:9161: gcc -c -I/usr/local/include -I/usr/local/include conftest.c >&5
configure:9161: $? = 0
configure:9161: result: yes
configure:9357: checking for objdir
configure:9372: result: .libs
configure:9643: checking if gcc supports -fno-rtti -fno-exceptions
configure:9661: gcc -c -I/usr/local/include -I/usr/local/include -fno-rtti -fno-exceptions conftest.c >&5
cc1: warning: command line option '-fno-rtti' is valid for C++/ObjC++ but not for C [enabled by default]
configure:9665: $? = 0
configure:9678: result: no
configure:9988: checking for gcc option to produce PIC
configure:9995: result: -fPIC -DPIC
configure:10003: checking if gcc PIC flag -fPIC -DPIC works
configure:10021: gcc -c -I/usr/local/include -I/usr/local/include -fPIC -DPIC -DPIC conftest.c >&5
configure:10025: $? = 0
configure:10038: result: yes
configure:10067: checking if gcc static flag -static works
configure:10095: result: no
configure:10110: checking if gcc supports -c -o file.o
configure:10131: gcc -c -I/usr/local/include -I/usr/local/include -o out/conftest2.o conftest.c >&5
configure:10135: $? = 0
configure:10157: result: yes
configure:10165: checking if gcc supports -c -o file.o
configure:10212: result: yes
configure:10245: checking whether the gcc linker (/usr/bin/ld -m elf_x86_64) supports shared libraries
configure:11403: result: yes
configure:11440: checking whether -lc should be explicitly linked in
configure:11448: gcc -c -I/usr/local/include -I/usr/local/include conftest.c >&5
configure:11451: $? = 0
configure:11466: gcc -shared  -fPIC -DPIC conftest.o  -v -Wl,-soname -Wl,conftest -o conftest 2\>\&1 \| /usr/bin/grep  -lc  \>/dev/null 2\>\&1
configure:11469: $? = 0
configure:11483: result: no
configure:11648: checking dynamic linker characteristics
configure:12162: gcc -o conftest -I/usr/local/include -I/usr/local/include -L/usr/local/lib -Wl,-rpath -Wl,/foo conftest.c -lspatialite >&5
configure:12162: $? = 0
configure:12388: result: GNU/Linux ld.so
configure:12495: checking how to hardcode library paths into programs
configure:12520: result: immediate
configure:13060: checking whether stripping libraries is possible
configure:13065: result: yes
configure:13100: checking if libtool supports shared libraries
configure:13102: result: yes
configure:13105: checking whether to build shared libraries
configure:13126: result: yes
configure:13129: checking whether to build static libraries
configure:13133: result: yes
configure:13156: checking how to run the C++ preprocessor
configure:13183: g++ -E -I/usr/local/include conftest.cpp
configure:13183: $? = 0
configure:13197: g++ -E -I/usr/local/include conftest.cpp
conftest.cpp:35:28: fatal error: ac_nonexistent.h: No such file or directory
 #include <ac_nonexistent.h>
                            ^
compilation terminated.
configure:13197: $? = 1
configure: failed program was:
| /* confdefs.h */
| #define PACKAGE_NAME "spatialite-tools"
| #define PACKAGE_TARNAME "spatialite-tools"
| #define PACKAGE_VERSION "3.1.0b"
| #define PACKAGE_STRING "spatialite-tools 3.1.0b"
| #define PACKAGE_BUGREPORT "a.furieri@lqt.it"
| #define PACKAGE_URL ""
| #define PACKAGE "spatialite-tools"
| #define VERSION "3.1.0b"
| #define STDC_HEADERS 1
| #define HAVE_SYS_TYPES_H 1
| #define HAVE_SYS_STAT_H 1
| #define HAVE_STDLIB_H 1
| #define HAVE_STRING_H 1
| #define HAVE_MEMORY_H 1
| #define HAVE_STRINGS_H 1
| #define HAVE_INTTYPES_H 1
| #define HAVE_STDINT_H 1
| #define HAVE_UNISTD_H 1
| #define HAVE_STDLIB_H 1
| #define HAVE_STDIO_H 1
| #define HAVE_STRING_H 1
| #define HAVE_MEMORY_H 1
| #define HAVE_MATH_H 1
| #define HAVE_FLOAT_H 1
| #define HAVE_FCNTL_H 1
| #define HAVE_INTTYPES_H 1
| #define HAVE_STDDEF_H 1
| #define HAVE_STDINT_H 1
| #define HAVE_SYS_TIME_H 1
| #define HAVE_UNISTD_H 1
| #define HAVE_DLFCN_H 1
| #define LT_OBJDIR ".libs/"
| /* end confdefs.h.  */
| #include <ac_nonexistent.h>
configure:13222: result: g++ -E
configure:13242: g++ -E -I/usr/local/include conftest.cpp
configure:13242: $? = 0
configure:13256: g++ -E -I/usr/local/include conftest.cpp
conftest.cpp:35:28: fatal error: ac_nonexistent.h: No such file or directory
 #include <ac_nonexistent.h>
                            ^
compilation terminated.
configure:13256: $? = 1
configure: failed program was:
| /* confdefs.h */
| #define PACKAGE_NAME "spatialite-tools"
| #define PACKAGE_TARNAME "spatialite-tools"
| #define PACKAGE_VERSION "3.1.0b"
| #define PACKAGE_STRING "spatialite-tools 3.1.0b"
| #define PACKAGE_BUGREPORT "a.furieri@lqt.it"
| #define PACKAGE_URL ""
| #define PACKAGE "spatialite-tools"
| #define VERSION "3.1.0b"
| #define STDC_HEADERS 1
| #define HAVE_SYS_TYPES_H 1
| #define HAVE_SYS_STAT_H 1
| #define HAVE_STDLIB_H 1
| #define HAVE_STRING_H 1
| #define HAVE_MEMORY_H 1
| #define HAVE_STRINGS_H 1
| #define HAVE_INTTYPES_H 1
| #define HAVE_STDINT_H 1
| #define HAVE_UNISTD_H 1
| #define HAVE_STDLIB_H 1
| #define HAVE_STDIO_H 1
| #define HAVE_STRING_H 1
| #define HAVE_MEMORY_H 1
| #define HAVE_MATH_H 1
| #define HAVE_FLOAT_H 1
| #define HAVE_FCNTL_H 1
| #define HAVE_INTTYPES_H 1
| #define HAVE_STDDEF_H 1
| #define HAVE_STDINT_H 1
| #define HAVE_SYS_TIME_H 1
| #define HAVE_UNISTD_H 1
| #define HAVE_DLFCN_H 1
| #define LT_OBJDIR ".libs/"
| /* end confdefs.h.  */
| #include <ac_nonexistent.h>
configure:13426: checking for ld used by g++
configure:13493: result: /usr/bin/ld -m elf_x86_64
configure:13500: checking if the linker (/usr/bin/ld -m elf_x86_64) is GNU ld
configure:13515: result: yes
configure:13570: checking whether the g++ linker (/usr/bin/ld -m elf_x86_64) supports shared libraries
configure:14574: result: yes
configure:14609: g++ -c -g -O2 -I/usr/local/include conftest.cpp >&5
configure:14612: $? = 0
configure:15132: checking for g++ option to produce PIC
configure:15139: result: -fPIC -DPIC
configure:15147: checking if g++ PIC flag -fPIC -DPIC works
configure:15165: g++ -c -g -O2 -I/usr/local/include -fPIC -DPIC -DPIC conftest.cpp >&5
configure:15169: $? = 0
configure:15182: result: yes
configure:15205: checking if g++ static flag -static works
configure:15233: result: no
configure:15245: checking if g++ supports -c -o file.o
configure:15266: g++ -c -g -O2 -I/usr/local/include -o out/conftest2.o conftest.cpp >&5
configure:15270: $? = 0
configure:15292: result: yes
configure:15297: checking if g++ supports -c -o file.o
configure:15344: result: yes
configure:15374: checking whether the g++ linker (/usr/bin/ld -m elf_x86_64) supports shared libraries
configure:15408: result: yes
configure:15551: checking dynamic linker characteristics
configure:16225: result: GNU/Linux ld.so
configure:16278: checking how to hardcode library paths into programs
configure:16303: result: immediate
configure:16364: checking for an ANSI C-conforming const
configure:16429: gcc -c -I/usr/local/include -I/usr/local/include conftest.c >&5
configure:16429: $? = 0
configure:16436: result: yes
configure:16444: checking for off_t
configure:16444: gcc -c -I/usr/local/include -I/usr/local/include conftest.c >&5
configure:16444: $? = 0
configure:16444: gcc -c -I/usr/local/include -I/usr/local/include conftest.c >&5
conftest.c: In function 'main':
conftest.c:71:20: error: expected expression before ')' token
 if (sizeof ((off_t)))
                    ^
configure:16444: $? = 1
configure: failed program was:
| /* confdefs.h */
| #define PACKAGE_NAME "spatialite-tools"
| #define PACKAGE_TARNAME "spatialite-tools"
| #define PACKAGE_VERSION "3.1.0b"
| #define PACKAGE_STRING "spatialite-tools 3.1.0b"
| #define PACKAGE_BUGREPORT "a.furieri@lqt.it"
| #define PACKAGE_URL ""
| #define PACKAGE "spatialite-tools"
| #define VERSION "3.1.0b"
| #define STDC_HEADERS 1
| #define HAVE_SYS_TYPES_H 1
| #define HAVE_SYS_STAT_H 1
| #define HAVE_STDLIB_H 1
| #define HAVE_STRING_H 1
| #define HAVE_MEMORY_H 1
| #define HAVE_STRINGS_H 1
| #define HAVE_INTTYPES_H 1
| #define HAVE_STDINT_H 1
| #define HAVE_UNISTD_H 1
| #define HAVE_STDLIB_H 1
| #define HAVE_STDIO_H 1
| #define HAVE_STRING_H 1
| #define HAVE_MEMORY_H 1
| #define HAVE_MATH_H 1
| #define HAVE_FLOAT_H 1
| #define HAVE_FCNTL_H 1
| #define HAVE_INTTYPES_H 1
| #define HAVE_STDDEF_H 1
| #define HAVE_STDINT_H 1
| #define HAVE_SYS_TIME_H 1
| #define HAVE_UNISTD_H 1
| #define HAVE_DLFCN_H 1
| #define LT_OBJDIR ".libs/"
| /* end confdefs.h.  */
| #include <stdio.h>
| #ifdef HAVE_SYS_TYPES_H
| # include <sys/types.h>
| #endif
| #ifdef HAVE_SYS_STAT_H
| # include <sys/stat.h>
| #endif
| #ifdef STDC_HEADERS
| # include <stdlib.h>
| # include <stddef.h>
| #else
| # ifdef HAVE_STDLIB_H
| #  include <stdlib.h>
| # endif
| #endif
| #ifdef HAVE_STRING_H
| # if !defined STDC_HEADERS && defined HAVE_MEMORY_H
| #  include <memory.h>
| # endif
| # include <string.h>
| #endif
| #ifdef HAVE_STRINGS_H
| # include <strings.h>
| #endif
| #ifdef HAVE_INTTYPES_H
| # include <inttypes.h>
| #endif
| #ifdef HAVE_STDINT_H
| # include <stdint.h>
| #endif
| #ifdef HAVE_UNISTD_H
| # include <unistd.h>
| #endif
| int
| main ()
| {
| if (sizeof ((off_t)))
| 	    return 0;
|   ;
|   return 0;
| }
configure:16444: result: yes
configure:16455: checking for size_t
configure:16455: gcc -c -I/usr/local/include -I/usr/local/include conftest.c >&5
configure:16455: $? = 0
configure:16455: gcc -c -I/usr/local/include -I/usr/local/include conftest.c >&5
conftest.c: In function 'main':
conftest.c:71:21: error: expected expression before ')' token
 if (sizeof ((size_t)))
                     ^
configure:16455: $? = 1
configure: failed program was:
| /* confdefs.h */
| #define PACKAGE_NAME "spatialite-tools"
| #define PACKAGE_TARNAME "spatialite-tools"
| #define PACKAGE_VERSION "3.1.0b"
| #define PACKAGE_STRING "spatialite-tools 3.1.0b"
| #define PACKAGE_BUGREPORT "a.furieri@lqt.it"
| #define PACKAGE_URL ""
| #define PACKAGE "spatialite-tools"
| #define VERSION "3.1.0b"
| #define STDC_HEADERS 1
| #define HAVE_SYS_TYPES_H 1
| #define HAVE_SYS_STAT_H 1
| #define HAVE_STDLIB_H 1
| #define HAVE_STRING_H 1
| #define HAVE_MEMORY_H 1
| #define HAVE_STRINGS_H 1
| #define HAVE_INTTYPES_H 1
| #define HAVE_STDINT_H 1
| #define HAVE_UNISTD_H 1
| #define HAVE_STDLIB_H 1
| #define HAVE_STDIO_H 1
| #define HAVE_STRING_H 1
| #define HAVE_MEMORY_H 1
| #define HAVE_MATH_H 1
| #define HAVE_FLOAT_H 1
| #define HAVE_FCNTL_H 1
| #define HAVE_INTTYPES_H 1
| #define HAVE_STDDEF_H 1
| #define HAVE_STDINT_H 1
| #define HAVE_SYS_TIME_H 1
| #define HAVE_UNISTD_H 1
| #define HAVE_DLFCN_H 1
| #define LT_OBJDIR ".libs/"
| /* end confdefs.h.  */
| #include <stdio.h>
| #ifdef HAVE_SYS_TYPES_H
| # include <sys/types.h>
| #endif
| #ifdef HAVE_SYS_STAT_H
| # include <sys/stat.h>
| #endif
| #ifdef STDC_HEADERS
| # include <stdlib.h>
| # include <stddef.h>
| #else
| # ifdef HAVE_STDLIB_H
| #  include <stdlib.h>
| # endif
| #endif
| #ifdef HAVE_STRING_H
| # if !defined STDC_HEADERS && defined HAVE_MEMORY_H
| #  include <memory.h>
| # endif
| # include <string.h>
| #endif
| #ifdef HAVE_STRINGS_H
| # include <strings.h>
| #endif
| #ifdef HAVE_INTTYPES_H
| # include <inttypes.h>
| #endif
| #ifdef HAVE_STDINT_H
| # include <stdint.h>
| #endif
| #ifdef HAVE_UNISTD_H
| # include <unistd.h>
| #endif
| int
| main ()
| {
| if (sizeof ((size_t)))
| 	    return 0;
|   ;
|   return 0;
| }
configure:16455: result: yes
configure:16466: checking whether time.h and sys/time.h may both be included
configure:16486: gcc -c -I/usr/local/include -I/usr/local/include conftest.c >&5
configure:16486: $? = 0
configure:16493: result: yes
configure:16501: checking whether struct tm is in sys/time.h or time.h
configure:16521: gcc -c -I/usr/local/include -I/usr/local/include conftest.c >&5
configure:16521: $? = 0
configure:16528: result: time.h
configure:16536: checking for working volatile
configure:16555: gcc -c -I/usr/local/include -I/usr/local/include conftest.c >&5
configure:16555: $? = 0
configure:16562: result: yes
configure:16572: checking whether lstat correctly handles trailing slash
configure:16598: gcc -o conftest -I/usr/local/include -I/usr/local/include -L/usr/local/lib conftest.c -lspatialite >&5
configure:16598: $? = 0
configure:16598: ./conftest
configure:16598: $? = 0
configure:16615: result: yes
configure:16634: checking whether lstat accepts an empty string
configure:16654: gcc -o conftest -I/usr/local/include -I/usr/local/include -L/usr/local/lib conftest.c -lspatialite >&5
configure:16654: $? = 0
configure:16654: ./conftest
configure:16654: $? = 0
configure:16664: result: no
configure:16680: checking whether lstat correctly handles trailing slash
configure:16723: result: yes
configure:16742: checking for working memcmp
configure:16785: gcc -o conftest -I/usr/local/include -I/usr/local/include -L/usr/local/lib conftest.c -lspatialite >&5
configure:16785: $? = 0
configure:16785: ./conftest
configure:16785: $? = 0
configure:16795: result: yes
configure:16804: checking whether stat accepts an empty string
configure:16824: gcc -o conftest -I/usr/local/include -I/usr/local/include -L/usr/local/lib conftest.c -lspatialite >&5
configure:16824: $? = 0
configure:16824: ./conftest
configure:16824: $? = 0
configure:16834: result: no
configure:16852: checking for strftime
configure:16852: gcc -o conftest -I/usr/local/include -I/usr/local/include -L/usr/local/lib conftest.c -lspatialite >&5
conftest.c:61:6: warning: conflicting types for built-in function 'strftime' [enabled by default]
 char strftime ();
      ^
configure:16852: $? = 0
configure:16852: result: yes
configure:16908: checking for memset
configure:16908: gcc -o conftest -I/usr/local/include -I/usr/local/include -L/usr/local/lib conftest.c -lspatialite >&5
conftest.c:62:6: warning: conflicting types for built-in function 'memset' [enabled by default]
 char memset ();
      ^
configure:16908: $? = 0
configure:16908: result: yes
configure:16908: checking for sqrt
configure:16908: gcc -o conftest -I/usr/local/include -I/usr/local/include -L/usr/local/lib conftest.c -lspatialite >&5
conftest.c:63:6: warning: conflicting types for built-in function 'sqrt' [enabled by default]
 char sqrt ();
      ^
/usr/bin/ld: /tmp/ccbxjKRt.o: undefined reference to symbol 'sqrt@@GLIBC_2.2.5'
/usr/bin/ld: note: 'sqrt@@GLIBC_2.2.5' is defined in DSO /lib64/libm.so.6 so try adding it to the linker command line
/lib64/libm.so.6: could not read symbols: Invalid operation
collect2: error: ld returned 1 exit status
configure:16908: $? = 1
configure: failed program was:
| /* confdefs.h */
| #define PACKAGE_NAME "spatialite-tools"
| #define PACKAGE_TARNAME "spatialite-tools"
| #define PACKAGE_VERSION "3.1.0b"
| #define PACKAGE_STRING "spatialite-tools 3.1.0b"
| #define PACKAGE_BUGREPORT "a.furieri@lqt.it"
| #define PACKAGE_URL ""
| #define PACKAGE "spatialite-tools"
| #define VERSION "3.1.0b"
| #define STDC_HEADERS 1
| #define HAVE_SYS_TYPES_H 1
| #define HAVE_SYS_STAT_H 1
| #define HAVE_STDLIB_H 1
| #define HAVE_STRING_H 1
| #define HAVE_MEMORY_H 1
| #define HAVE_STRINGS_H 1
| #define HAVE_INTTYPES_H 1
| #define HAVE_STDINT_H 1
| #define HAVE_UNISTD_H 1
| #define HAVE_STDLIB_H 1
| #define HAVE_STDIO_H 1
| #define HAVE_STRING_H 1
| #define HAVE_MEMORY_H 1
| #define HAVE_MATH_H 1
| #define HAVE_FLOAT_H 1
| #define HAVE_FCNTL_H 1
| #define HAVE_INTTYPES_H 1
| #define HAVE_STDDEF_H 1
| #define HAVE_STDINT_H 1
| #define HAVE_SYS_TIME_H 1
| #define HAVE_UNISTD_H 1
| #define HAVE_DLFCN_H 1
| #define LT_OBJDIR ".libs/"
| #define TIME_WITH_SYS_TIME 1
| #define LSTAT_FOLLOWS_SLASHED_SYMLINK 1
| #define LSTAT_FOLLOWS_SLASHED_SYMLINK 1
| #define HAVE_STRFTIME 1
| #define HAVE_MEMSET 1
| /* end confdefs.h.  */
| /* Define sqrt to an innocuous variant, in case <limits.h> declares sqrt.
|    For example, HP-UX 11i <limits.h> declares gettimeofday.  */
| #define sqrt innocuous_sqrt
| 
| /* System header to define __stub macros and hopefully few prototypes,
|     which can conflict with char sqrt (); below.
|     Prefer <limits.h> to <assert.h> if __STDC__ is defined, since
|     <limits.h> exists even on freestanding compilers.  */
| 
| #ifdef __STDC__
| # include <limits.h>
| #else
| # include <assert.h>
| #endif
| 
| #undef sqrt
| 
| /* Override any GCC internal prototype to avoid an error.
|    Use char because int might match the return type of a GCC
|    builtin and then its argument prototype would still apply.  */
| #ifdef __cplusplus
| extern "C"
| #endif
| char sqrt ();
| /* The GNU C library defines this for functions which it implements
|     to always fail with ENOSYS.  Some functions are actually named
|     something starting with __ and the normal name is an alias.  */
| #if defined __stub_sqrt || defined __stub___sqrt
| choke me
| #endif
| 
| int
| main ()
| {
| return sqrt ();
|   ;
|   return 0;
| }
configure:16908: result: no
configure:16908: checking for strcasecmp
configure:16908: gcc -o conftest -I/usr/local/include -I/usr/local/include -L/usr/local/lib conftest.c -lspatialite >&5
conftest.c:63:6: warning: conflicting types for built-in function 'strcasecmp' [enabled by default]
 char strcasecmp ();
      ^
configure:16908: $? = 0
configure:16908: result: yes
configure:16908: checking for strerror
configure:16908: gcc -o conftest -I/usr/local/include -I/usr/local/include -L/usr/local/lib conftest.c -lspatialite >&5
configure:16908: $? = 0
configure:16908: result: yes
configure:16908: checking for strncasecmp
configure:16908: gcc -o conftest -I/usr/local/include -I/usr/local/include -L/usr/local/lib conftest.c -lspatialite >&5
conftest.c:65:6: warning: conflicting types for built-in function 'strncasecmp' [enabled by default]
 char strncasecmp ();
      ^
configure:16908: $? = 0
configure:16908: result: yes
configure:16908: checking for strstr
configure:16908: gcc -o conftest -I/usr/local/include -I/usr/local/include -L/usr/local/lib conftest.c -lspatialite >&5
conftest.c:66:6: warning: conflicting types for built-in function 'strstr' [enabled by default]
 char strstr ();
      ^
configure:16908: $? = 0
configure:16908: result: yes
configure:16908: checking for fdatasync
configure:16908: gcc -o conftest -I/usr/local/include -I/usr/local/include -L/usr/local/lib conftest.c -lspatialite >&5
configure:16908: $? = 0
configure:16908: result: yes
configure:16908: checking for ftruncate
configure:16908: gcc -o conftest -I/usr/local/include -I/usr/local/include -L/usr/local/lib conftest.c -lspatialite >&5
configure:16908: $? = 0
configure:16908: result: yes
configure:16908: checking for getcwd
configure:16908: gcc -o conftest -I/usr/local/include -I/usr/local/include -L/usr/local/lib conftest.c -lspatialite >&5
configure:16908: $? = 0
configure:16908: result: yes
configure:16908: checking for gettimeofday
configure:16908: gcc -o conftest -I/usr/local/include -I/usr/local/include -L/usr/local/lib conftest.c -lspatialite >&5
configure:16908: $? = 0
configure:16908: result: yes
configure:16908: checking for localtime_r
configure:16908: gcc -o conftest -I/usr/local/include -I/usr/local/include -L/usr/local/lib conftest.c -lspatialite >&5
configure:16908: $? = 0
configure:16908: result: yes
configure:16908: checking for memmove
configure:16908: gcc -o conftest -I/usr/local/include -I/usr/local/include -L/usr/local/lib conftest.c -lspatialite >&5
conftest.c:72:6: warning: conflicting types for built-in function 'memmove' [enabled by default]
 char memmove ();
      ^
configure:16908: $? = 0
configure:16908: result: yes
configure:16908: checking for strerror
configure:16908: result: yes
configure:16934: checking for library containing tgetent
configure:16965: gcc -o conftest -I/usr/local/include -I/usr/local/include -L/usr/local/lib conftest.c  >&5
/tmp/ccpkvyb1.o: In function `main':
conftest.c:(.text+0xa): undefined reference to `tgetent'
collect2: error: ld returned 1 exit status
configure:16965: $? = 1
configure: failed program was:
| /* confdefs.h */
| #define PACKAGE_NAME "spatialite-tools"
| #define PACKAGE_TARNAME "spatialite-tools"
| #define PACKAGE_VERSION "3.1.0b"
| #define PACKAGE_STRING "spatialite-tools 3.1.0b"
| #define PACKAGE_BUGREPORT "a.furieri@lqt.it"
| #define PACKAGE_URL ""
| #define PACKAGE "spatialite-tools"
| #define VERSION "3.1.0b"
| #define STDC_HEADERS 1
| #define HAVE_SYS_TYPES_H 1
| #define HAVE_SYS_STAT_H 1
| #define HAVE_STDLIB_H 1
| #define HAVE_STRING_H 1
| #define HAVE_MEMORY_H 1
| #define HAVE_STRINGS_H 1
| #define HAVE_INTTYPES_H 1
| #define HAVE_STDINT_H 1
| #define HAVE_UNISTD_H 1
| #define HAVE_STDLIB_H 1
| #define HAVE_STDIO_H 1
| #define HAVE_STRING_H 1
| #define HAVE_MEMORY_H 1
| #define HAVE_MATH_H 1
| #define HAVE_FLOAT_H 1
| #define HAVE_FCNTL_H 1
| #define HAVE_INTTYPES_H 1
| #define HAVE_STDDEF_H 1
| #define HAVE_STDINT_H 1
| #define HAVE_SYS_TIME_H 1
| #define HAVE_UNISTD_H 1
| #define HAVE_DLFCN_H 1
| #define LT_OBJDIR ".libs/"
| #define TIME_WITH_SYS_TIME 1
| #define LSTAT_FOLLOWS_SLASHED_SYMLINK 1
| #define LSTAT_FOLLOWS_SLASHED_SYMLINK 1
| #define HAVE_STRFTIME 1
| #define HAVE_MEMSET 1
| #define HAVE_STRCASECMP 1
| #define HAVE_STRERROR 1
| #define HAVE_STRNCASECMP 1
| #define HAVE_STRSTR 1
| #define HAVE_FDATASYNC 1
| #define HAVE_FTRUNCATE 1
| #define HAVE_GETCWD 1
| #define HAVE_GETTIMEOFDAY 1
| #define HAVE_LOCALTIME_R 1
| #define HAVE_MEMMOVE 1
| #define HAVE_STRERROR 1
| /* end confdefs.h.  */
| 
| /* Override any GCC internal prototype to avoid an error.
|    Use char because int might match the return type of a GCC
|    builtin and then its argument prototype would still apply.  */
| #ifdef __cplusplus
| extern "C"
| #endif
| char tgetent ();
| int
| main ()
| {
| return tgetent ();
|   ;
|   return 0;
| }
configure:16965: gcc -o conftest -I/usr/local/include -I/usr/local/include -L/usr/local/lib conftest.c -lcurses   >&5
/usr/bin/ld: cannot find -lcurses
collect2: error: ld returned 1 exit status
configure:16965: $? = 1
configure: failed program was:
| /* confdefs.h */
| #define PACKAGE_NAME "spatialite-tools"
| #define PACKAGE_TARNAME "spatialite-tools"
| #define PACKAGE_VERSION "3.1.0b"
| #define PACKAGE_STRING "spatialite-tools 3.1.0b"
| #define PACKAGE_BUGREPORT "a.furieri@lqt.it"
| #define PACKAGE_URL ""
| #define PACKAGE "spatialite-tools"
| #define VERSION "3.1.0b"
| #define STDC_HEADERS 1
| #define HAVE_SYS_TYPES_H 1
| #define HAVE_SYS_STAT_H 1
| #define HAVE_STDLIB_H 1
| #define HAVE_STRING_H 1
| #define HAVE_MEMORY_H 1
| #define HAVE_STRINGS_H 1
| #define HAVE_INTTYPES_H 1
| #define HAVE_STDINT_H 1
| #define HAVE_UNISTD_H 1
| #define HAVE_STDLIB_H 1
| #define HAVE_STDIO_H 1
| #define HAVE_STRING_H 1
| #define HAVE_MEMORY_H 1
| #define HAVE_MATH_H 1
| #define HAVE_FLOAT_H 1
| #define HAVE_FCNTL_H 1
| #define HAVE_INTTYPES_H 1
| #define HAVE_STDDEF_H 1
| #define HAVE_STDINT_H 1
| #define HAVE_SYS_TIME_H 1
| #define HAVE_UNISTD_H 1
| #define HAVE_DLFCN_H 1
| #define LT_OBJDIR ".libs/"
| #define TIME_WITH_SYS_TIME 1
| #define LSTAT_FOLLOWS_SLASHED_SYMLINK 1
| #define LSTAT_FOLLOWS_SLASHED_SYMLINK 1
| #define HAVE_STRFTIME 1
| #define HAVE_MEMSET 1
| #define HAVE_STRCASECMP 1
| #define HAVE_STRERROR 1
| #define HAVE_STRNCASECMP 1
| #define HAVE_STRSTR 1
| #define HAVE_FDATASYNC 1
| #define HAVE_FTRUNCATE 1
| #define HAVE_GETCWD 1
| #define HAVE_GETTIMEOFDAY 1
| #define HAVE_LOCALTIME_R 1
| #define HAVE_MEMMOVE 1
| #define HAVE_STRERROR 1
| /* end confdefs.h.  */
| 
| /* Override any GCC internal prototype to avoid an error.
|    Use char because int might match the return type of a GCC
|    builtin and then its argument prototype would still apply.  */
| #ifdef __cplusplus
| extern "C"
| #endif
| char tgetent ();
| int
| main ()
| {
| return tgetent ();
|   ;
|   return 0;
| }
configure:16982: result: no
configure:16990: checking for library containing readline
configure:17021: gcc -o conftest -I/usr/local/include -I/usr/local/include -L/usr/local/lib conftest.c  >&5
/tmp/ccPwGUq6.o: In function `main':
conftest.c:(.text+0xa): undefined reference to `readline'
collect2: error: ld returned 1 exit status
configure:17021: $? = 1
configure: failed program was:
| /* confdefs.h */
| #define PACKAGE_NAME "spatialite-tools"
| #define PACKAGE_TARNAME "spatialite-tools"
| #define PACKAGE_VERSION "3.1.0b"
| #define PACKAGE_STRING "spatialite-tools 3.1.0b"
| #define PACKAGE_BUGREPORT "a.furieri@lqt.it"
| #define PACKAGE_URL ""
| #define PACKAGE "spatialite-tools"
| #define VERSION "3.1.0b"
| #define STDC_HEADERS 1
| #define HAVE_SYS_TYPES_H 1
| #define HAVE_SYS_STAT_H 1
| #define HAVE_STDLIB_H 1
| #define HAVE_STRING_H 1
| #define HAVE_MEMORY_H 1
| #define HAVE_STRINGS_H 1
| #define HAVE_INTTYPES_H 1
| #define HAVE_STDINT_H 1
| #define HAVE_UNISTD_H 1
| #define HAVE_STDLIB_H 1
| #define HAVE_STDIO_H 1
| #define HAVE_STRING_H 1
| #define HAVE_MEMORY_H 1
| #define HAVE_MATH_H 1
| #define HAVE_FLOAT_H 1
| #define HAVE_FCNTL_H 1
| #define HAVE_INTTYPES_H 1
| #define HAVE_STDDEF_H 1
| #define HAVE_STDINT_H 1
| #define HAVE_SYS_TIME_H 1
| #define HAVE_UNISTD_H 1
| #define HAVE_DLFCN_H 1
| #define LT_OBJDIR ".libs/"
| #define TIME_WITH_SYS_TIME 1
| #define LSTAT_FOLLOWS_SLASHED_SYMLINK 1
| #define LSTAT_FOLLOWS_SLASHED_SYMLINK 1
| #define HAVE_STRFTIME 1
| #define HAVE_MEMSET 1
| #define HAVE_STRCASECMP 1
| #define HAVE_STRERROR 1
| #define HAVE_STRNCASECMP 1
| #define HAVE_STRSTR 1
| #define HAVE_FDATASYNC 1
| #define HAVE_FTRUNCATE 1
| #define HAVE_GETCWD 1
| #define HAVE_GETTIMEOFDAY 1
| #define HAVE_LOCALTIME_R 1
| #define HAVE_MEMMOVE 1
| #define HAVE_STRERROR 1
| /* end confdefs.h.  */
| 
| /* Override any GCC internal prototype to avoid an error.
|    Use char because int might match the return type of a GCC
|    builtin and then its argument prototype would still apply.  */
| #ifdef __cplusplus
| extern "C"
| #endif
| char readline ();
| int
| main ()
| {
| return readline ();
|   ;
|   return 0;
| }
configure:17021: gcc -o conftest -I/usr/local/include -I/usr/local/include -L/usr/local/lib conftest.c -lreadline   >&5
/usr/bin/ld: cannot find -lreadline
collect2: error: ld returned 1 exit status
configure:17021: $? = 1
configure: failed program was:
| /* confdefs.h */
| #define PACKAGE_NAME "spatialite-tools"
| #define PACKAGE_TARNAME "spatialite-tools"
| #define PACKAGE_VERSION "3.1.0b"
| #define PACKAGE_STRING "spatialite-tools 3.1.0b"
| #define PACKAGE_BUGREPORT "a.furieri@lqt.it"
| #define PACKAGE_URL ""
| #define PACKAGE "spatialite-tools"
| #define VERSION "3.1.0b"
| #define STDC_HEADERS 1
| #define HAVE_SYS_TYPES_H 1
| #define HAVE_SYS_STAT_H 1
| #define HAVE_STDLIB_H 1
| #define HAVE_STRING_H 1
| #define HAVE_MEMORY_H 1
| #define HAVE_STRINGS_H 1
| #define HAVE_INTTYPES_H 1
| #define HAVE_STDINT_H 1
| #define HAVE_UNISTD_H 1
| #define HAVE_STDLIB_H 1
| #define HAVE_STDIO_H 1
| #define HAVE_STRING_H 1
| #define HAVE_MEMORY_H 1
| #define HAVE_MATH_H 1
| #define HAVE_FLOAT_H 1
| #define HAVE_FCNTL_H 1
| #define HAVE_INTTYPES_H 1
| #define HAVE_STDDEF_H 1
| #define HAVE_STDINT_H 1
| #define HAVE_SYS_TIME_H 1
| #define HAVE_UNISTD_H 1
| #define HAVE_DLFCN_H 1
| #define LT_OBJDIR ".libs/"
| #define TIME_WITH_SYS_TIME 1
| #define LSTAT_FOLLOWS_SLASHED_SYMLINK 1
| #define LSTAT_FOLLOWS_SLASHED_SYMLINK 1
| #define HAVE_STRFTIME 1
| #define HAVE_MEMSET 1
| #define HAVE_STRCASECMP 1
| #define HAVE_STRERROR 1
| #define HAVE_STRNCASECMP 1
| #define HAVE_STRSTR 1
| #define HAVE_FDATASYNC 1
| #define HAVE_FTRUNCATE 1
| #define HAVE_GETCWD 1
| #define HAVE_GETTIMEOFDAY 1
| #define HAVE_LOCALTIME_R 1
| #define HAVE_MEMMOVE 1
| #define HAVE_STRERROR 1
| /* end confdefs.h.  */
| 
| /* Override any GCC internal prototype to avoid an error.
|    Use char because int might match the return type of a GCC
|    builtin and then its argument prototype would still apply.  */
| #ifdef __cplusplus
| extern "C"
| #endif
| char readline ();
| int
| main ()
| {
| return readline ();
|   ;
|   return 0;
| }
configure:17038: result: no
configure:17050: checking for readline
configure:17050: gcc -o conftest -I/usr/local/include -I/usr/local/include -L/usr/local/lib conftest.c  >&5
/tmp/ccSu8SN7.o: In function `main':
conftest.c:(.text+0xa): undefined reference to `readline'
collect2: error: ld returned 1 exit status
configure:17050: $? = 1
configure: failed program was:
| /* confdefs.h */
| #define PACKAGE_NAME "spatialite-tools"
| #define PACKAGE_TARNAME "spatialite-tools"
| #define PACKAGE_VERSION "3.1.0b"
| #define PACKAGE_STRING "spatialite-tools 3.1.0b"
| #define PACKAGE_BUGREPORT "a.furieri@lqt.it"
| #define PACKAGE_URL ""
| #define PACKAGE "spatialite-tools"
| #define VERSION "3.1.0b"
| #define STDC_HEADERS 1
| #define HAVE_SYS_TYPES_H 1
| #define HAVE_SYS_STAT_H 1
| #define HAVE_STDLIB_H 1
| #define HAVE_STRING_H 1
| #define HAVE_MEMORY_H 1
| #define HAVE_STRINGS_H 1
| #define HAVE_INTTYPES_H 1
| #define HAVE_STDINT_H 1
| #define HAVE_UNISTD_H 1
| #define HAVE_STDLIB_H 1
| #define HAVE_STDIO_H 1
| #define HAVE_STRING_H 1
| #define HAVE_MEMORY_H 1
| #define HAVE_MATH_H 1
| #define HAVE_FLOAT_H 1
| #define HAVE_FCNTL_H 1
| #define HAVE_INTTYPES_H 1
| #define HAVE_STDDEF_H 1
| #define HAVE_STDINT_H 1
| #define HAVE_SYS_TIME_H 1
| #define HAVE_UNISTD_H 1
| #define HAVE_DLFCN_H 1
| #define LT_OBJDIR ".libs/"
| #define TIME_WITH_SYS_TIME 1
| #define LSTAT_FOLLOWS_SLASHED_SYMLINK 1
| #define LSTAT_FOLLOWS_SLASHED_SYMLINK 1
| #define HAVE_STRFTIME 1
| #define HAVE_MEMSET 1
| #define HAVE_STRCASECMP 1
| #define HAVE_STRERROR 1
| #define HAVE_STRNCASECMP 1
| #define HAVE_STRSTR 1
| #define HAVE_FDATASYNC 1
| #define HAVE_FTRUNCATE 1
| #define HAVE_GETCWD 1
| #define HAVE_GETTIMEOFDAY 1
| #define HAVE_LOCALTIME_R 1
| #define HAVE_MEMMOVE 1
| #define HAVE_STRERROR 1
| /* end confdefs.h.  */
| /* Define readline to an innocuous variant, in case <limits.h> declares readline.
|    For example, HP-UX 11i <limits.h> declares gettimeofday.  */
| #define readline innocuous_readline
| 
| /* System header to define __stub macros and hopefully few prototypes,
|     which can conflict with char readline (); below.
|     Prefer <limits.h> to <assert.h> if __STDC__ is defined, since
|     <limits.h> exists even on freestanding compilers.  */
| 
| #ifdef __STDC__
| # include <limits.h>
| #else
| # include <assert.h>
| #endif
| 
| #undef readline
| 
| /* Override any GCC internal prototype to avoid an error.
|    Use char because int might match the return type of a GCC
|    builtin and then its argument prototype would still apply.  */
| #ifdef __cplusplus
| extern "C"
| #endif
| char readline ();
| /* The GNU C library defines this for functions which it implements
|     to always fail with ENOSYS.  Some functions are actually named
|     something starting with __ and the normal name is an alias.  */
| #if defined __stub_readline || defined __stub___readline
| choke me
| #endif
| 
| int
| main ()
| {
| return readline ();
|   ;
|   return 0;
| }
configure:17050: result: no
configure:17064: checking for XML_ParserCreate in -lexpat
configure:17089: gcc -o conftest -I/usr/local/include -I/usr/local/include -L/usr/local/lib conftest.c -lexpat  -lspatialite >&5
configure:17089: $? = 0
configure:17098: result: yes
configure:17111: checking for pj_init_plus in -lproj
configure:17136: gcc -o conftest -I/usr/local/include -I/usr/local/include -L/usr/local/lib conftest.c -lproj -lm -lexpat -lspatialite >&5
configure:17136: $? = 0
configure:17145: result: yes
configure:17174: checking for geos-config
configure:17192: found /usr/bin/geos-config
configure:17204: result: /usr/bin/geos-config
configure:17239: checking geos_c.h usability
configure:17239: gcc -c -I/usr/local/include -I/usr/include conftest.c >&5
configure:17239: $? = 0
configure:17239: result: yes
configure:17239: checking geos_c.h presence
configure:17239: gcc -E -I/usr/include conftest.c
configure:17239: $? = 0
configure:17239: result: yes
configure:17239: checking for geos_c.h
configure:17239: result: yes
configure:17255: checking for library containing GEOSTopologyPreserveSimplify
configure:17286: gcc -o conftest -I/usr/local/include -I/usr/local/include -L/usr/local/lib conftest.c -L/usr/lib64 >&5
/tmp/ccjh7xim.o: In function `main':
conftest.c:(.text+0xa): undefined reference to `GEOSTopologyPreserveSimplify'
collect2: error: ld returned 1 exit status
configure:17286: $? = 1
configure: failed program was:
| /* confdefs.h */
| #define PACKAGE_NAME "spatialite-tools"
| #define PACKAGE_TARNAME "spatialite-tools"
| #define PACKAGE_VERSION "3.1.0b"
| #define PACKAGE_STRING "spatialite-tools 3.1.0b"
| #define PACKAGE_BUGREPORT "a.furieri@lqt.it"
| #define PACKAGE_URL ""
| #define PACKAGE "spatialite-tools"
| #define VERSION "3.1.0b"
| #define STDC_HEADERS 1
| #define HAVE_SYS_TYPES_H 1
| #define HAVE_SYS_STAT_H 1
| #define HAVE_STDLIB_H 1
| #define HAVE_STRING_H 1
| #define HAVE_MEMORY_H 1
| #define HAVE_STRINGS_H 1
| #define HAVE_INTTYPES_H 1
| #define HAVE_STDINT_H 1
| #define HAVE_UNISTD_H 1
| #define HAVE_STDLIB_H 1
| #define HAVE_STDIO_H 1
| #define HAVE_STRING_H 1
| #define HAVE_MEMORY_H 1
| #define HAVE_MATH_H 1
| #define HAVE_FLOAT_H 1
| #define HAVE_FCNTL_H 1
| #define HAVE_INTTYPES_H 1
| #define HAVE_STDDEF_H 1
| #define HAVE_STDINT_H 1
| #define HAVE_SYS_TIME_H 1
| #define HAVE_UNISTD_H 1
| #define HAVE_DLFCN_H 1
| #define LT_OBJDIR ".libs/"
| #define TIME_WITH_SYS_TIME 1
| #define LSTAT_FOLLOWS_SLASHED_SYMLINK 1
| #define LSTAT_FOLLOWS_SLASHED_SYMLINK 1
| #define HAVE_STRFTIME 1
| #define HAVE_MEMSET 1
| #define HAVE_STRCASECMP 1
| #define HAVE_STRERROR 1
| #define HAVE_STRNCASECMP 1
| #define HAVE_STRSTR 1
| #define HAVE_FDATASYNC 1
| #define HAVE_FTRUNCATE 1
| #define HAVE_GETCWD 1
| #define HAVE_GETTIMEOFDAY 1
| #define HAVE_LOCALTIME_R 1
| #define HAVE_MEMMOVE 1
| #define HAVE_STRERROR 1
| #define HAVE_LIBEXPAT 1
| #define HAVE_LIBPROJ 1
| #define HAVE_GEOS_C_H 1
| /* end confdefs.h.  */
| 
| /* Override any GCC internal prototype to avoid an error.
|    Use char because int might match the return type of a GCC
|    builtin and then its argument prototype would still apply.  */
| #ifdef __cplusplus
| extern "C"
| #endif
| char GEOSTopologyPreserveSimplify ();
| int
| main ()
| {
| return GEOSTopologyPreserveSimplify ();
|   ;
|   return 0;
| }
configure:17286: gcc -o conftest -I/usr/local/include -I/usr/local/include -L/usr/local/lib conftest.c -lgeos_c  -L/usr/lib64 >&5
configure:17286: $? = 0
configure:17303: result: -lgeos_c
configure:17368: checking for pkg-config
configure:17386: found /usr/bin/pkg-config
configure:17398: result: /usr/bin/pkg-config
configure:17423: checking pkg-config is at least version 0.9.0
configure:17426: result: yes
configure:17436: checking for LIBSPATIALITE
configure:17443: $PKG_CONFIG --exists --print-errors "spatialite"
configure:17446: $? = 0
configure:17459: $PKG_CONFIG --exists --print-errors "spatialite"
configure:17462: $? = 0
configure:17499: result: yes
configure:17512: checking for LIBFREEXL
configure:17519: $PKG_CONFIG --exists --print-errors "freexl"
configure:17522: $? = 0
configure:17535: $PKG_CONFIG --exists --print-errors "freexl"
configure:17538: $? = 0
configure:17575: result: yes
configure:17582: checking for LIBREADOSM
configure:17589: $PKG_CONFIG --exists --print-errors "readosm"
configure:17592: $? = 0
configure:17605: $PKG_CONFIG --exists --print-errors "readosm"
configure:17608: $? = 0
configure:17645: result: yes
configure:17794: creating ./config.status

## ---------------------- ##
## Running config.status. ##
## ---------------------- ##

This file was extended by spatialite-tools config.status 3.1.0b, which was
generated by GNU Autoconf 2.68.  Invocation command line was

  CONFIG_FILES    = 
  CONFIG_HEADERS  = 
  CONFIG_LINKS    = 
  CONFIG_COMMANDS = 
  $ ./config.status 

on motorcycle

config.status:1201: creating Makefile
config.status:1201: creating config.h
config.status:1430: executing depfiles commands
config.status:1430: executing libtool commands

## ---------------- ##
## Cache variables. ##
## ---------------- ##

ac_cv_build=x86_64-unknown-linux-gnu
ac_cv_c_compiler_gnu=yes
ac_cv_c_const=yes
ac_cv_c_volatile=yes
ac_cv_cxx_compiler_gnu=yes
ac_cv_env_CCC_set=
ac_cv_env_CCC_value=
ac_cv_env_CC_set=
ac_cv_env_CC_value=
ac_cv_env_CFLAGS_set=set
ac_cv_env_CFLAGS_value=-I/usr/local/include
ac_cv_env_CPPFLAGS_set=set
ac_cv_env_CPPFLAGS_value=-I/usr/local/include
ac_cv_env_CPP_set=
ac_cv_env_CPP_value=
ac_cv_env_CXXCPP_set=
ac_cv_env_CXXCPP_value=
ac_cv_env_CXXFLAGS_set=
ac_cv_env_CXXFLAGS_value=
ac_cv_env_CXX_set=
ac_cv_env_CXX_value=
ac_cv_env_LDFLAGS_set=set
ac_cv_env_LDFLAGS_value=-L/usr/local/lib
ac_cv_env_LIBFREEXL_CFLAGS_set=
ac_cv_env_LIBFREEXL_CFLAGS_value=
ac_cv_env_LIBFREEXL_LIBS_set=
ac_cv_env_LIBFREEXL_LIBS_value=
ac_cv_env_LIBREADOSM_CFLAGS_set=
ac_cv_env_LIBREADOSM_CFLAGS_value=
ac_cv_env_LIBREADOSM_LIBS_set=
ac_cv_env_LIBREADOSM_LIBS_value=
ac_cv_env_LIBSPATIALITE_CFLAGS_set=
ac_cv_env_LIBSPATIALITE_CFLAGS_value=
ac_cv_env_LIBSPATIALITE_LIBS_set=
ac_cv_env_LIBSPATIALITE_LIBS_value=
ac_cv_env_LIBS_set=set
ac_cv_env_LIBS_value=-lspatialite
ac_cv_env_PKG_CONFIG_LIBDIR_set=
ac_cv_env_PKG_CONFIG_LIBDIR_value=
ac_cv_env_PKG_CONFIG_PATH_set=set
ac_cv_env_PKG_CONFIG_PATH_value=/usr/local/lib/pkgconfig
ac_cv_env_PKG_CONFIG_set=
ac_cv_env_PKG_CONFIG_value=
ac_cv_env_build_alias_set=
ac_cv_env_build_alias_value=
ac_cv_env_host_alias_set=
ac_cv_env_host_alias_value=
ac_cv_env_target_alias_set=
ac_cv_env_target_alias_value=
ac_cv_func_fdatasync=yes
ac_cv_func_ftruncate=yes
ac_cv_func_getcwd=yes
ac_cv_func_gettimeofday=yes
ac_cv_func_localtime_r=yes
ac_cv_func_lstat_dereferences_slashed_symlink=yes
ac_cv_func_lstat_empty_string_bug=no
ac_cv_func_memcmp_working=yes
ac_cv_func_memmove=yes
ac_cv_func_memset=yes
ac_cv_func_readline=no
ac_cv_func_sqrt=no
ac_cv_func_stat_empty_string_bug=no
ac_cv_func_strcasecmp=yes
ac_cv_func_strerror=yes
ac_cv_func_strftime=yes
ac_cv_func_strncasecmp=yes
ac_cv_func_strstr=yes
ac_cv_header_dlfcn_h=yes
ac_cv_header_fcntl_h=yes
ac_cv_header_float_h=yes
ac_cv_header_geos_c_h=yes
ac_cv_header_inttypes_h=yes
ac_cv_header_math_h=yes
ac_cv_header_memory_h=yes
ac_cv_header_stdc=yes
ac_cv_header_stddef_h=yes
ac_cv_header_stdint_h=yes
ac_cv_header_stdio_h=yes
ac_cv_header_stdlib_h=yes
ac_cv_header_string_h=yes
ac_cv_header_strings_h=yes
ac_cv_header_sys_stat_h=yes
ac_cv_header_sys_time_h=yes
ac_cv_header_sys_types_h=yes
ac_cv_header_time=yes
ac_cv_header_unistd_h=yes
ac_cv_host=x86_64-unknown-linux-gnu
ac_cv_lib_expat_XML_ParserCreate=yes
ac_cv_lib_proj_pj_init_plus=yes
ac_cv_objext=o
ac_cv_path_EGREP='/usr/bin/grep -E'
ac_cv_path_FGREP='/usr/bin/grep -F'
ac_cv_path_GEOSCONFIG=/usr/bin/geos-config
ac_cv_path_GREP=/usr/bin/grep
ac_cv_path_SED=/usr/bin/sed
ac_cv_path_ac_pt_PKG_CONFIG=/usr/bin/pkg-config
ac_cv_path_install='/usr/bin/install -c'
ac_cv_path_mkdir=/usr/bin/mkdir
ac_cv_prog_AWK=gawk
ac_cv_prog_CPP='gcc -E'
ac_cv_prog_CXXCPP='g++ -E'
ac_cv_prog_ac_ct_AR=ar
ac_cv_prog_ac_ct_CC=gcc
ac_cv_prog_ac_ct_CXX=g++
ac_cv_prog_ac_ct_DLLTOOL=dlltool
ac_cv_prog_ac_ct_OBJDUMP=objdump
ac_cv_prog_ac_ct_RANLIB=ranlib
ac_cv_prog_ac_ct_STRIP=strip
ac_cv_prog_cc_c89=
ac_cv_prog_cc_g=yes
ac_cv_prog_cxx_g=yes
ac_cv_prog_make_make_set=yes
ac_cv_search_GEOSTopologyPreserveSimplify=-lgeos_c
ac_cv_search_readline=no
ac_cv_search_tgetent=no
ac_cv_struct_tm=time.h
ac_cv_type_off_t=yes
ac_cv_type_size_t=yes
am_cv_CC_dependencies_compiler_type=gcc3
am_cv_CXX_dependencies_compiler_type=gcc3
lt_cv_ar_at_file=@
lt_cv_archive_cmds_need_lc=no
lt_cv_deplibs_check_method=pass_all
lt_cv_file_magic_cmd='$MAGIC_CMD'
lt_cv_file_magic_test_file=
lt_cv_ld_reload_flag=-r
lt_cv_nm_interface='BSD nm'
lt_cv_objdir=.libs
lt_cv_path_LD=/usr/bin/ld
lt_cv_path_LDCXX='/usr/bin/ld -m elf_x86_64'
lt_cv_path_NM='/usr/bin/nm -B'
lt_cv_path_mainfest_tool=no
lt_cv_prog_compiler_c_o=yes
lt_cv_prog_compiler_c_o_CXX=yes
lt_cv_prog_compiler_pic='-fPIC -DPIC'
lt_cv_prog_compiler_pic_CXX='-fPIC -DPIC'
lt_cv_prog_compiler_pic_works=yes
lt_cv_prog_compiler_pic_works_CXX=yes
lt_cv_prog_compiler_rtti_exceptions=no
lt_cv_prog_compiler_static_works=no
lt_cv_prog_compiler_static_works_CXX=no
lt_cv_prog_gnu_ld=yes
lt_cv_prog_gnu_ldcxx=yes
lt_cv_sharedlib_from_linklib_cmd='printf %s\n'
lt_cv_shlibpath_overrides_runpath=no
lt_cv_sys_global_symbol_pipe='sed -n -e '\''s/^.*[	 ]\([ABCDGIRSTW][ABCDGIRSTW]*\)[	 ][	 ]*\([_A-Za-z][_A-Za-z0-9]*\)$/\1 \2 \2/p'\'' | sed '\''/ __gnu_lto/d'\'''
lt_cv_sys_global_symbol_to_c_name_address='sed -n -e '\''s/^: \([^ ]*\)[ ]*$/  {\"\1\", (void *) 0},/p'\'' -e '\''s/^[ABCDGIRSTW]* \([^ ]*\) \([^ ]*\)$/  {"\2", (void *) \&\2},/p'\'''
lt_cv_sys_global_symbol_to_c_name_address_lib_prefix='sed -n -e '\''s/^: \([^ ]*\)[ ]*$/  {\"\1\", (void *) 0},/p'\'' -e '\''s/^[ABCDGIRSTW]* \([^ ]*\) \(lib[^ ]*\)$/  {"\2", (void *) \&\2},/p'\'' -e '\''s/^[ABCDGIRSTW]* \([^ ]*\) \([^ ]*\)$/  {"lib\2", (void *) \&\2},/p'\'''
lt_cv_sys_global_symbol_to_cdecl='sed -n -e '\''s/^T .* \(.*\)$/extern int \1();/p'\'' -e '\''s/^[ABCDGIRSTW]* .* \(.*\)$/extern char \1;/p'\'''
lt_cv_sys_max_cmd_len=1572864
lt_cv_to_host_file_cmd=func_convert_file_noop
lt_cv_to_tool_file_cmd=func_convert_file_noop
pkg_cv_LIBFREEXL_CFLAGS=' '
pkg_cv_LIBFREEXL_LIBS='-lfreexl -lm  '
pkg_cv_LIBREADOSM_CFLAGS=' '
pkg_cv_LIBREADOSM_LIBS='-lreadosm -lz -lexpat  '
pkg_cv_LIBSPATIALITE_CFLAGS='-DSPATIALITE_AMALGAMATION=1 -I/usr/local/include  '
pkg_cv_LIBSPATIALITE_LIBS='-L/usr/local/lib -lspatialite -lm  '

## ----------------- ##
## Output variables. ##
## ----------------- ##

ACLOCAL='${SHELL} /home/michael/www/ilc-app/lib/spatialite-tools-3.1.0b/missing --run aclocal-1.11'
AMDEPBACKSLASH='\'
AMDEP_FALSE='#'
AMDEP_TRUE=''
AMTAR='${SHELL} /home/michael/www/ilc-app/lib/spatialite-tools-3.1.0b/missing --run tar'
AR='ar'
AS='as'
AUTOCONF='${SHELL} /home/michael/www/ilc-app/lib/spatialite-tools-3.1.0b/missing --run autoconf'
AUTOHEADER='${SHELL} /home/michael/www/ilc-app/lib/spatialite-tools-3.1.0b/missing --run autoheader'
AUTOMAKE='${SHELL} /home/michael/www/ilc-app/lib/spatialite-tools-3.1.0b/missing --run automake-1.11'
AWK='gawk'
CC='gcc'
CCDEPMODE='depmode=gcc3'
CFLAGS='-I/usr/local/include'
CPP='gcc -E'
CPPFLAGS='-I/usr/local/include'
CXX='g++'
CXXCPP='g++ -E'
CXXDEPMODE='depmode=gcc3'
CXXFLAGS='-g -O2'
CYGPATH_W='echo'
DEFS='-DHAVE_CONFIG_H'
DEPDIR='.deps'
DLLTOOL='dlltool'
DSYMUTIL=''
DUMPBIN=''
ECHO_C=''
ECHO_N='-n'
ECHO_T=''
EGREP='/usr/bin/grep -E'
EXEEXT=''
FGREP='/usr/bin/grep -F'
GEOSCONFIG='/usr/bin/geos-config'
GEOS_CPPFLAGS='-I/usr/include'
GEOS_LDFLAGS='-L/usr/lib64'
GREP='/usr/bin/grep'
INSTALL_DATA='${INSTALL} -m 644'
INSTALL_PROGRAM='${INSTALL}'
INSTALL_SCRIPT='${INSTALL}'
INSTALL_STRIP_PROGRAM='$(install_sh) -c -s'
LD='/usr/bin/ld -m elf_x86_64'
LDFLAGS='-L/usr/local/lib'
LIBFREEXL_CFLAGS=' '
LIBFREEXL_LIBS='-lfreexl -lm  '
LIBOBJS=''
LIBREADOSM_CFLAGS=' '
LIBREADOSM_LIBS='-lreadosm -lz -lexpat  '
LIBS='-lproj -lexpat -lspatialite'
LIBSPATIALITE_CFLAGS='-DSPATIALITE_AMALGAMATION=1 -I/usr/local/include  '
LIBSPATIALITE_LIBS='-L/usr/local/lib -lspatialite -lm  '
LIBTOOL='$(SHELL) $(top_builddir)/libtool'
LIPO=''
LN_S='ln -s'
LTLIBOBJS=''
MAINT='#'
MAINTAINER_MODE_FALSE=''
MAINTAINER_MODE_TRUE='#'
MAKEINFO='${SHELL} /home/michael/www/ilc-app/lib/spatialite-tools-3.1.0b/missing --run makeinfo'
MANIFEST_TOOL=':'
MKDIR_P='/usr/bin/mkdir -p'
NM='/usr/bin/nm -B'
NMEDIT=''
OBJDUMP='objdump'
OBJEXT='o'
OTOOL64=''
OTOOL=''
PACKAGE='spatialite-tools'
PACKAGE_BUGREPORT='a.furieri@lqt.it'
PACKAGE_NAME='spatialite-tools'
PACKAGE_STRING='spatialite-tools 3.1.0b'
PACKAGE_TARNAME='spatialite-tools'
PACKAGE_URL=''
PACKAGE_VERSION='3.1.0b'
PATH_SEPARATOR=':'
PKG_CONFIG='/usr/bin/pkg-config'
PKG_CONFIG_LIBDIR=''
PKG_CONFIG_PATH='/usr/local/lib/pkgconfig'
RANLIB='ranlib'
READLINE_LIBS=''
SED='/usr/bin/sed'
SET_MAKE=''
SHELL='/bin/sh'
STRIP='strip'
VERSION='3.1.0b'
ac_ct_AR='ar'
ac_ct_CC='gcc'
ac_ct_CXX='g++'
ac_ct_DUMPBIN=''
am__EXEEXT_FALSE=''
am__EXEEXT_TRUE='#'
am__fastdepCC_FALSE='#'
am__fastdepCC_TRUE=''
am__fastdepCXX_FALSE='#'
am__fastdepCXX_TRUE=''
am__include='include'
am__isrc=''
am__leading_dot='.'
am__quote=''
am__tar='${AMTAR} chof - "$$tardir"'
am__untar='${AMTAR} xf -'
bindir='${exec_prefix}/bin'
build='x86_64-unknown-linux-gnu'
build_alias=''
build_cpu='x86_64'
build_os='linux-gnu'
build_vendor='unknown'
datadir='${datarootdir}'
datarootdir='${prefix}/share'
docdir='${datarootdir}/doc/${PACKAGE_TARNAME}'
dvidir='${docdir}'
exec_prefix='${prefix}'
host='x86_64-unknown-linux-gnu'
host_alias=''
host_cpu='x86_64'
host_os='linux-gnu'
host_vendor='unknown'
htmldir='${docdir}'
includedir='${prefix}/include'
infodir='${datarootdir}/info'
install_sh='${SHELL} /home/michael/www/ilc-app/lib/spatialite-tools-3.1.0b/install-sh'
libdir='${exec_prefix}/lib'
libexecdir='${exec_prefix}/libexec'
localedir='${datarootdir}/locale'
localstatedir='${prefix}/var'
mandir='${datarootdir}/man'
mkdir_p='/usr/bin/mkdir -p'
oldincludedir='/usr/include'
pdfdir='${docdir}'
prefix='/usr/local'
program_transform_name='s,x,x,'
psdir='${docdir}'
sbindir='${exec_prefix}/sbin'
sharedstatedir='${prefix}/com'
sysconfdir='${prefix}/etc'
target_alias=''

## ----------- ##
## confdefs.h. ##
## ----------- ##

/* confdefs.h */
#define PACKAGE_NAME "spatialite-tools"
#define PACKAGE_TARNAME "spatialite-tools"
#define PACKAGE_VERSION "3.1.0b"
#define PACKAGE_STRING "spatialite-tools 3.1.0b"
#define PACKAGE_BUGREPORT "a.furieri@lqt.it"
#define PACKAGE_URL ""
#define PACKAGE "spatialite-tools"
#define VERSION "3.1.0b"
#define STDC_HEADERS 1
#define HAVE_SYS_TYPES_H 1
#define HAVE_SYS_STAT_H 1
#define HAVE_STDLIB_H 1
#define HAVE_STRING_H 1
#define HAVE_MEMORY_H 1
#define HAVE_STRINGS_H 1
#define HAVE_INTTYPES_H 1
#define HAVE_STDINT_H 1
#define HAVE_UNISTD_H 1
#define HAVE_STDLIB_H 1
#define HAVE_STDIO_H 1
#define HAVE_STRING_H 1
#define HAVE_MEMORY_H 1
#define HAVE_MATH_H 1
#define HAVE_FLOAT_H 1
#define HAVE_FCNTL_H 1
#define HAVE_INTTYPES_H 1
#define HAVE_STDDEF_H 1
#define HAVE_STDINT_H 1
#define HAVE_SYS_TIME_H 1
#define HAVE_UNISTD_H 1
#define HAVE_DLFCN_H 1
#define LT_OBJDIR ".libs/"
#define TIME_WITH_SYS_TIME 1
#define LSTAT_FOLLOWS_SLASHED_SYMLINK 1
#define LSTAT_FOLLOWS_SLASHED_SYMLINK 1
#define HAVE_STRFTIME 1
#define HAVE_MEMSET 1
#define HAVE_STRCASECMP 1
#define HAVE_STRERROR 1
#define HAVE_STRNCASECMP 1
#define HAVE_STRSTR 1
#define HAVE_FDATASYNC 1
#define HAVE_FTRUNCATE 1
#define HAVE_GETCWD 1
#define HAVE_GETTIMEOFDAY 1
#define HAVE_LOCALTIME_R 1
#define HAVE_MEMMOVE 1
#define HAVE_STRERROR 1
#define HAVE_LIBEXPAT 1
#define HAVE_LIBPROJ 1
#define HAVE_GEOS_C_H 1
#define SPATIALITE_AMALGAMATION 1

configure: exit 0
